[1m============================= test session starts ==============================[0m
platform darwin -- Python 3.11.7, pytest-8.2.2, pluggy-1.6.0
rootdir: /Users/srujansai/Desktop/NRG
configfile: pytest.ini
plugins: hypothesis-6.100.1, cov-7.1.0, Faker-22.6.0, xdist-3.8.0, rerunfailures-14.0, langsmith-0.7.32, asyncio-1.3.0, anyio-4.13.0
asyncio: mode=Mode.AUTO, debug=False, asyncio_default_fixture_loop_scope=None, asyncio_default_test_loop_scope=function
collected 20 items

tests/api/test_health_endpoints.py [32m.[0m[32m.[0m[33m                                    [ 10%][0m
tests/db/test_d4_partition_audit_events_migration.py [32m.[0m[32m.[0m[32m.[0m[32m.[0m[33m                [ 30%][0m
tests/scripts/test_batch4_data_sql_schema_audit.py [32m.[0m[32m.[0m[32m.[0m[32m.[0m[33m                  [ 50%][0m
tests/scripts/test_scan_env_history_secrets.py [32m.[0m[32m.[0m[32m.[0m[32m.[0m[32m.[0m[32m.[0m[33m                    [ 80%][0m
tests/scripts/test_pydantic_migration_guard.py [32m.[0m[32m.[0m[32m.[0m[32m.[0m[33m                      [100%][0m

[33m=============================== warnings summary ===============================[0m
tests/api/test_health_endpoints.py::test_qdrant_health_endpoint_reports_readiness
tests/api/test_health_endpoints.py::test_qdrant_health_endpoint_accepts_alias_collection
  /Users/srujansai/Desktop/NRG/.venv/lib/python3.11/site-packages/fastapi/routing.py:120: FastAPIDeprecationWarning: ORJSONResponse is deprecated, FastAPI now serializes data directly to JSON bytes via Pydantic when a return type or response model is set, which is faster and doesn't need a custom response class. Read more in the FastAPI docs: https://fastapi.tiangolo.com/advanced/custom-response/#orjson-or-response-model and https://fastapi.tiangolo.com/tutorial/response-model/
    response = await f(request)

-- Docs: https://docs.pytest.org/en/stable/how-to/capture-warnings.html
[33m======================== [32m20 passed[0m, [33m[1m2 warnings[0m[33m in 1.30s[0m[33m ========================[0m
