<?xml version="1.0" encoding="utf-8"?><testsuites><testsuite name="pytest" errors="0" failures="0" skipped="0" tests="36" time="0.845" timestamp="2026-05-02T13:58:14.655088" hostname="MacBook-Air.local"><testcase classname="tests.api.test_tier_isolation_live.TestTierIsolationLive" name="test_tier1_researcher_sees_full_response" time="0.068" /><testcase classname="tests.api.test_tier_isolation_live.TestTierIsolationLive" name="test_tier2_government_no_pii" time="0.032" /><testcase classname="tests.api.test_tier_isolation_live.TestTierIsolationLive" name="test_tier3_industry_limited_scope" time="0.034" /><testcase classname="tests.api.test_tier_isolation_live.TestTierIsolationLive" name="test_tier1_vs_tier2_response_differs" time="0.006" /><testcase classname="tests.api.test_tier_isolation_live.TestTierIsolationLive" name="test_tier2_vs_tier3_response_differs" time="0.005" /><testcase classname="tests.api.test_tier_isolation_live.TestTierIsolationLive" name="test_injected_pii_columns_stripped" time="0.006" /><testcase classname="tests.security.test_red_team_v41" name="test_rt01_sql_injection_gensql" time="0.022" /><testcase classname="tests.security.test_red_team_v41" name="test_rt02_sql_insert_via_query_logger" time="0.021" /><testcase classname="tests.security.test_red_team_v41" name="test_rt03_sql_stacked_statement" time="0.021" /><testcase classname="tests.security.test_red_team_v41" name="test_rt04_researcher_escalates_to_gov" time="0.091" /><testcase classname="tests.security.test_red_team_v41" name="test_rt05_researcher_escalates_to_industry" time="0.029" /><testcase classname="tests.security.test_red_team_v41" name="test_rt06_gov_token_downgraded" time="0.022" /><testcase classname="tests.security.test_red_team_v41" name="test_rt07_jwt_key_confusion" time="0.014" /><testcase classname="tests.security.test_red_team_v41" name="test_rt08_jwt_alg_none" time="0.002" /><testcase classname="tests.security.test_red_team_v41" name="test_rt09_jwt_expired_token" time="0.002" /><testcase classname="tests.security.test_red_team_v41" name="test_rt10_audit_chain_modified_event" time="0.003" /><testcase classname="tests.security.test_red_team_v41" name="test_rt11_append_fake_event_without_hmac" time="0.001" /><testcase classname="tests.security.test_red_team_v41" name="test_rt12_replay_old_event" time="0.001" /><testcase classname="tests.security.test_red_team_v41" name="test_rt13_pii_from_rag_context" time="0.024" /><testcase classname="tests.security.test_red_team_v41" name="test_rt14_pii_from_sql_rows" time="0.023" /><testcase classname="tests.security.test_red_team_v41" name="test_rt15_aggregated_data_contains_pii" time="0.022" /><testcase classname="tests.security.test_red_team_v41" name="test_rt16_embedding_inversion" time="0.019" /><testcase classname="tests.security.test_red_team_v41" name="test_rt17_membership_inference" time="0.019" /><testcase classname="tests.security.test_red_team_v41" name="test_rt18_user_query_instruction_override" time="0.019" /><testcase classname="tests.security.test_red_team_v41" name="test_rt19_rag_context_instruction_override" time="0.019" /><testcase classname="tests.security.test_red_team_v41" name="test_rt20_requirements_modification" time="0.023" /><testcase classname="tests.security.test_red_team_v41" name="test_rt21_dependency_confusion" time="0.019" /><testcase classname="tests.security.test_red_team_v41" name="test_rt22_dns_tunnel_attempt" time="0.020" /><testcase classname="tests.security.test_red_team_v41" name="test_rt23_https_beacon_unknown_domain" time="0.020" /><testcase classname="tests.security.test_red_team_v41" name="test_rt24_websocket_external_host" time="0.019" /><testcase classname="tests.security.test_red_team_v41" name="test_rt25_dns_txt_exfiltration" time="0.020" /><testcase classname="tests.security.test_red_team_v41" name="test_rt26_smtp_outbound" time="0.020" /><testcase classname="tests.security.test_red_team_v41" name="test_rt27_icmp_tunnel" time="0.019" /><testcase classname="tests.security.test_red_team_v41" name="test_rt28_s3_presigned_url" time="0.019" /><testcase classname="tests.security.test_red_team_v41" name="test_rt29_cloudwatch_logs_put" time="0.019" /><testcase classname="tests.security.test_red_team_v41" name="test_rt30_lambda_invoke_external" time="0.019" /></testsuite></testsuites>