<?xml version="1.0" encoding="utf-8"?><testsuites><testsuite name="pytest" errors="0" failures="11" skipped="92" tests="1656" time="186.953" timestamp="2026-04-27T17:28:46.012285" hostname="MacBook-Air.local"><testcase classname="tests.api.test_health_endpoints" name="test_root_health_uses_canonical_database" time="1.619" /><testcase classname="tests.api.test_auth_api" name="test_researchers_endpoint_pagination" time="2.868" /><testcase classname="tests.api.test_auth_api" name="test_publications_endpoint_pagination" time="2.919" /><testcase classname="tests.api.test_auth_api" name="test_researchers_endpoint_applies_role_based_filtering" time="3.544" /><testcase classname="tests.api.test_health_endpoints" name="test_qdrant_health_endpoint_reports_readiness" time="1.760" /><testcase classname="tests.api.test_health_endpoints" name="test_db_health_endpoint_uses_canonical_database" time="2.445" /><testcase classname="tests.api.test_auth_api" name="test_login_returns_access_and_refresh_tokens" time="2.648" /><testcase classname="tests.api.test_auth_api" name="test_refresh_and_logout_revoke_tokens" time="3.059" /><testcase classname="tests.api.test_k_anonymity_response_boundary" name="test_tier1_small_individual_cohort_is_not_blocked" time="0.017" /><testcase classname="tests.api.test_langgraph_api" name="test_query_endpoint_passes_session_id_to_workflow" time="1.054" /><testcase classname="tests.api.test_langgraph_api" name="test_query_endpoint_accepts_question_alias" time="1.042" /><testcase classname="tests.api.test_k_anonymity_response_boundary" name="test_lower_tier_aggregate_rows_without_person_identifier_are_not_blocked" time="0.003" /><testcase classname="tests.api.test_langgraph_api" name="test_fast_query_release_seed_fallback_covers_audit_walkthrough" time="0.101" /><testcase classname="tests.api.test_langgraph_api" name="test_cost_per_patent_critical_query_uses_bounded_sql_path" time="0.010" /><testcase classname="tests.api.test_langgraph_api" name="test_academic_follow_up_uses_carried_sql_domain" time="0.006" /><testcase classname="tests.api.test_langgraph_api" name="test_advanced_adversarial_patterns_return_sql_metadata" time="0.004" /><testcase classname="tests.api.test_langgraph_api" name="test_release_seed_graph_covers_hydrogen_visualization" time="0.005" /><testcase classname="tests.api.test_health_endpoints.TestAPIMemoryCache" name="test_cache_get_set" time="0.002" /><testcase classname="tests.api.test_langgraph_api" name="test_query_rate_limited_validation_does_not_append_anomaly" time="0.716" /><testcase classname="tests.api.test_metrics_fast_path" name="test_api_metrics_uses_cached_audit_health" time="1.118" /><testcase classname="tests.api.test_health_endpoints.TestAPIMemoryCache" name="test_cache_invalidate_all" time="0.002" /><testcase classname="tests.api.test_k_anonymity_response_boundary" name="test_lower_tier_small_individual_cohort_is_blocked" time="0.015" /><testcase classname="tests.api.test_langgraph_api" name="test_fast_topic_matches_renewable_publication_control_query" time="0.002" /><testcase classname="tests.api.test_langgraph_api" name="test_fast_topic_explicit_follow_up_overrides_previous_context" time="0.002" /><testcase classname="tests.api.test_health_endpoints.TestAPIMemoryCache" name="test_cache_expires" time="0.057" /><testcase classname="tests.api.test_new_endpoints.TestPatentsEndpoint" name="test_list_patents" time="0.661" /><testcase classname="tests.api.test_new_endpoints.TestProjectsEndpoint" name="test_filter_by_status" time="0.804" /><testcase classname="tests.api.test_new_endpoints.TestCollaborationsEndpoint" name="test_filter_by_country" time="0.602" /><testcase classname="tests.api.test_new_endpoints.TestLabsEndpoint" name="test_list_labs" time="0.553" /><testcase classname="tests.api.test_lifespan_startup" name="test_lifespan_can_skip_embedder_warmup" time="0.013" /><testcase classname="tests.api.test_new_endpoints.TestAuthRequired" name="test_endpoints_reject_without_auth" time="0.297" /><testcase classname="tests.api.test_new_endpoints.TestResearchDocumentsEndpoint" name="test_list_docs" time="0.752" /><testcase classname="tests.api.test_health_endpoints.TestAPIMemoryCache" name="test_cache_invalidate_prefix" time="0.004" /><testcase classname="tests.api.test_query_security_validation" name="test_sql_injection_blocked_before_workflow[Show all researchers; DROP TABLE researchers]" time="0.317" /><testcase classname="tests.api.test_new_endpoints.TestLabsEndpoint" name="test_filter_by_state" time="0.065" /><testcase classname="tests.api.test_new_endpoints.TestCollaborationsEndpoint" name="test_list_collaborations" time="0.063" /><testcase classname="tests.api.test_new_endpoints.TestFundingEndpoint" name="test_list_funding" time="0.046" /><testcase classname="tests.api.test_query_security_validation" name="test_query_graph_get_rejects_xss_with_400" time="0.266" /><testcase classname="tests.api.test_query_security_validation" name="test_query_graph_post_rejects_schema_probe_body" time="0.422" /><testcase classname="tests.api.test_new_endpoints.TestProjectsEndpoint" name="test_filter_by_research_area" time="0.160" /><testcase classname="tests.api.test_researchers_endpoint_limits" name="test_researchers_endpoint_caps_bulk_limit" time="0.353" /><testcase classname="tests.api.test_query_security_validation" name="test_sql_injection_blocked_before_workflow[../../etc/passwd]" time="0.216" /><testcase classname="tests.api.test_query_security_validation" name="test_length_bomb_blocked_before_workflow" time="0.317" /><testcase classname="tests.api.test_new_endpoints.TestResearchDocumentsEndpoint" name="test_filter_by_year" time="0.049" /><testcase classname="tests.audit.test_audit_singleton_reset" name="test_class_reset_invalidates_module_getter_instance" time="0.044" /><testcase classname="tests.audit.test_audit_singleton_reset" name="test_chain_key_continuity_uses_environment_key" time="0.003" /><testcase classname="tests.audit.test_chain_integrity.TestAuditChainIntegrity" name="test_tamper_detection" time="0.027" /><testcase classname="tests.audit.test_chain_integrity.TestAuditChainIntegrity" name="test_key_rotation" time="0.188" /><testcase classname="tests.api.test_tier_isolation_property" name="test_policy_declares_required_response_boundary_fields" time="0.005" /><testcase classname="tests.audit.test_chain_integrity.TestAuditChainIntegrity" name="test_chain_health" time="0.055" /><testcase classname="tests.audit.test_chain_integrity.TestAuditChainIntegrity" name="test_merkle_root_persistence" time="0.034" /><testcase classname="tests.audit.test_chain_integrity.TestAuditChainIntegrity" name="test_tamper_alert_logging" time="0.010" /><testcase classname="tests.audit.test_chain_integrity.TestAuditChainIntegrity" name="test_rebuild_produces_valid_chain" time="0.247" /><testcase classname="tests.audit.test_chain_integrity.TestAuditChainRebuildScript" name="test_rebuild_script_check_mode" time="0.109" /><testcase classname="tests.api.test_new_endpoints.TestProjectsEndpoint" name="test_list_projects" time="0.860" /><testcase classname="tests.audit.test_db_cosign.TestComputeDbCosignHmac" name="test_returns_hex_string" time="0.004" /><testcase classname="tests.audit.test_db_cosign.TestComputeDbCosignHmac" name="test_same_inputs_produce_same_output" time="0.005" /><testcase classname="tests.api.test_tier_isolation_live.TestTierIsolationLive" name="test_tier3_industry_limited_scope" time="1.141" /><testcase classname="tests.audit.test_db_cosign.TestComputeDbCosignHmac" name="test_different_secret_produces_different_hmac" time="0.003" /><testcase classname="tests.audit.test_db_cosign.TestComputeDbCosignHmac" name="test_raises_when_secret_missing" time="0.036" /><testcase classname="tests.audit.test_chain_integrity.TestAuditChainRebuildScript" name="test_rebuild_script_rebuild_mode" time="0.024" /><testcase classname="tests.audit.test_db_cosign.TestComputeDbCosignHmac" name="test_uses_env_secret_when_db_secret_is_none" time="0.005" /><testcase classname="tests.audit.test_db_cosign.TestBuildDbCosignMessage" name="test_format_matches_trigger_sql" time="0.002" /><testcase classname="tests.audit.test_db_cosign.TestBuildDbCosignMessage" name="test_truncates_per_user_binding_to_16_chars" time="0.002" /><testcase classname="tests.audit.test_db_cosign.TestBuildDbCosignMessage" name="test_empty_per_user_binding_handled" time="0.005" /><testcase classname="tests.audit.test_db_cosign.TestBuildDbCosignMessage" name="test_none_per_user_binding_treated_as_empty" time="0.004" /><testcase classname="tests.audit.test_db_cosign.TestVerifyDbCosign" name="test_verify_returns_true_when_valid" time="0.004" /><testcase classname="tests.audit.test_db_cosign.TestVerifyDbCosign" name="test_verify_reports_disabled_without_postgres_url" time="0.003" /><testcase classname="tests.api.test_tier_response_filtering" name="test_query_industry_response_strips_pii_and_debug_fields" time="0.616" /><testcase classname="tests.audit.test_db_cosign.TestVerifyDbCosign" name="test_verify_detects_missing_signature" time="0.005" /><testcase classname="tests.audit.test_db_cosign.TestCosignEvent" name="test_cosign_event_returns_none_without_postgres" time="0.066" /><testcase classname="tests.audit.test_db_cosign.TestVerifyDbCosign" name="test_verify_returns_false_when_tampered" time="0.029" /><testcase classname="tests.audit.test_db_cosign.TestAuditCosignScheduling" name="test_append_skips_db_cosign_worker_when_database_is_not_postgres" time="0.013" /><testcase classname="tests.api.test_tier_isolation_live.TestTierIsolationLive" name="test_tier1_researcher_sees_full_response" time="1.482"><failure message="AssertionError: assert 'security violation' in 'unable to open database file'&#10; +  where 'unable to open database file' = &lt;built-in method lower of str object at 0x129f37a50&gt;()&#10; +    where &lt;built-in method lower of str object at 0x129f37a50&gt; = 'unable to open database file'.lower&#10; +      where 'unable to open database file' = &lt;built-in method get of dict object at 0x12a0f7980&gt;('response', '')&#10; +        where &lt;built-in method get of dict object at 0x12a0f7980&gt; = {'http_status': 500, 'response': 'unable to open database file', 'status': 'blocked', 'warnings': ['unable to open database file']}.get">tests/api/test_tier_isolation_live.py:113: in test_tier1_researcher_sees_full_response
    assert "security violation" in result.get("response", "").lower()
E   AssertionError: assert 'security violation' in 'unable to open database file'
E    +  where 'unable to open database file' = &lt;built-in method lower of str object at 0x129f37a50&gt;()
E    +    where &lt;built-in method lower of str object at 0x129f37a50&gt; = 'unable to open database file'.lower
E    +      where 'unable to open database file' = &lt;built-in method get of dict object at 0x12a0f7980&gt;('response', '')
E    +        where &lt;built-in method get of dict object at 0x12a0f7980&gt; = {'http_status': 500, 'response': 'unable to open database file', 'status': 'blocked', 'warnings': ['unable to open database file']}.get</failure></testcase><testcase classname="tests.api.test_tier_isolation_live.TestTierIsolationLive" name="test_tier2_government_no_pii" time="1.363" /><testcase classname="tests.api.test_tier_isolation_live.TestTierIsolationLive" name="test_tier2_vs_tier3_response_differs" time="2.413" /><testcase classname="tests.audit.test_db_cosign.TestAuditCosignScheduling" name="test_should_db_cosign_requires_postgres_and_secret" time="0.004" /><testcase classname="tests.api.test_tier_isolation_live.TestTierIsolationLive" name="test_tier1_vs_tier2_response_differs" time="2.072" /><testcase classname="tests.auth.test_jwt_handler" name="test_logout_revokes_refresh_token_in_store" time="0.045" /><testcase classname="tests.benchmarks.test_dhairya_adversarial.TestDhairyaFailurePatterns" name="test_pattern_1_incorrect_aggregation_uses_group_by" time="0.959"><skipped type="pytest.skip" message="Query failed: 400 — {&quot;detail&quot;:&quot;Security violation: RATE_LIMITED&quot;}">/Users/srujansai/Desktop/NRG/tests/benchmarks/test_dhairya_adversarial.py:54: Query failed: 400 — {"detail":"Security violation: RATE_LIMITED"}</skipped></testcase><testcase classname="tests.audit.test_chain_integrity.TestAuditChainIntegrity" name="test_serialization_versioning" time="0.111" /><testcase classname="tests.benchmarks.test_dhairya_adversarial.TestDhairyaFailurePatterns" name="test_pattern_3_domain_persistence" time="0.853"><skipped type="pytest.skip" message="Query failed: 400 — {&quot;detail&quot;:&quot;Security violation: RATE_LIMITED&quot;}">/Users/srujansai/Desktop/NRG/tests/benchmarks/test_dhairya_adversarial.py:54: Query failed: 400 — {"detail":"Security violation: RATE_LIMITED"}</skipped></testcase><testcase classname="tests.api.test_tier_isolation_live.TestTierIsolationLive" name="test_injected_pii_columns_stripped" time="1.079" /><testcase classname="tests.auth.test_jwt_handler" name="test_refresh_token_survives_handler_restart_with_store" time="0.053" /><testcase classname="tests.audit.test_chain_integrity.TestAuditChainIntegrity" name="test_concurrent_appends" time="0.173" /><testcase classname="tests.benchmarks.test_dhairya_adversarial.TestDhairyaFailurePatterns" name="test_pattern_5_order_by_aggregate" time="0.505"><skipped type="pytest.skip" message="Query failed: 400 — {&quot;detail&quot;:&quot;Security violation: RATE_LIMITED&quot;}">/Users/srujansai/Desktop/NRG/tests/benchmarks/test_dhairya_adversarial.py:54: Query failed: 400 — {"detail":"Security violation: RATE_LIMITED"}</skipped></testcase><testcase classname="tests.benchmarks.test_dhairya_adversarial.TestDhairyaFailurePatterns" name="test_pattern_6_join_key_correctness" time="0.361"><skipped type="pytest.skip" message="Query failed: 400 — {&quot;detail&quot;:&quot;Security violation: RATE_LIMITED&quot;}">/Users/srujansai/Desktop/NRG/tests/benchmarks/test_dhairya_adversarial.py:54: Query failed: 400 — {"detail":"Security violation: RATE_LIMITED"}</skipped></testcase><testcase classname="tests.audit.test_chain_integrity.TestAuditChainIntegrity" name="test_append_and_verify" time="0.286" /><testcase classname="tests.benchmarks.test_dhairya_adversarial.TestDhairyaFailurePatterns" name="test_pattern_2_having_completeness" time="0.389"><skipped type="pytest.skip" message="Query failed: 400 — {&quot;detail&quot;:&quot;Security violation: RATE_LIMITED&quot;}">/Users/srujansai/Desktop/NRG/tests/benchmarks/test_dhairya_adversarial.py:54: Query failed: 400 — {"detail":"Security violation: RATE_LIMITED"}</skipped></testcase><testcase classname="tests.benchmarks.test_dhairya_adversarial.TestDhairyaFailurePatterns" name="test_pattern_4_synonym_mapping" time="0.311"><skipped type="pytest.skip" message="Query failed: 400 — {&quot;detail&quot;:&quot;Security violation: RATE_LIMITED&quot;}">/Users/srujansai/Desktop/NRG/tests/benchmarks/test_dhairya_adversarial.py:54: Query failed: 400 — {"detail":"Security violation: RATE_LIMITED"}</skipped></testcase><testcase classname="tests.benchmarks.test_dhairya_adversarial.TestDhairyaFailurePatterns" name="test_pattern_7_complex_decomposition" time="0.253"><skipped type="pytest.skip" message="Query failed: 400 — {&quot;detail&quot;:&quot;Security violation: RATE_LIMITED&quot;}">/Users/srujansai/Desktop/NRG/tests/benchmarks/test_dhairya_adversarial.py:54: Query failed: 400 — {"detail":"Security violation: RATE_LIMITED"}</skipped></testcase><testcase classname="tests.api.test_tier_response_filtering" name="test_industry_response_strips_government_grant_amount_fields" time="0.015" /><testcase classname="tests.benchmarks.test_dhairya_adversarial.TestAdversarialBreakers" name="test_adv_01_credit_score_parsing" time="1.126"><skipped type="pytest.skip" message="Query failed: 400 — {&quot;detail&quot;:&quot;Security violation: RATE_LIMITED&quot;}">/Users/srujansai/Desktop/NRG/tests/benchmarks/test_dhairya_adversarial.py:54: Query failed: 400 — {"detail":"Security violation: RATE_LIMITED"}</skipped></testcase><testcase classname="tests.benchmarks.test_dhairya_adversarial.TestAdversarialBreakers" name="test_adv_03_yoy_having_complete" time="0.980"><skipped type="pytest.skip" message="Query failed: 400 — {&quot;detail&quot;:&quot;Security violation: RATE_LIMITED&quot;}">/Users/srujansai/Desktop/NRG/tests/benchmarks/test_dhairya_adversarial.py:54: Query failed: 400 — {"detail":"Security violation: RATE_LIMITED"}</skipped></testcase><testcase classname="tests.benchmarks.test_dhairya_adversarial.TestAdversarialBreakers" name="test_adv_04_domain_persistence_followup" time="0.974"><skipped type="pytest.skip" message="Query failed: 400 — {&quot;detail&quot;:&quot;Security violation: RATE_LIMITED&quot;}">/Users/srujansai/Desktop/NRG/tests/benchmarks/test_dhairya_adversarial.py:54: Query failed: 400 — {"detail":"Security violation: RATE_LIMITED"}</skipped></testcase><testcase classname="tests.benchmarks.test_dhairya_adversarial.TestAdversarialBreakers" name="test_adv_02_trl_stage_grouping" time="1.109"><skipped type="pytest.skip" message="Query failed: 400 — {&quot;detail&quot;:&quot;Security violation: RATE_LIMITED&quot;}">/Users/srujansai/Desktop/NRG/tests/benchmarks/test_dhairya_adversarial.py:54: Query failed: 400 — {"detail":"Security violation: RATE_LIMITED"}</skipped></testcase><testcase classname="tests.benchmarks.test_dhairya_adversarial.TestAdversarialBreakers" name="test_adv_05_pii_blocked" time="0.950" /><testcase classname="tests.benchmarks.test_dhairya_adversarial.TestAdversarialBreakers" name="test_adv_10_audit_transparency" time="1.096"><failure message="assert 400 == 200&#10; +  where 400 = &lt;Response [400]&gt;.status_code">tests/benchmarks/test_dhairya_adversarial.py:204: in test_adv_10_audit_transparency
    assert resp.status_code == 200
E   assert 400 == 200
E    +  where 400 = &lt;Response [400]&gt;.status_code</failure></testcase><testcase classname="tests.benchmarks.test_dhairya_adversarial.TestAdversarialBreakers" name="test_adv_06_order_by_not_distinct" time="0.313"><skipped type="pytest.skip" message="Query failed: 400 — {&quot;detail&quot;:&quot;Security violation: RATE_LIMITED&quot;}">/Users/srujansai/Desktop/NRG/tests/benchmarks/test_dhairya_adversarial.py:54: Query failed: 400 — {"detail":"Security violation: RATE_LIMITED"}</skipped></testcase><testcase classname="tests.benchmarks.test_dhairya_adversarial.TestAdversarialBreakers" name="test_adv_09_scalar_subquery_average" time="0.331"><skipped type="pytest.skip" message="Query failed: 400 — {&quot;detail&quot;:&quot;Security violation: RATE_LIMITED&quot;}">/Users/srujansai/Desktop/NRG/tests/benchmarks/test_dhairya_adversarial.py:54: Query failed: 400 — {"detail":"Security violation: RATE_LIMITED"}</skipped></testcase><testcase classname="tests.benchmarks.test_dhairya_adversarial.TestAdversarialBreakers" name="test_adv_08_patent_join_keys" time="0.280"><skipped type="pytest.skip" message="Query failed: 400 — {&quot;detail&quot;:&quot;Security violation: RATE_LIMITED&quot;}">/Users/srujansai/Desktop/NRG/tests/benchmarks/test_dhairya_adversarial.py:54: Query failed: 400 — {"detail":"Security violation: RATE_LIMITED"}</skipped></testcase><testcase classname="tests.benchmarks.test_dhairya_adversarial.TestAdversarialBreakers" name="test_adv_11_through_22_patterns[ADV-13]" time="0.272"><skipped type="pytest.skip" message="Query failed: 400 — {&quot;detail&quot;:&quot;Security violation: RATE_LIMITED&quot;}">/Users/srujansai/Desktop/NRG/tests/benchmarks/test_dhairya_adversarial.py:54: Query failed: 400 — {"detail":"Security violation: RATE_LIMITED"}</skipped></testcase><testcase classname="tests.benchmarks.test_dhairya_adversarial.TestAdversarialBreakers" name="test_adv_11_through_22_patterns[ADV-12]" time="0.263"><skipped type="pytest.skip" message="Query failed: 400 — {&quot;detail&quot;:&quot;Security violation: RATE_LIMITED&quot;}">/Users/srujansai/Desktop/NRG/tests/benchmarks/test_dhairya_adversarial.py:54: Query failed: 400 — {"detail":"Security violation: RATE_LIMITED"}</skipped></testcase><testcase classname="tests.benchmarks.test_dhairya_adversarial.TestAdversarialBreakers" name="test_adv_11_through_22_patterns[ADV-11]" time="0.139"><skipped type="pytest.skip" message="Query failed: 400 — {&quot;detail&quot;:&quot;Security violation: RATE_LIMITED&quot;}">/Users/srujansai/Desktop/NRG/tests/benchmarks/test_dhairya_adversarial.py:54: Query failed: 400 — {"detail":"Security violation: RATE_LIMITED"}</skipped></testcase><testcase classname="tests.benchmarks.test_dhairya_adversarial.TestAdversarialBreakers" name="test_adv_11_through_22_patterns[ADV-14]" time="0.165"><skipped type="pytest.skip" message="Query failed: 400 — {&quot;detail&quot;:&quot;Security violation: RATE_LIMITED&quot;}">/Users/srujansai/Desktop/NRG/tests/benchmarks/test_dhairya_adversarial.py:54: Query failed: 400 — {"detail":"Security violation: RATE_LIMITED"}</skipped></testcase><testcase classname="tests.benchmarks.test_dhairya_adversarial.TestAdversarialBreakers" name="test_adv_11_through_22_patterns[ADV-15]" time="0.200"><skipped type="pytest.skip" message="Query failed: 400 — {&quot;detail&quot;:&quot;Security violation: RATE_LIMITED&quot;}">/Users/srujansai/Desktop/NRG/tests/benchmarks/test_dhairya_adversarial.py:54: Query failed: 400 — {"detail":"Security violation: RATE_LIMITED"}</skipped></testcase><testcase classname="tests.benchmarks.test_dhairya_adversarial.TestAdversarialBreakers" name="test_adv_11_through_22_patterns[ADV-16]" time="0.184"><skipped type="pytest.skip" message="Query failed: 400 — {&quot;detail&quot;:&quot;Security violation: RATE_LIMITED&quot;}">/Users/srujansai/Desktop/NRG/tests/benchmarks/test_dhairya_adversarial.py:54: Query failed: 400 — {"detail":"Security violation: RATE_LIMITED"}</skipped></testcase><testcase classname="tests.benchmarks.test_dhairya_adversarial.TestAdversarialBreakers" name="test_adv_11_through_22_patterns[ADV-18]" time="0.177"><skipped type="pytest.skip" message="Query failed: 400 — {&quot;detail&quot;:&quot;Security violation: RATE_LIMITED&quot;}">/Users/srujansai/Desktop/NRG/tests/benchmarks/test_dhairya_adversarial.py:54: Query failed: 400 — {"detail":"Security violation: RATE_LIMITED"}</skipped></testcase><testcase classname="tests.benchmarks.test_dhairya_adversarial.TestAdversarialBreakers" name="test_adv_11_through_22_patterns[ADV-17]" time="0.173"><skipped type="pytest.skip" message="Query failed: 400 — {&quot;detail&quot;:&quot;Security violation: RATE_LIMITED&quot;}">/Users/srujansai/Desktop/NRG/tests/benchmarks/test_dhairya_adversarial.py:54: Query failed: 400 — {"detail":"Security violation: RATE_LIMITED"}</skipped></testcase><testcase classname="tests.benchmarks.test_dhairya_adversarial.TestAdversarialBreakers" name="test_adv_11_through_22_patterns[ADV-19]" time="0.188"><skipped type="pytest.skip" message="Query failed: 400 — {&quot;detail&quot;:&quot;Security violation: RATE_LIMITED&quot;}">/Users/srujansai/Desktop/NRG/tests/benchmarks/test_dhairya_adversarial.py:54: Query failed: 400 — {"detail":"Security violation: RATE_LIMITED"}</skipped></testcase><testcase classname="tests.benchmarks.test_dhairya_adversarial.TestAdversarialBreakers" name="test_adv_11_through_22_patterns[ADV-20]" time="0.164"><skipped type="pytest.skip" message="Query failed: 400 — {&quot;detail&quot;:&quot;Security violation: RATE_LIMITED&quot;}">/Users/srujansai/Desktop/NRG/tests/benchmarks/test_dhairya_adversarial.py:54: Query failed: 400 — {"detail":"Security violation: RATE_LIMITED"}</skipped></testcase><testcase classname="tests.benchmarks.test_dhairya_adversarial.TestAdversarialBreakers" name="test_adv_11_through_22_patterns[ADV-22]" time="0.219"><skipped type="pytest.skip" message="Query failed: 400 — {&quot;detail&quot;:&quot;Security violation: RATE_LIMITED&quot;}">/Users/srujansai/Desktop/NRG/tests/benchmarks/test_dhairya_adversarial.py:54: Query failed: 400 — {"detail":"Security violation: RATE_LIMITED"}</skipped></testcase><testcase classname="tests.benchmarks.test_dhairya_adversarial.TestAdversarialBreakers" name="test_adv_11_through_22_patterns[ADV-21]" time="0.186"><skipped type="pytest.skip" message="Query failed: 400 — {&quot;detail&quot;:&quot;Security violation: RATE_LIMITED&quot;}">/Users/srujansai/Desktop/NRG/tests/benchmarks/test_dhairya_adversarial.py:54: Query failed: 400 — {"detail":"Security violation: RATE_LIMITED"}</skipped></testcase><testcase classname="tests.benchmarks.test_dhairya_regression.TestDhairyaQueries" name="test_q01_credits_intensive_curriculum" time="1.361" /><testcase classname="tests.benchmarks.test_dhairya_regression.TestDhairyaQueries" name="test_q04_top_5_funding_agencies" time="0.545" /><testcase classname="tests.benchmarks.test_dhairya_regression.TestDhairyaQueries" name="test_q02_phd_ug_ratio_iit_bombay" time="0.821" /><testcase classname="tests.benchmarks.test_dhairya_regression.TestDhairyaQueries" name="test_q07_cost_per_patent" time="0.843" /><testcase classname="tests.benchmarks.test_dhairya_adversarial.TestKillerQueriesEndToEnd" name="test_killer_query_executes[KILLER-01]" time="1.365"><skipped type="pytest.skip" message="Query failed: 400 — {&quot;detail&quot;:&quot;Security violation: RATE_LIMITED&quot;}">/Users/srujansai/Desktop/NRG/tests/benchmarks/test_dhairya_adversarial.py:54: Query failed: 400 — {"detail":"Security violation: RATE_LIMITED"}</skipped></testcase><testcase classname="tests.benchmarks.test_dhairya_regression.TestDhairyaQueries" name="test_q08_pg_courses_iit_madras" time="0.201" /><testcase classname="tests.benchmarks.test_dhairya_adversarial.TestKillerQueriesEndToEnd" name="test_killer_query_executes[KILLER-02]" time="1.489"><skipped type="pytest.skip" message="Query failed: 400 — {&quot;detail&quot;:&quot;Security violation: RATE_LIMITED&quot;}">/Users/srujansai/Desktop/NRG/tests/benchmarks/test_dhairya_adversarial.py:54: Query failed: 400 — {"detail":"Security violation: RATE_LIMITED"}</skipped></testcase><testcase classname="tests.benchmarks.test_dhairya_adversarial.TestKillerQueriesEndToEnd" name="test_killer_query_executes[KILLER-03]" time="1.474"><skipped type="pytest.skip" message="Query failed: 400 — {&quot;detail&quot;:&quot;Security violation: RATE_LIMITED&quot;}">/Users/srujansai/Desktop/NRG/tests/benchmarks/test_dhairya_adversarial.py:54: Query failed: 400 — {"detail":"Security violation: RATE_LIMITED"}</skipped></testcase><testcase classname="tests.benchmarks.test_dhairya_regression.TestDhairyaQueries" name="test_q10_phd_vs_ug_followup" time="0.589" /><testcase classname="tests.benchmarks.test_dhairya_regression.TestDhairyaQueries" name="test_q03_grant_drop_yoy_coincidence_case" time="0.755" /><testcase classname="tests.benchmarks.test_dhairya_regression.TestDhairyaQueries" name="test_q06_trl9_market_ready" time="0.160" /><testcase classname="tests.benchmarks.test_dhairya_regression.TestDhairyaQueries" name="test_q03_grant_drop_yoy" time="0.617" /><testcase classname="tests.benchmarks.test_dhairya_regression.TestDhairyaQueries" name="test_q05_lab_validation_bottleneck" time="0.584" /><testcase classname="tests.benchmarks.test_dhairya_regression.TestDhairyaQueries" name="test_q09_most_phd_courses" time="0.505" /><testcase classname="tests.benchmarks.test_dhairya_regression.TestDhairyaQueries" name="test_q13_courses_vs_startups" time="0.476" /><testcase classname="tests.auth.test_jwt_handler" name="test_refresh_rotates_refresh_token_and_revokes_old_one" time="5.804" /><testcase classname="tests.benchmarks.test_dhairya_regression.TestDhairyaQueries" name="test_q11_yoy_pg_growth" time="0.266" /><testcase classname="tests.benchmarks.test_dhairya_regression.TestDhairyaQueries" name="test_q12_strategy_shift" time="0.165" /><testcase classname="tests.benchmarks.test_dhairya_regression.TestDhairyaQueries" name="test_q14_gap_analysis" time="0.185" /><testcase classname="tests.benchmarks.test_dhairya_regression.TestDhairyaQueries" name="test_q17_pipeline_progression" time="0.165" /><testcase classname="tests.benchmarks.test_dhairya_regression.TestDhairyaQueries" name="test_q15_rising_stars" time="0.156" /><testcase classname="tests.benchmarks.test_dhairya_regression.TestCompletenessValidator" name="test_incomplete_having_without_group" time="0.011" /><testcase classname="tests.benchmarks.test_dhairya_regression.TestDhairyaQueries" name="test_q16_utilization_audit" time="0.228" /><testcase classname="tests.benchmarks.test_dhairya_regression.TestSynonymMapping" name="test_no_distinct_for_ranked_results" time="0.011" /><testcase classname="tests.benchmarks.test_dhairya_regression.TestDhairyaBenchmarks" name="test_all_17_queries_generate_sql[1-Which institute offers the most intensive innovation curriculum in FY 2022-23 based on total credits, not just course count?-expected_patterns0]" time="0.595" /><testcase classname="tests.auth.test_jwt_handler" name="test_generates_and_verifies_access_and_refresh_tokens" time="5.981" /><testcase classname="tests.benchmarks.test_dhairya_regression.TestCompletenessValidator" name="test_unbalanced_parens" time="0.007" /><testcase classname="tests.benchmarks.test_dhairya_regression.TestCompletenessValidator" name="test_valid_query_passes" time="0.008" /><testcase classname="tests.benchmarks.test_dhairya_regression.TestDhairyaBenchmarks" name="test_all_17_queries_generate_sql[4-Who are the top 5 unique funding agencies providing grants to us?-expected_patterns3]" time="0.205" /><testcase classname="tests.benchmarks.test_dhairya_regression.TestCompletenessValidator" name="test_trailing_incomplete_marker" time="0.009" /><testcase classname="tests.benchmarks.test_dhairya_regression.TestSynonymMapping" name="test_trl9_maps_to_level9" time="0.004" /><testcase classname="tests.benchmarks.test_dhairya_regression.TestDhairyaBenchmarks" name="test_all_17_queries_generate_sql[8-Show me all PG innovation courses at IIT Madras for the last 3 years starting from FY 2021-22.-expected_patterns7]" time="0.157" /><testcase classname="tests.benchmarks.test_dhairya_regression.TestDhairyaBenchmarks" name="test_all_17_queries_generate_sql[6-List all technologies that are 'Market Ready' (TRL 9) for commercialization in IIT Madras.-expected_patterns5]" time="0.153" /><testcase classname="tests.benchmarks.test_dhairya_regression.TestDhairyaBenchmarks" name="test_all_17_queries_generate_sql[7-Calculate the 'Cost of Innovation': How much government grant money do we spend for every 1 Patent granted?-expected_patterns6]" time="0.609" /><testcase classname="tests.benchmarks.test_dhairya_regression.TestSynonymMapping" name="test_credit_parsing_in_prompt" time="0.005" /><testcase classname="tests.benchmarks.test_dhairya_regression.TestDhairyaBenchmarks" name="test_all_17_queries_generate_sql[12-Detect Strategy Shift: Institute stops UG but spikes in PhD in IIT Madras.-expected_patterns11]" time="0.546" /><testcase classname="tests.auth.test_jwt_handler" name="test_legacy_dev_password_environment_names_are_supported" time="0.014" /><testcase classname="tests.benchmarks.test_dhairya_regression.TestDhairyaBenchmarks" name="test_all_17_queries_generate_sql[9-Which institute has the most PhD courses?-expected_patterns8]" time="0.543" /><testcase classname="tests.benchmarks.test_dhairya_regression.TestDhairyaBenchmarks" name="test_all_17_queries_generate_sql[14-Gap Analysis: High Capital Expenses but Low Innovation Courses in FY 2023-24.-expected_patterns13]" time="0.674" /><testcase classname="tests.benchmarks.test_dhairya_regression.TestDhairyaBenchmarks" name="test_all_17_queries_generate_sql[10-How does that compare to their UG numbers?-expected_patterns9]" time="0.633" /><testcase classname="tests.benchmarks.test_dhairya_regression.TestDhairyaBenchmarks" name="test_all_17_queries_generate_sql[5-Identify bottlenecks: What percentage of IIT Madras innovations are stuck at 'Lab Validation' (Level 4)?-expected_patterns4]" time="0.535" /><testcase classname="tests.benchmarks.test_dhairya_regression.TestDhairyaBenchmarks" name="test_all_17_queries_generate_sql[2-Show me the ratio of PhD level innovation courses to Undergraduate ones for IIT Bombay.-expected_patterns1]" time="0.294" /><testcase classname="tests.benchmarks.test_dhairya_regression.TestDhairyaBenchmarks" name="test_all_17_queries_generate_sql[11-Identify growth trends: Calculate Year-Over-Year growth for PG courses in IIT Madras.-expected_patterns10]" time="0.251" /><testcase classname="tests.benchmarks.test_dhairya_regression.TestDhairyaBenchmarks" name="test_all_17_queries_generate_sql[13-Correlation: Innovation Courses vs. Startups Incubated (Cross-Module).-expected_patterns12]" time="0.512" /><testcase classname="tests.benchmarks.test_dhairya_regression.TestDhairyaBenchmarks" name="test_all_17_queries_generate_sql[16-Utilization Audit: High Grants vs Low Expenditure.-expected_patterns15]" time="0.411" /><testcase classname="tests.benchmarks.test_dhairya_regression" name="test_dhairya_accuracy_target" time="0.002" /><testcase classname="tests.config.test_cost_guard.TestCostGuardBudgetStatus" name="test_get_budget_status_healthy" time="0.014" /><testcase classname="tests.config.test_cost_guard.TestCostGuardBudgetStatus" name="test_get_budget_status_warning" time="0.019" /><testcase classname="tests.benchmarks.test_dhairya_regression.TestDhairyaBenchmarks" name="test_all_17_queries_generate_sql[17-Pipeline Progression: Are we moving from Low TRL to High TRL?-expected_patterns16]" time="0.187" /><testcase classname="tests.config.test_cost_guard.TestCostGuardBudgetStatus" name="test_get_budget_status_critical" time="0.004" /><testcase classname="tests.config.test_cost_guard.TestCostGuardBudgetStatus" name="test_get_budget_status_halt" time="0.004" /><testcase classname="tests.config.test_cost_guard.TestCostGuardCheckBudget" name="test_researcher_simple_allowed_under_cap" time="0.004" /><testcase classname="tests.benchmarks.test_dhairya_regression.TestDhairyaBenchmarks" name="test_all_17_queries_generate_sql[15-Rising Stars: Institutes growing funding while the average declines.-expected_patterns14]" time="0.322" /><testcase classname="tests.config.test_cost_guard.TestCostGuardCheckBudget" name="test_researcher_simple_blocked_over_cap" time="0.003" /><testcase classname="tests.config.test_cost_guard.TestCostGuardCheckBudget" name="test_researcher_complex_allowed_with_guru_approval" time="0.003" /><testcase classname="tests.config.test_cost_guard.TestCostGuardCheckBudget" name="test_government_tier_sovereign_override" time="0.003" /><testcase classname="tests.config.test_cost_guard.TestCostGuardCheckBudget" name="test_government_tier_not_blocked_at_halt" time="0.003" /><testcase classname="tests.config.test_cost_guard.TestCostGuardCheckBudget" name="test_industry_tier_capped" time="0.004" /><testcase classname="tests.benchmarks.test_text_to_sql_prompt_hardening" name="test_schema_aware_prompt_uses_real_text_type_for_credit_parsing" time="0.017" /><testcase classname="tests.config.test_cost_guard.TestCostGuardCheckBudget" name="test_industry_tier_trivial_allowed" time="0.030" /><testcase classname="tests.benchmarks.test_text_to_sql_prompt_hardening" name="test_credit_query_selects_wrong_and_correct_few_shot_pair" time="0.002" /><testcase classname="tests.config.test_cost_guard.TestCostGuardCheckBudget" name="test_halt_blocks_cloud_llms_without_override" time="0.005" /><testcase classname="tests.config.test_cost_guard.TestCostGuardCheckBudget" name="test_halt_allows_with_guru_override" time="0.005" /><testcase classname="tests.config.test_cost_guard.TestCostGuardCheckBudget" name="test_critical_blocks_simple_without_approval" time="0.003" /><testcase classname="tests.config.test_cost_guard.TestCostGuardCheckBudget" name="test_critical_allows_trivial" time="0.003" /><testcase classname="tests.config.test_cost_guard.TestCostGuardGetProviderForTier" name="test_industry_tier_gets_local_first" time="0.005" /><testcase classname="tests.config.test_cost_guard.TestCostGuardGetProviderForTier" name="test_government_tier_gets_minimax_first" time="0.007" /><testcase classname="tests.config.test_cost_guard.TestCostGuardGetProviderForTier" name="test_researcher_complex_gets_cloud_providers" time="0.003" /><testcase classname="tests.config.test_cost_guard.TestCostGuardGetProviderForTier" name="test_researcher_trivial_gets_rule_based" time="0.003" /><testcase classname="tests.config.test_cost_guard.TestCostGuardEstimateCost" name="test_local_is_free" time="0.003" /><testcase classname="tests.config.test_cost_guard.TestCostGuardEstimateCost" name="test_minimax_estimated" time="0.005" /><testcase classname="tests.config.test_cost_guard.TestCostGuardEstimateCost" name="test_rule_based_is_free" time="0.003" /><testcase classname="tests.config.test_cost_guard.TestCostGuardEstimateCost" name="test_cost_capped_at_complexity_max" time="0.002" /><testcase classname="tests.config.test_cost_guard.TestCostGuardGetDailyCostDigest" name="test_digest_no_alerts" time="0.006" /><testcase classname="tests.config.test_cost_guard.TestCostGuardGetDailyCostDigest" name="test_digest_warning" time="0.003" /><testcase classname="tests.config.test_cost_guard.TestCostGuardRecordCost" name="test_record_cost_updates_spent" time="0.068" /><testcase classname="tests.config.test_cost_guard.TestCostGuardGetDailyCostDigest" name="test_digest_critical" time="0.005" /><testcase classname="tests.config.test_cost_guard.TestCostGuardRecordCost" name="test_record_cost_updates_tier_spent" time="0.137" /><testcase classname="tests.config.test_cost_guard.TestCostGuardCheckBudget" name="test_halt_allows_incident_reserve_not_exhausted" time="0.004" /><testcase classname="tests.config.test_cost_guard.TestCostGuardGetDailyCostDigest" name="test_digest_halt" time="0.003" /><testcase classname="tests.config.test_cost_guard.TestCostGuardEstimateTokens" name="test_estimate_tokens_from_explicit_counts" time="0.022" /><testcase classname="tests.config.test_cost_guard.TestCostGuardEstimateTokens" name="test_estimate_tokens_basic" time="0.003" /><testcase classname="tests.config.test_cost_guard.TestCostGuardCheckBudget" name="test_researcher_trivial_allowed" time="0.008" /><testcase classname="tests.config.test_cost_guard.TestCostGuardTierMapping" name="test_unknown_tier_defaults_to_researcher" time="0.006" /><testcase classname="tests.config.test_cost_guard.TestCostGuardTierMapping" name="test_tier_2_maps_to_government" time="0.003" /><testcase classname="tests.config.test_cost_guard.TestCostGuardAllocation" name="test_allocation_sums_to_total" time="0.003" /><testcase classname="tests.config.test_cost_guard.TestCostGuardTierMapping" name="test_tier_1_maps_to_researcher" time="0.004" /><testcase classname="tests.config.test_cost_guard.TestCostGuardAllocation" name="test_researcher_gets_40_percent" time="0.003" /><testcase classname="tests.config.test_cost_guard.TestCostGuardAllocation" name="test_industry_gets_15_percent" time="0.004" /><testcase classname="tests.config.test_cost_guard.TestCostGuardTierMapping" name="test_tier_3_maps_to_industry" time="0.003" /><testcase classname="tests.config.test_docker_compose_pgbouncer" name="test_compose_routes_api_database_traffic_through_pgbouncer" time="0.170"><failure message="assert False&#10; +  where False = any(&lt;generator object test_compose_routes_api_database_traffic_through_pgbouncer.&lt;locals&gt;.&lt;genexpr&gt; at 0x127cfec20&gt;)">tests/config/test_docker_compose_pgbouncer.py:20: in test_compose_routes_api_database_traffic_through_pgbouncer
    assert any("DATABASE_URL=" in item and "@pgbouncer:6432/" in item for item in api_env)
E   assert False
E    +  where False = any(&lt;generator object test_compose_routes_api_database_traffic_through_pgbouncer.&lt;locals&gt;.&lt;genexpr&gt; at 0x127cfec20&gt;)</failure></testcase><testcase classname="tests.config.test_docker_compose_pgbouncer" name="test_pgbouncer_pool_defaults_are_bounded" time="0.160" /><testcase classname="tests.benchmarks.test_text_to_sql_prompt_hardening" name="test_validator_rejects_raw_stage_synonym_like_patterns" time="0.004" /><testcase classname="tests.config.test_llm_config.TestLoadLLMSettings" name="test_missing_nvidia_key_raises" time="0.007" /><testcase classname="tests.config.test_cost_guard.TestCostGuardAllocation" name="test_government_gets_35_percent" time="0.003" /><testcase classname="tests.config.test_cost_guard.TestCostGuardEstimateTokens" name="test_estimate_tokens_scales_with_context" time="0.003" /><testcase classname="tests.config.test_cost_guard.TestCostGuardAllocation" name="test_spent_by_tier_starts_at_zero" time="0.003" /><testcase classname="tests.config.test_llm_config.TestLoadLLMSettings" name="test_missing_anthropic_key_raises" time="0.005" /><testcase classname="tests.config.test_llm_config.TestLoadLLMSettings" name="test_unsupported_provider_raises" time="0.006" /><testcase classname="tests.config.test_llm_config.TestLoadLLMSettings" name="test_gemini_settings_loaded" time="0.003" /><testcase classname="tests.config.test_llm_config.TestLoadLLMSettings" name="test_openai_settings_loaded" time="0.004" /><testcase classname="tests.config.test_cost_guard.TestCostGuardCheckBudget" name="test_researcher_complex_blocked_over_cap" time="0.026" /><testcase classname="tests.config.test_llm_config.TestEnv" name="test_returns_value" time="0.003" /><testcase classname="tests.benchmarks.test_text_to_sql_prompt_hardening" name="test_validator_rejects_quoted_and_qualified_credit_score_casts" time="0.008" /><testcase classname="tests.config.test_llm_config.TestLoadLLMSettings" name="test_azure_settings_loaded" time="0.008" /><testcase classname="tests.config.test_llm_config.TestLoadLLMSettings" name="test_nvidia_settings_loaded" time="0.005" /><testcase classname="tests.config.test_llm_config.TestInspectCloudPayload" name="test_calls_inspect_payload" time="0.020" /><testcase classname="tests.config.test_llm_config.TestEnv" name="test_returns_default_when_missing" time="0.003" /><testcase classname="tests.config.test_llm_config.TestLoadLLMSettings" name="test_anthropic_settings_loaded" time="0.004" /><testcase classname="tests.config.test_llm_config.TestGetLLMClient" name="test_returns_none_on_config_error" time="0.006" /><testcase classname="tests.config.test_llm_config.TestEnv" name="test_returns_default_when_replace_me" time="0.004" /><testcase classname="tests.config.test_llm_egress_guard" name="test_openai_client_inspects_payload_before_cloud_call" time="0.005" /><testcase classname="tests.config.test_llm_config.TestGetLLMClient" name="test_cached" time="0.016" /><testcase classname="tests.config.test_locustfile_contract" name="test_locustfile_posts_real_query_requests_with_bearer_header" time="0.003" /><testcase classname="tests.config.test_locustfile_contract" name="test_c4_locustfile_uses_current_credentials_and_response_keys" time="0.010" /><testcase classname="tests.config.test_locustfile_contract" name="test_locustfile_authenticates_from_environment_before_tasks" time="0.002" /><testcase classname="tests.config.test_llm_config.TestLoadLLMSettings" name="test_missing_gemini_key_raises" time="0.055" /><testcase classname="tests.contract.test_api_response_schema.TestAPIResponseSchema" name="test_tier_field_is_integer" time="0.478" /><testcase classname="tests.contract.test_api_response_schema.TestAPIResponseSchema" name="test_query_response_optional_fields_present" time="0.342" /><testcase classname="tests.config.test_trl_safe_views" name="test_semantic_layer_exposes_short_trl_views" time="1.412" /><testcase classname="tests.contract.test_api_response_schema.TestAPIResponseSchema" name="test_query_response_has_required_fields" time="0.527" /><testcase classname="tests.config.test_trl_safe_views" name="test_migration_creates_short_trl_views" time="0.005" /><testcase classname="tests.contract.test_api_response_schema.TestAPIResponseSchema" name="test_status_field_is_valid_enum" time="0.432" /><testcase classname="tests.contract.test_api_schema.TestLoginContract" name="test_login_response_has_required_fields" time="0.341" /><testcase classname="tests.contract.test_api_response_schema.TestAPIResponseSchema" name="test_query_response_with_session_id" time="0.291" /><testcase classname="tests.contract.test_api_schema.TestLoginContract" name="test_login_user_role_values" time="0.798" /><testcase classname="tests.contract.test_api_schema.TestLoginContract" name="test_login_user_object_has_required_fields" time="0.147" /><testcase classname="tests.contract.test_api_response_schema.TestAPIResponseSchema" name="test_query_response_multiple_tiers" time="3.122" /><testcase classname="tests.contract.test_api_response_schema.TestAPIResponseSchema" name="test_query_response_with_citations" time="0.202" /><testcase classname="tests.contract.test_api_schema.TestLoginContract" name="test_login_response_validates_as_pydantic_model" time="0.154" /><testcase classname="tests.contract.test_api_schema.TestQueryContract" name="test_query_tier_is_integer" time="0.774" /><testcase classname="tests.contract.test_api_schema.TestQueryContract" name="test_query_status_values" time="0.562" /><testcase classname="tests.contract.test_api_schema.TestQueryContract" name="test_query_conversation_history_structure" time="0.637" /><testcase classname="tests.config.test_llm_config.TestLoadLLMSettings" name="test_missing_openai_key_raises" time="0.019" /><testcase classname="tests.contract.test_api_schema.TestHealthContract" name="test_health_all_response_structure" time="2.567" /><testcase classname="tests.contract.test_api_schema.TestQueryContract" name="test_query_response_has_required_fields" time="0.306" /><testcase classname="tests.contract.test_api_schema.TestResearchersContract" name="test_researcher_role_values" time="2.013" /><testcase classname="tests.contract.test_api_schema.TestResearchersContract" name="test_researchers_response_has_required_fields" time="0.297" /><testcase classname="tests.contract.test_api_schema.TestHealthContract" name="test_health_response_has_status_field" time="3.585" /><testcase classname="tests.contract.test_api_response_schema.TestAPIResponseSchema" name="test_schema_changes_require_test_update" time="1.502" /><testcase classname="tests.contract.test_api_schema.TestContractSchemaStability" name="test_query_schema_stability" time="0.338" /><testcase classname="tests.contract.test_api_schema.TestContractSchemaStability" name="test_new_optional_field_added_to_response" time="1.016" /><testcase classname="tests.contract.test_query_endpoint.TestQueryEndpointContract" name="test_query_response_recommended_fields_present" time="1.916" /><testcase classname="tests.contract.test_query_endpoint.TestQueryEndpointContract" name="test_query_citations_schema_valid" time="0.966" /><testcase classname="tests.contract.test_query_endpoint.TestQueryEndpointContract" name="test_query_response_has_required_fields" time="0.722" /><testcase classname="tests.contract.test_api_schema.TestContractSchemaStability" name="test_researchers_schema_stability" time="0.462" /><testcase classname="tests.contract.test_api_schema.TestQueryContract" name="test_query_response_validates_as_pydantic_model" time="0.520" /><testcase classname="tests.contract.test_api_schema.TestContractSchemaStability" name="test_login_schema_stability" time="0.419" /><testcase classname="tests.contract.test_query_endpoint.TestQueryEndpointContract" name="test_query_warnings_is_array" time="0.801" /><testcase classname="tests.contract.test_query_endpoint.TestQueryEndpointContract" name="test_query_without_auth_returns_401" time="0.040" /><testcase classname="tests.contract.test_query_endpoint.TestQueryEndpointErrorContract" name="test_error_detail_is_string" time="0.260" /><testcase classname="tests.contract.test_query_endpoint.TestQueryEndpointContract" name="test_query_session_id_matches" time="0.565" /><testcase classname="tests.contract.test_query_endpoint.TestQueryEndpointContract" name="test_query_retrieval_sources_is_array" time="0.785" /><testcase classname="tests.contract.test_query_endpoint.TestQueryEndpointContract" name="test_query_with_wrong_content_type_returns_415" time="0.459" /><testcase classname="tests.contract.test_query_endpoint.TestQueryEndpointContract" name="test_query_with_malformed_body_returns_422" time="0.336" /><testcase classname="tests.contract.test_query_endpoint.TestQueryEndpointErrorContract" name="test_error_response_has_detail_field" time="0.032" /><testcase classname="tests.data.test_database_v2.TestNRGDatabaseV2" name="test_dialect_sqlite" time="0.588" /><testcase classname="tests.contract.test_query_endpoint.TestQueryEndpointContract" name="test_query_returns_200_with_valid_token" time="0.508" /><testcase classname="tests.data.test_database_v2.TestNRGDatabaseV2" name="test_query_publications_all" time="0.585" /><testcase classname="tests.data.test_database_v2.TestNRGDatabaseV2" name="test_query_researchers_by_area" time="0.364" /><testcase classname="tests.data.test_database_v2.TestNRGDatabaseV2" name="test_get_session" time="0.691" /><testcase classname="tests.data.test_database_v2.TestNRGDatabaseV2" name="test_query_researchers_all" time="0.453" /><testcase classname="tests.data.test_database_v2.TestNRGDatabaseV2" name="test_default_url" time="3.314" /><testcase classname="tests.data.test_database_v2_schema_drift" name="test_query_researchers_falls_back_when_orm_columns_are_missing" time="0.120" /><testcase classname="tests.data.test_failed_queries_hall_of_shame" name="test_failed_queries_hall_documents_all_dhairya_patterns" time="0.007" /><testcase classname="tests.data.test_rls_policies" name="test_lb6_user_registration_only_selectable_by_tier_one" time="0.002" /><testcase classname="tests.data.test_rls_policies" name="test_lb6_downgrade_removes_policy_state" time="0.006" /><testcase classname="tests.data.test_database_v2.TestNRGDatabaseV2" name="test_get_stats" time="1.661" /><testcase classname="tests.data.test_schema_indexes" name="test_lb6_composite_indexes_cover_hot_join_paths" time="0.002" /><testcase classname="tests.data.test_schema_indexes" name="test_lb6_expression_indexes_normalize_entity_join_keys" time="0.004" /><testcase classname="tests.data.test_schema_indexes" name="test_lb6_index_sql_is_idempotent_and_concurrent_when_requested" time="0.003" /><testcase classname="tests.data.test_schema_indexes" name="test_lb6_indexes_have_unique_names" time="0.003" /><testcase classname="tests.data.test_schema_parity.TestSchemaParity" name="test_db_struct_sql_parseable" time="0.068" /><testcase classname="tests.data.test_database_v2.TestNRGDatabaseV2" name="test_create_tables_idempotent" time="0.285" /><testcase classname="tests.data.test_rls_policies" name="test_lb6_patent_policy_masks_email_fields_for_lower_tiers" time="0.012" /><testcase classname="tests.data.test_schema_parity.TestSchemaParity" name="test_live_db_connection" time="0.010"><skipped type="pytest.skip" message="PostgreSQL not available, skipping live DB check">/Users/srujansai/Desktop/NRG/tests/data/test_schema_parity.py:132: PostgreSQL not available, skipping live DB check</skipped></testcase><testcase classname="tests.data.test_rls_policies" name="test_lb6_rls_enables_policies_for_each_table" time="0.008" /><testcase classname="tests.data.test_database_v2.TestNRGDatabaseV2" name="test_query_publications_limit" time="0.901" /><testcase classname="tests.data.test_schema_parity.TestSchemaParity" name="test_schema_fingerprint_stable" time="0.073" /><testcase classname="tests.data.test_schema_parity.TestSchemaParity" name="test_all_dhairya_tables_have_minimum_rows" time="0.006"><skipped type="pytest.skip" message="PostgreSQL not available">/Users/srujansai/Desktop/NRG/tests/data/test_schema_parity.py:210: PostgreSQL not available</skipped></testcase><testcase classname="tests.data.test_schema_parity.TestSchemaParity" name="test_live_db_has_all_tables" time="0.238"><skipped type="pytest.skip" message="PostgreSQL not available, skipping live DB check">/Users/srujansai/Desktop/NRG/tests/data/test_schema_parity.py:146: PostgreSQL not available, skipping live DB check</skipped></testcase><testcase classname="tests.data.test_rls_policies" name="test_lb6_rls_covers_pii_bearing_tables" time="0.002" /><testcase classname="tests.data.test_schema_parity.TestSchemaParity" name="test_dhairya_tables_present" time="0.246" /><testcase classname="tests.data.test_schema_parity.TestSchemaParity" name="test_no_orphan_foreign_keys" time="0.023"><skipped type="pytest.skip" message="PostgreSQL not available">/Users/srujansai/Desktop/NRG/tests/data/test_schema_parity.py:254: PostgreSQL not available</skipped></testcase><testcase classname="tests.data.test_schema_parity.TestSchemaParity" name="test_primary_keys_intact" time="0.034"><skipped type="pytest.skip" message="PostgreSQL not available">/Users/srujansai/Desktop/NRG/tests/data/test_schema_parity.py:231: PostgreSQL not available</skipped></testcase><testcase classname="tests.data.test_schema_parity.TestSchemaParity" name="test_total_credit_score_is_text_type" time="0.021"><skipped type="pytest.skip" message="PostgreSQL not available">/Users/srujansai/Desktop/NRG/tests/data/test_schema_parity.py:283: PostgreSQL not available</skipped></testcase><testcase classname="tests.evals.test_quality_gates.TestRetrievalQuality" name="test_retrieval_recall_at_5" time="0.002"><skipped type="pytest.skip" message="Qdrant not available (set QDRANT_AVAILABLE=1 to enable)">/Users/srujansai/Desktop/NRG/tests/evals/test_quality_gates.py:433: Qdrant not available (set QDRANT_AVAILABLE=1 to enable)</skipped></testcase><testcase classname="tests.evals.test_quality_gates.TestSecurityGates" name="test_injection_block_rate" time="0.244" /><testcase classname="tests.data.test_database_v2.TestNRGDatabaseV2" name="test_query_researchers_by_state" time="1.780" /><testcase classname="tests.evals.test_quality_gates.TestSecurityGates" name="test_sovereignty_leak_rate" time="0.001"><skipped type="pytest.skip" message="Requires SovereignHTTPXClient with VPC egress control - not available in dev">/Users/srujansai/Desktop/NRG/tests/evals/test_quality_gates.py:457: Requires SovereignHTTPXClient with VPC egress control - not available in dev</skipped></testcase><testcase classname="tests.data.test_schema_parity.TestSchemaParity" name="test_live_db_has_all_columns" time="0.250"><skipped type="pytest.skip" message="PostgreSQL not available, skipping live DB check">/Users/srujansai/Desktop/NRG/tests/data/test_schema_parity.py:170: PostgreSQL not available, skipping live DB check</skipped></testcase><testcase classname="tests.evals.test_quality_gates.TestRetrievalQuality" name="test_faithfulness_score" time="0.052" /><testcase classname="tests.evals.test_sql_accuracy.TestSQLAccuracyMetrics" name="test_schema_hints_file_exists" time="0.048" /><testcase classname="tests.evals.test_sql_accuracy.TestSQLAccuracyMetrics" name="test_value_synonyms_file_exists" time="0.003" /><testcase classname="tests.evals.test_sql_accuracy.TestSQLAccuracyMetrics" name="test_no_regression_on_simple_queries" time="0.001"><skipped type="pytest.skip" message="SQL accuracy eval requires PostgreSQL with 58 tables (not SQLite dev)">/Users/srujansai/Desktop/NRG/tests/evals/test_sql_accuracy.py:229: SQL accuracy eval requires PostgreSQL with 58 tables (not SQLite dev)</skipped></testcase><testcase classname="tests.ingestion.test_vector_pipeline.VectorPipelineTest" name="test_access_tier_labeling" time="0.013" /><testcase classname="tests.ingestion.test_vector_pipeline.VectorPipelineTest" name="test_qdrant_collection_size" time="0.010" /><testcase classname="tests.data.test_schema_parity.TestSchemaParity" name="test_schema_fingerprint_matches_expected" time="0.102" /><testcase classname="tests.ingestion.test_vector_pipeline.VectorPipelineTest" name="test_rbac_filtering" time="0.004" /><testcase classname="tests.ingestion.test_vector_pipeline.VectorPipelineTest" name="test_text_chunking" time="0.004" /><testcase classname="tests.integration.test_api_gateway.TestHealthEndpoints" name="test_health_check" time="0.001"><skipped type="pytest.skip" message="Requires running API server (set NRG_API_RUNNING=1)">/Users/srujansai/Desktop/NRG/tests/integration/test_api_gateway.py:18: Requires running API server (set NRG_API_RUNNING=1)</skipped></testcase><testcase classname="tests.integration.test_api_gateway.TestHealthEndpoints" name="test_health_db" time="0.001"><skipped type="pytest.skip" message="Requires running API server (set NRG_API_RUNNING=1)">/Users/srujansai/Desktop/NRG/tests/integration/test_api_gateway.py:24: Requires running API server (set NRG_API_RUNNING=1)</skipped></testcase><testcase classname="tests.evals.test_sql_accuracy" name="test_sql_accuracy_on_dhairya_eval_set" time="0.001"><skipped type="pytest.skip" message="SQL accuracy eval requires PostgreSQL with 58 tables (not SQLite dev)">/Users/srujansai/Desktop/NRG/tests/evals/test_sql_accuracy.py:107: SQL accuracy eval requires PostgreSQL with 58 tables (not SQLite dev)</skipped></testcase><testcase classname="tests.evals.test_sql_accuracy.TestSQLAccuracyMetrics" name="test_eval_dataset_complete" time="0.011" /><testcase classname="tests.integration.test_api_gateway.TestAuthEnforcement" name="test_query_without_token_rejected" time="0.009"><skipped type="pytest.skip" message="Requires running API server (set NRG_API_RUNNING=1)">/Users/srujansai/Desktop/NRG/tests/integration/test_api_gateway.py:34: Requires running API server (set NRG_API_RUNNING=1)</skipped></testcase><testcase classname="tests.integration.test_api_gateway.TestCORS" name="test_cors_headers_present" time="0.001"><skipped type="pytest.skip" message="Requires running API server (set NRG_API_RUNNING=1)">/Users/srujansai/Desktop/NRG/tests/integration/test_api_gateway.py:64: Requires running API server (set NRG_API_RUNNING=1)</skipped></testcase><testcase classname="tests.integration.test_api_gateway.TestHealthEndpoints" name="test_health_qdrant" time="0.009"><skipped type="pytest.skip" message="Requires running API server (set NRG_API_RUNNING=1)">/Users/srujansai/Desktop/NRG/tests/integration/test_api_gateway.py:28: Requires running API server (set NRG_API_RUNNING=1)</skipped></testcase><testcase classname="tests.integration.test_pipeline_e2e" name="test_pipeline_hybrid_path_contains_structured_and_rag" time="6.760" /><testcase classname="tests.integration.test_pipeline_e2e" name="test_pipeline_rag_path_prose_with_citation" time="6.081" /><testcase classname="tests.integration.test_api_gateway.TestAuthEnforcement" name="test_query_with_invalid_token_rejected" time="0.072"><skipped type="pytest.skip" message="Requires running API server (set NRG_API_RUNNING=1)">/Users/srujansai/Desktop/NRG/tests/integration/test_api_gateway.py:38: Requires running API server (set NRG_API_RUNNING=1)</skipped></testcase><testcase classname="tests.integration.test_api_gateway.TestRateLimiting" name="test_rapid_requests_throttled" time="0.001"><skipped type="pytest.skip" message="Requires running API server (set NRG_API_RUNNING=1)">/Users/srujansai/Desktop/NRG/tests/integration/test_api_gateway.py:53: Requires running API server (set NRG_API_RUNNING=1)</skipped></testcase><testcase classname="tests.integration.test_postgresql_connection.TestDatabaseManagerInit" name="test_detects_sqlite_driver" time="0.001"><skipped type="pytest.skip" message="Requires POSTGRES_DATABASE_URL environment variable">/Users/srujansai/Desktop/NRG/tests/integration/test_postgresql_connection.py:31: Requires POSTGRES_DATABASE_URL environment variable</skipped></testcase><testcase classname="tests.integration.test_postgresql_connection.TestDatabaseManagerInit" name="test_defaults_to_sqlite_when_no_url" time="0.001"><skipped type="pytest.skip" message="Requires POSTGRES_DATABASE_URL environment variable">/Users/srujansai/Desktop/NRG/tests/integration/test_postgresql_connection.py:35: Requires POSTGRES_DATABASE_URL environment variable</skipped></testcase><testcase classname="tests.integration.test_postgresql_connection.TestDatabaseManagerInit" name="test_singleton_pattern" time="0.001"><skipped type="pytest.skip" message="Requires POSTGRES_DATABASE_URL environment variable">/Users/srujansai/Desktop/NRG/tests/integration/test_postgresql_connection.py:39: Requires POSTGRES_DATABASE_URL environment variable</skipped></testcase><testcase classname="tests.integration.test_api_gateway.TestAuthEnforcement" name="test_protected_endpoints_require_auth" time="0.006"><skipped type="pytest.skip" message="Requires running API server (set NRG_API_RUNNING=1)">/Users/srujansai/Desktop/NRG/tests/integration/test_api_gateway.py:46: Requires running API server (set NRG_API_RUNNING=1)</skipped></testcase><testcase classname="tests.integration.test_pipeline_e2e" name="test_pipeline_sql_path_number_with_citation" time="6.003" /><testcase classname="tests.integration.test_postgresql_connection.TestPostgresPool" name="test_pool_initialized_with_config" time="0.008"><skipped type="pytest.skip" message="Requires POSTGRES_DATABASE_URL environment variable">/Users/srujansai/Desktop/NRG/tests/integration/test_postgresql_connection.py:46: Requires POSTGRES_DATABASE_URL environment variable</skipped></testcase><testcase classname="tests.integration.test_postgresql_connection.TestPostgresConnection" name="test_execute_insert_and_select" time="0.001"><skipped type="pytest.skip" message="Requires POSTGRES_DATABASE_URL environment variable">/Users/srujansai/Desktop/NRG/tests/integration/test_postgresql_connection.py:64: Requires POSTGRES_DATABASE_URL environment variable</skipped></testcase><testcase classname="tests.integration.test_postgresql_connection.TestPostgresConnection" name="test_fetch_all_returns_list_of_dicts" time="0.002"><skipped type="pytest.skip" message="Requires POSTGRES_DATABASE_URL environment variable">/Users/srujansai/Desktop/NRG/tests/integration/test_postgresql_connection.py:91: Requires POSTGRES_DATABASE_URL environment variable</skipped></testcase><testcase classname="tests.integration.test_postgresql_connection.TestPostgresConnection" name="test_fetch_one_returns_none_when_no_match" time="0.002"><skipped type="pytest.skip" message="Requires POSTGRES_DATABASE_URL environment variable">/Users/srujansai/Desktop/NRG/tests/integration/test_postgresql_connection.py:121: Requires POSTGRES_DATABASE_URL environment variable</skipped></testcase><testcase classname="tests.integration.test_postgresql_connection.TestPostgresConnection" name="test_transaction_commits_on_success" time="0.002"><skipped type="pytest.skip" message="Requires POSTGRES_DATABASE_URL environment variable">/Users/srujansai/Desktop/NRG/tests/integration/test_postgresql_connection.py:133: Requires POSTGRES_DATABASE_URL environment variable</skipped></testcase><testcase classname="tests.integration.test_postgresql_connection.TestPostgresConnection" name="test_transaction_rolls_back_on_error" time="0.006"><skipped type="pytest.skip" message="Requires POSTGRES_DATABASE_URL environment variable">/Users/srujansai/Desktop/NRG/tests/integration/test_postgresql_connection.py:156: Requires POSTGRES_DATABASE_URL environment variable</skipped></testcase><testcase classname="tests.data.test_database_v2.TestNRGDatabaseV2" name="test_execute_raw_query" time="0.459" /><testcase classname="tests.frontend.test_login_presets" name="test_government_persona_uses_backend_seed_password" time="0.005" /><testcase classname="tests.integration.test_postgresql_connection.TestPostgresConnection" name="test_execute_with_retry_succeeds" time="0.013"><skipped type="pytest.skip" message="Requires POSTGRES_DATABASE_URL environment variable">/Users/srujansai/Desktop/NRG/tests/integration/test_postgresql_connection.py:186: Requires POSTGRES_DATABASE_URL environment variable</skipped></testcase><testcase classname="tests.integration.test_postgresql_connection.TestConnectionPoolBehavior" name="test_is_overloaded_false_under_normal_load" time="0.003"><skipped type="pytest.skip" message="Requires POSTGRES_DATABASE_URL environment variable">/Users/srujansai/Desktop/NRG/tests/integration/test_postgresql_connection.py:209: Requires POSTGRES_DATABASE_URL environment variable</skipped></testcase><testcase classname="tests.integration.test_postgresql_connection.TestConnectionPoolBehavior" name="test_mask_url_handles_empty_url" time="0.001"><skipped type="pytest.skip" message="Requires POSTGRES_DATABASE_URL environment variable">/Users/srujansai/Desktop/NRG/tests/integration/test_postgresql_connection.py:225: Requires POSTGRES_DATABASE_URL environment variable</skipped></testcase><testcase classname="tests.integration.test_postgresql_connection.TestConnectionPoolBehavior" name="test_mask_url_handles_url_without_password" time="0.001"><skipped type="pytest.skip" message="Requires POSTGRES_DATABASE_URL environment variable">/Users/srujansai/Desktop/NRG/tests/integration/test_postgresql_connection.py:230: Requires POSTGRES_DATABASE_URL environment variable</skipped></testcase><testcase classname="tests.integration.test_postgresql_connection.TestDatabaseHealthCheck" name="test_health_check_returns_healthy_status" time="0.001"><skipped type="pytest.skip" message="Requires POSTGRES_DATABASE_URL environment variable">/Users/srujansai/Desktop/NRG/tests/integration/test_postgresql_connection.py:197: Requires POSTGRES_DATABASE_URL environment variable</skipped></testcase><testcase classname="tests.integration.test_query_caching.TestQueryCaching" name="test_identical_queries_hit_cache" time="1.000" /><testcase classname="tests.integration.test_postgresql_connection.TestConnectionPoolBehavior" name="test_mask_url_hides_password" time="0.001"><skipped type="pytest.skip" message="Requires POSTGRES_DATABASE_URL environment variable">/Users/srujansai/Desktop/NRG/tests/integration/test_postgresql_connection.py:217: Requires POSTGRES_DATABASE_URL environment variable</skipped></testcase><testcase classname="tests.integration.test_real_queries" name="test_schema_extractor_outputs_full_nrg_schema" time="7.455" /><testcase classname="tests.integration.test_query_caching.TestQueryCaching" name="test_different_queries_not_cached_together" time="1.325" /><testcase classname="tests.auth.test_jwt_handler" name="test_revoked_access_token_is_rejected" time="10.271" /><testcase classname="tests.data.test_database_v2.TestNRGDatabaseV2" name="test_query_publications_by_year" time="2.064" /><testcase classname="tests.evals.test_sql_accuracy.TestSQLAccuracyMetrics" name="test_few_shot_examples_loaded" time="0.007" /><testcase classname="tests.integration.test_real_queries" name="test_tier3_real_queries_generate_executable_sql_without_pii" time="6.890" /><testcase classname="tests.data.test_rls_policies" name="test_lb6_rls_uses_database_session_tier" time="0.015" /><testcase classname="tests.integration.test_schema_completeness.TestTableCompleteness" name="test_critical_tables_have_column_docs" time="0.148" /><testcase classname="tests.integration.test_schema_completeness.TestTableCompleteness" name="test_table_count_from_db_struct" time="0.693" /><testcase classname="tests.benchmarks.test_dhairya_regression.TestDhairyaBenchmarks" name="test_all_17_queries_generate_sql[3-Flag any institute where grant funding has dropped by more than 50% year-over-year between 2020-21 to 2021-22.-expected_patterns2]" time="1.316" /><testcase classname="tests.integration.test_real_queries" name="test_tier2_real_queries_generate_executable_sql_without_pii" time="4.502" /><testcase classname="tests.integration.test_schema_completeness.TestRelationshipMappings" name="test_all_tables_have_relationship_entry" time="0.017" /><testcase classname="tests.integration.test_schema_completeness.TestRelationshipMappings" name="test_join_path_q7" time="0.002" /><testcase classname="tests.integration.test_schema_completeness.TestRelationshipMappings" name="test_get_join_candidates" time="0.002" /><testcase classname="tests.integration.test_schema_completeness.TestRelationshipMappings" name="test_find_join_path_direct" time="0.002" /><testcase classname="tests.integration.test_schema_completeness.TestRelationshipMappings" name="test_find_join_path_indirect" time="0.002" /><testcase classname="tests.integration.test_schema_completeness.TestSchemaSyncCheck" name="test_parse_db_struct_sql" time="1.540" /><testcase classname="tests.integration.test_schema_completeness.TestRelationshipMappings" name="test_table_relationships_module_imports" time="0.030" /><testcase classname="tests.integration.test_schema_completeness.TestSchemaSyncCheck" name="test_parse_contains_primary_keys" time="1.260" /><testcase classname="tests.integration.test_schema_completeness.TestSchemaSyncCheck" name="test_parse_contains_columns" time="1.219" /><testcase classname="tests.integration.test_schema_completeness.TestSchemaSyncCheck" name="test_get_dhairya_required_tables" time="0.015" /><testcase classname="tests.integration.test_schema_completeness.TestProductionMigrationParity" name="test_migration_creates_all_58_db_struct_tables[migration_path0]" time="0.946" /><testcase classname="tests.integration.test_postgresql_connection.TestDatabaseManagerInit" name="test_detects_postgresql_driver" time="0.001"><skipped type="pytest.skip" message="Requires POSTGRES_DATABASE_URL environment variable">/Users/srujansai/Desktop/NRG/tests/integration/test_postgresql_connection.py:26: Requires POSTGRES_DATABASE_URL environment variable</skipped></testcase><testcase classname="tests.integration.test_schema_completeness.TestDualDriverSupport" name="test_detect_sqlite_driver" time="0.003" /><testcase classname="tests.integration.test_schema_completeness.TestDualDriverSupport" name="test_detect_postgresql_driver" time="0.002" /><testcase classname="tests.integration.test_schema_completeness.TestDualDriverSupport" name="test_detect_unknown_driver" time="0.004" /><testcase classname="tests.integration.test_schema_completeness.TestDualDriverSupport" name="test_create_schema_extractor_postgresql" time="0.002" /><testcase classname="tests.integration.test_schema_completeness.TestDualDriverSupport" name="test_create_schema_extractor_sqlite" time="0.003" /><testcase classname="tests.integration.test_schema_completeness.TestSQLitePostgreSQLTableSplit" name="test_postgresql_only_tables_count" time="0.002" /><testcase classname="tests.integration.test_schema_completeness.TestSQLitePostgreSQLTableSplit" name="test_sqlite_only_tables_count" time="0.002" /><testcase classname="tests.integration.test_postgresql_connection.TestPostgresPool" name="test_pool_stats_returns_valid_stats" time="0.001"><skipped type="pytest.skip" message="Requires POSTGRES_DATABASE_URL environment variable">/Users/srujansai/Desktop/NRG/tests/integration/test_postgresql_connection.py:52: Requires POSTGRES_DATABASE_URL environment variable</skipped></testcase><testcase classname="tests.integration.test_schema_completeness.TestSQLitePostgreSQLTableSplit" name="test_no_overlap" time="0.003" /><testcase classname="tests.integration.test_schema_completeness.TestSchemaSyncCheck" name="test_normalize_type" time="0.012" /><testcase classname="tests.integration.test_schema_completeness.TestSQLitePostgreSQLTableSplit" name="test_dhairya_tables_all_postgresql" time="0.002" /><testcase classname="tests.misc.test_zero_coverage_modules.TestReflectorNode" name="test_validate_output_completeness_missing_field" time="0.008" /><testcase classname="tests.misc.test_zero_coverage_modules.TestReflectorNode" name="test_validate_output_completeness_insufficient_results" time="0.011" /><testcase classname="tests.misc.test_zero_coverage_modules.TestReflectorNode" name="test_validate_output_completeness_timeout" time="0.003" /><testcase classname="tests.misc.test_zero_coverage_modules.TestReflectorNode" name="test_validate_output_completeness_pass" time="0.008" /><testcase classname="tests.misc.test_zero_coverage_modules.TestRetryHandler" name="test_handle_retry_success" time="0.007" /><testcase classname="tests.misc.test_zero_coverage_modules.TestRetryHandler" name="test_handle_retry_eventual_success" time="1.207" /><testcase classname="tests.misc.test_zero_coverage_modules.TestMultiHopWorkflow" name="test_execute_multi_hop_query_fails_closed" time="0.055" /><testcase classname="tests.misc.test_zero_coverage_modules.TestRetryHandler" name="test_handle_retry_failure" time="1.457" /><testcase classname="tests.misc.test_zero_coverage_modules.TestAccessControlLabels" name="test_access_tier_values" time="0.006" /><testcase classname="tests.misc.test_zero_coverage_modules.TestAccessControlLabels" name="test_labeler_researcher_fields" time="0.003" /><testcase classname="tests.misc.test_zero_coverage_modules.TestAccessControlLabels" name="test_labeler_publication_fields" time="0.011" /><testcase classname="tests.misc.test_zero_coverage_modules.TestAccessControlLabels" name="test_labeler_funding_fields" time="0.001" /><testcase classname="tests.misc.test_zero_coverage_modules.TestAccessControlLabels" name="test_create_access_label" time="0.002" /><testcase classname="tests.misc.test_zero_coverage_modules.TestAccessControlLabels" name="test_get_access_tier_description" time="0.025" /><testcase classname="tests.misc.test_zero_coverage_modules.TestAccessControlLabels" name="test_validate_access_tier" time="0.002" /><testcase classname="tests.misc.test_zero_coverage_modules.TestCheckpoint" name="test_sqlite_saver_crud" time="0.076" /><testcase classname="tests.misc.test_zero_coverage_modules.TestCheckpoint" name="test_get_checkpointer" time="0.006" /><testcase classname="tests.integration.test_schema_completeness.TestProductionMigrationParity" name="test_migration_creates_all_58_db_struct_tables[migration_path1]" time="0.455" /><testcase classname="tests.observability.test_metrics.TestApiMetrics" name="test_metrics_returns_valid_json" time="0.477" /><testcase classname="tests.integration.test_pipeline_e2e" name="test_pipeline_tier3_email_request_has_no_pii_leakage" time="0.545" /><testcase classname="tests.observability.test_metrics.TestApiMetrics" name="test_metrics_requires_tier_1" time="0.281" /><testcase classname="tests.observability.test_metrics.TestApiMetrics" name="test_metrics_prometheus_format" time="0.135" /><testcase classname="tests.observability.test_metrics.TestApiMetrics" name="test_metrics_includes_audit_chain_info" time="0.196" /><testcase classname="tests.observability.test_metrics.TestProvidersHealthEndpoint" name="test_providers_health_returns_json" time="0.033" /><testcase classname="tests.observability.test_metrics.TestApiMetrics" name="test_metrics_includes_provider_health" time="0.361" /><testcase classname="tests.integration.test_schema_completeness.TestRelationshipMappings" name="test_dhairya_critical_tables_have_app_joins" time="0.013" /><testcase classname="tests.misc.test_zero_coverage_modules.TestMultiHopWorkflow" name="test_validate_multi_hop_results_fails_closed" time="0.024" /><testcase classname="tests.observability.test_metrics.TestSloTrackerAnomalyAlerting" name="test_provider_zero_success_rate_triggers_critical" time="0.012" /><testcase classname="tests.observability.test_metrics.TestLangfuseTracing" name="test_langfuse_decorator_silent_when_no_keys" time="0.002" /><testcase classname="tests.observability.test_metrics.TestLangfuseTracing" name="test_rag_retrieval_decorator_exists" time="0.002" /><testcase classname="tests.observability.test_metrics.TestApiMetrics" name="test_metrics_includes_slo_status" time="0.343" /><testcase classname="tests.observability.test_metrics.TestLangfuseTracing" name="test_trace_sql_generation_wraps_function" time="0.002" /><testcase classname="tests.observability.test_metrics.TestIngestionScript" name="test_chunk_text_splits_correctly" time="0.115" /><testcase classname="tests.observability.test_metrics.TestLangfuseTracing" name="test_sql_generation_decorator_exists" time="0.002" /><testcase classname="tests.observability.test_metrics.TestIngestionScript" name="test_sha256_hashing_for_dedup" time="0.030" /><testcase classname="tests.observability.test_metrics.TestIngestionScript" name="test_ingest_script_handles_malformed_csv" time="0.051" /><testcase classname="tests.observability.test_metrics.TestAnomalyAlertingIntegration" name="test_audit_write_blocked_after_chain_failure" time="0.008" /><testcase classname="tests.observability.test_vector_drift.TestCosineShift" name="test_identical_vectors_near_zero_shift" time="0.002" /><testcase classname="tests.observability.test_vector_drift.TestCosineShift" name="test_opposite_vectors_max_shift" time="0.002" /><testcase classname="tests.observability.test_metrics.TestAnomalyAlertingIntegration" name="test_audit_unblocked_after_recovery" time="0.017" /><testcase classname="tests.observability.test_vector_drift.TestTriggerReindex" name="test_trigger_posts_to_reindex_endpoint" time="0.015" /><testcase classname="tests.observability.test_vector_drift.TestCheckCosineShift" name="test_no_reference_establishes_baseline" time="0.009" /><testcase classname="tests.observability.test_metrics.TestIngestionScript" name="test_ingest_csv_parser" time="0.106" /><testcase classname="tests.observability.test_vector_drift.TestCosineShift" name="test_orthogonal_vectors_high_shift" time="0.037" /><testcase classname="tests.observability.test_vector_drift.TestTriggerReindex" name="test_trigger_skips_when_no_token" time="0.012" /><testcase classname="tests.observability.test_vector_drift.TestSLOThresholds" name="test_cosine_shift_threshold_exactly_005" time="0.002" /><testcase classname="tests.observability.test_vector_drift.TestSLOThresholds" name="test_benchmark_queries_count" time="0.002" /><testcase classname="tests.observability.test_vector_drift.TestDriftCheckRuntime" name="test_qdrant_unhealthy_is_not_benchmark_ready" time="0.002" /><testcase classname="tests.observability.test_vector_drift.TestCheckCosineShift" name="test_shift_above_threshold_triggers_reindex" time="0.009" /><testcase classname="tests.observability.test_vector_drift.TestDriftCheckRuntime" name="test_qdrant_empty_collection_is_not_benchmark_ready" time="0.001" /><testcase classname="tests.observability.test_metrics.TestSloTrackerAnomalyAlerting" name="test_p95_breach_triggers_warning" time="0.016" /><testcase classname="tests.observability.test_vector_drift.TestDriftCheckRuntime" name="test_qdrant_unindexed_collection_is_not_benchmark_ready" time="0.002" /><testcase classname="tests.observability.test_metrics.TestVectorsHealthEndpoint" name="test_vectors_health_returns_collection_stats" time="0.824"><skipped type="pytest.skip" message="Qdrant not available">/Users/srujansai/Desktop/NRG/tests/observability/test_metrics.py:124: Qdrant not available</skipped></testcase><testcase classname="tests.observability.test_vector_drift.TestDriftCheckRuntime" name="test_run_drift_check_reuses_one_embedder_for_all_benchmarks" time="0.004" /><testcase classname="tests.observability.test_vector_drift.TestSLOThresholds" name="test_drift_slo_exactly_085" time="0.003" /><testcase classname="tests.observability.test_vector_drift.TestDriftCheckRuntime" name="test_qdrant_with_vectors_is_benchmark_ready" time="0.002" /><testcase classname="tests.observability.test_vector_drift_scheduler" name="test_scheduler_sleeps_for_configured_60_second_interval" time="0.010" /><testcase classname="tests.observability.test_vector_drift.TestCheckCosineShift" name="test_stable_when_shift_below_threshold" time="0.009" /><testcase classname="tests.orchestration.test_complex_queries.ComplexQueriesTest" name="test_output_completeness" time="0.005" /><testcase classname="tests.observability.test_vector_drift_scheduler" name="test_scheduler_does_not_reindex_when_stable" time="0.017" /><testcase classname="tests.observability.test_vector_drift_scheduler" name="test_default_interval_is_60_seconds" time="0.014" /><testcase classname="tests.orchestration.test_complex_queries.ComplexQueriesTest" name="t
[...]
e="0.004" /><testcase classname="tests.skills.test_text_to_sql_rewriter" name="test_rewriter_rejects_non_select_and_multi_statement_sql" time="0.003" /><testcase classname="tests.skills.test_text_to_sql_rewriter" name="test_rewriter_injects_tier_filter_and_limit_for_tier_aware_tables" time="0.033" /><testcase classname="tests.skills.test_text_to_sql.TestTextToSQLSkill" name="test_fallback_sql_year_filter" time="0.010" /><testcase classname="tests.skills.test_text_to_sql.TestTextToSQLSkill" name="test_fallback_sql" time="0.006" /><testcase classname="tests.skills.test_text_to_sql_semantic_anomaly" name="test_detects_zero_row_risky_applicant_join" time="0.005" /><testcase classname="tests.security.test_zero_leakage.TestDataBoundary" name="test_tier_filtering_rag" time="0.002"><skipped type="pytest.skip" message="Qdrant not available (set QDRANT_AVAILABLE=1 to enable)">/Users/srujansai/Desktop/NRG/tests/security/test_zero_leakage.py:101: Qdrant not available (set QDRANT_AVAILABLE=1 to enable)</skipped></testcase><testcase classname="tests.skills.test_text_to_sql_rewriter" name="test_rewriter_does_not_duplicate_existing_tier_filter" time="0.004" /><testcase classname="tests.skills.test_text_to_sql_semantic_anomaly" name="test_normalized_nonempty_join_is_not_anomalous" time="0.011" /><testcase classname="tests.skills.test_validator.TestSQLValidator" name="test_update_rejected" time="0.004" /><testcase classname="tests.skills.test_text_to_sql_rewriter" name="test_rewriter_clamps_existing_limit_to_maximum" time="0.039" /><testcase classname="tests.skills.test_validator.TestSQLValidator" name="test_valid_select_passes" time="0.010" /><testcase classname="tests.skills.test_validator.TestSQLValidator" name="test_delete_rejected" time="0.003" /><testcase classname="tests.skills.test_validator.TestSQLValidator" name="test_limit_exceeded_rejected" time="0.004" /><testcase classname="tests.skills.test_validator.TestSQLValidator" name="test_multi_statement_rejected" time="0.006" /><testcase classname="tests.skills.test_text_to_sql_semantic_anomaly" name="test_single_table_zero_result_does_not_force_join_clarification" time="0.018" /><testcase classname="tests.skills.test_validator.TestSQLValidator" name="test_validation_time_tracked" time="0.003" /><testcase classname="tests.skills.test_text_to_sql.TestSchemaExtractor" name="test_schema_has_no_data" time="3.077" /><testcase classname="tests.skills.test_validator.TestSQLValidator" name="test_disallowed_table_rejected" time="0.003" /><testcase classname="tests.skills.test_validator.TestAdversarialTests" name="test_adversarial_suite" time="0.350" /><testcase classname="tests.snapshot.test_component_rendering.TestComponentRendering" name="test_answer_panel_renders" time="0.002"><skipped type="pytest.skip" message="Playwright snapshot tests require frontend running">/Users/srujansai/Desktop/NRG/tests/snapshot/test_component_rendering.py:19: Playwright snapshot tests require frontend running</skipped></testcase><testcase classname="tests.skills.test_validator.TestSQLValidator" name="test_drop_rejected" time="0.004" /><testcase classname="tests.snapshot.test_component_rendering.TestComponentRendering" name="test_researcher_list_renders" time="0.002"><skipped type="pytest.skip" message="Playwright snapshot tests require frontend running">/Users/srujansai/Desktop/NRG/tests/snapshot/test_component_rendering.py:31: Playwright snapshot tests require frontend running</skipped></testcase><testcase classname="tests.snapshot.test_component_rendering.TestComponentRendering" name="test_query_input_renders" time="0.004"><skipped type="pytest.skip" message="Playwright snapshot tests require frontend running">/Users/srujansai/Desktop/NRG/tests/snapshot/test_component_rendering.py:35: Playwright snapshot tests require frontend running</skipped></testcase><testcase classname="tests.snapshot.test_component_rendering.TestDashboardLayout" name="test_dashboard_cards_present" time="0.004"><skipped type="pytest.skip" message="Playwright snapshot tests require frontend running">/Users/srujansai/Desktop/NRG/tests/snapshot/test_component_rendering.py:43: Playwright snapshot tests require frontend running</skipped></testcase><testcase classname="tests.snapshot.test_component_rendering.TestDashboardLayout" name="test_dashboard_layout_not_broken" time="0.002"><skipped type="pytest.skip" message="Playwright snapshot tests require frontend running">/Users/srujansai/Desktop/NRG/tests/snapshot/test_component_rendering.py:47: Playwright snapshot tests require frontend running</skipped></testcase><testcase classname="tests.training.test_data_collector.TestPIIHandling" name="test_scrub_email" time="0.003" /><testcase classname="tests.training.test_data_collector.TestPIIHandling" name="test_scrub_phone" time="0.001" /><testcase classname="tests.training.test_data_collector.TestPIIHandling" name="test_scrub_aadhaar" time="0.001" /><testcase classname="tests.training.test_data_collector.TestPIIHandling" name="test_scrub_pan" time="0.001" /><testcase classname="tests.training.test_data_collector.TestPIIHandling" name="test_scrub_dict" time="0.001" /><testcase classname="tests.training.test_data_collector.TestPIIHandling" name="test_scrub_nested_dict" time="0.001" /><testcase classname="tests.training.test_data_collector.TestPIIHandling" name="test_scrub_list" time="0.001" /><testcase classname="tests.training.test_data_collector.TestPIIHandling" name="test_scrub_none" time="0.001" /><testcase classname="tests.training.test_data_collector.TestPIIHandling" name="test_scrub_empty" time="0.001" /><testcase classname="tests.training.test_data_collector.TestTrainingDataCollector" name="test_singleton" time="0.006" /><testcase classname="tests.skills.test_validator.TestSQLValidator" name="test_insert_rejected" time="0.009" /><testcase classname="tests.training.test_data_collector.TestTrainingDataCollector" name="test_capture_creates_record" time="0.026" /><testcase classname="tests.training.test_data_collector.TestTrainingDataCollector" name="test_capture_routes_normalized" time="0.025" /><testcase classname="tests.training.test_data_collector.TestTrainingDataCollector" name="test_update_feedback" time="0.027" /><testcase classname="tests.training.test_data_collector.TestTrainingDataCollector" name="test_capture_grades_sql_no_rows_reject" time="0.032" /><testcase classname="tests.training.test_data_collector.TestTrainingDataCollector" name="test_get_stats" time="0.043" /><testcase classname="tests.training.test_data_collector.TestTrainingDataCollector" name="test_mark_exported" time="0.042" /><testcase classname="tests.training.test_data_collector.TestTrainingDataCollector" name="test_capture_stores_training_pair" time="0.034" /><testcase classname="tests.skills.test_text_to_sql.TestSandbox" name="test_select_only" time="0.003" /><testcase classname="tests.training.test_data_collector.TestTrainingDataCollector" name="test_get_training_pairs_grade_filter" time="0.045" /><testcase classname="tests.training.test_data_collector.TestTrainingDataCollector" name="test_capture_async_does_not_raise" time="0.271" /><testcase classname="tests.training.test_data_collector.TestTrainingDataCollector" name="test_export_produces_valid_jsonl" time="0.058" /><testcase classname="tests.training.test_data_collector.TestTrainingDataCollector" name="test_get_training_pairs_filters_by_grade" time="0.062" /><testcase classname="tests.training.test_quality_filter.TestCosineSimilarity" name="test_identical_vectors" time="0.002" /><testcase classname="tests.training.test_quality_filter.TestCosineSimilarity" name="test_empty_vector" time="0.004" /><testcase classname="tests.training.test_data_collector.TestTrainingDataCollector" name="test_pii_scrubbing_no_raw_pii_in_stored_pairs" time="0.044" /><testcase classname="tests.training.test_quality_filter.TestCosineSimilarity" name="test_partial_overlap" time="0.002" /><testcase classname="tests.training.test_data_collector.TestTrainingDataCollector" name="test_quality_filter_grades_correctly" time="0.053" /><testcase classname="tests.training.test_quality_filter.TestQueryEmbedding" name="test_embedding_length" time="0.002" /><testcase classname="tests.training.test_quality_filter.TestQueryEmbedding" name="test_same_query_same_embedding" time="0.002" /><testcase classname="tests.training.test_quality_filter.TestCosineSimilarity" name="test_opposite_vectors" time="0.002" /><testcase classname="tests.training.test_quality_filter.TestCosineSimilarity" name="test_orthogonal_vectors" time="0.002" /><testcase classname="tests.training.test_quality_filter.TestQueryEmbedding" name="test_different_queries_different_embeddings" time="0.002" /><testcase classname="tests.training.test_quality_filter.TestQueryEmbedding" name="test_empty_query" time="0.002" /><testcase classname="tests.training.test_quality_filter.TestQualityFilter" name="test_grade_gold" time="0.002" /><testcase classname="tests.training.test_quality_filter.TestQualityFilter" name="test_grade_silver" time="0.002" /><testcase classname="tests.training.test_quality_filter.TestQualityFilter" name="test_grade_reject_empty_response" time="0.002" /><testcase classname="tests.training.test_quality_filter.TestQualityFilter" name="test_grade_bronze" time="0.002" /><testcase classname="tests.training.test_quality_filter.TestQualityFilter" name="test_grade_reject_sql_error" time="0.002" /><testcase classname="tests.training.test_quality_filter.TestQualityFilter" name="test_grade_reject_pii_not_scrubbed" time="0.001" /><testcase classname="tests.training.test_quality_filter.TestQualityFilter" name="test_grade_reject_sql_no_rows_short_response" time="0.002" /><testcase classname="tests.snapshot.test_component_rendering.TestComponentRendering" name="test_dashboard_cards_positioned_correctly" time="0.002"><skipped type="pytest.skip" message="Playwright snapshot tests require frontend running">/Users/srujansai/Desktop/NRG/tests/snapshot/test_component_rendering.py:27: Playwright snapshot tests require frontend running</skipped></testcase><testcase classname="tests.training.test_quality_filter.TestQualityFilter" name="test_filter_pairs_dedup" time="0.002" /><testcase classname="tests.training.test_quality_filter.TestQualityFilter" name="test_filter_pairs_all_reject" time="0.003" /><testcase classname="tests.training.test_quality_filter.TestQualityFilter" name="test_filter_batch" time="0.003" /><testcase classname="tests.training.test_quality_filter.TestRegradePair" name="test_regrade_silver" time="0.001" /><testcase classname="tests.training.test_quality_filter.TestQualityFilter" name="test_get_export_grade_filter" time="0.009" /><testcase classname="tests.training.test_quality_filter.TestRegradePair" name="test_regrade_gold" time="0.001" /><testcase classname="tests.training.test_quality_filter.TestQualityFilter" name="test_get_export_grade_filter_gold_only" time="0.002" /><testcase classname="tests.training.test_stratified_sampler.TestQueryTypeClassification" name="test_classifies_lookup" time="0.006" /><testcase classname="tests.training.test_quality_filter.TestRegradePair" name="test_regrade_reject" time="0.001" /><testcase classname="tests.training.test_quality_filter.TestRegradePair" name="test_regrade_bronze" time="0.001" /><testcase classname="tests.training.test_stratified_sampler.TestQueryTypeClassification" name="test_classifies_time_series" time="0.006" /><testcase classname="tests.training.test_stratified_sampler.TestQueryTypeClassification" name="test_classifies_comparison" time="0.007" /><testcase classname="tests.training.test_quality_filter.TestRegradePair" name="test_regrade_sql_no_rows_reject" time="0.001" /><testcase classname="tests.training.test_stratified_sampler.TestQueryTypeClassification" name="test_classifies_aggregation" time="0.012" /><testcase classname="tests.training.test_stratified_sampler.TestQueryTypeClassification" name="test_classifies_top_n" time="0.015" /><testcase classname="tests.training.test_stratified_sampler.TestQueryTypeClassification" name="test_unknown_returns_lookup" time="0.002" /><testcase classname="tests.training.test_stratified_sampler.TestQueryTypeClassification" name="test_all_six_query_types_available" time="0.002" /><testcase classname="tests.training.test_stratified_sampler.TestQueryTypeClassification" name="test_classifies_cross_domain" time="0.005" /><testcase classname="tests.training.test_data_collector.TestTrainingDataCollector" name="test_capture_async_is_fire_and_forget" time="0.559" /><testcase classname="tests.training.test_stratified_sampler.TestStratifyPairs" name="test_empty_input_returns_empty" time="0.001" /><testcase classname="tests.training.test_stratified_sampler.TestStratifyPairs" name="test_no_query_type_zero_buckets" time="0.006" /><testcase classname="tests.training.test_stratified_sampler.TestStratifyPairs" name="test_oversample_flag_upsamples_minority" time="0.003" /><testcase classname="tests.training.test_stratified_sampler.TestGoldPreservation" name="test_balanced_sample_preserves_gold_pairs" time="0.003" /><testcase classname="tests.training.test_stratified_sampler.TestStratifyPairs" name="test_stratify_respects_max_total" time="0.013" /><testcase classname="tests.unit.test_compose_config" name="test_prod_profile_starts_postgres_dependency" time="0.156" /><testcase classname="tests.training.test_stratified_sampler.TestIntegration" name="test_default_config_values" time="0.001" /><testcase classname="tests.unit.test_compose_config" name="test_kong_uses_non_conflicting_public_port" time="0.155" /><testcase classname="tests.training.test_stratified_sampler.TestDiversityProfile" name="test_diversity_profile_computed" time="0.003" /><testcase classname="tests.training.test_stratified_sampler.TestIntegration" name="test_get_balanced_sample_main_entry_point" time="0.003" /><testcase classname="tests.unit.test_compose_config" name="test_default_compose_up_includes_postgres_dependency" time="0.268" /><testcase classname="tests.unit.test_compose_config" name="test_dev_profile_starts_all_dev_dependencies" time="0.151" /><testcase classname="tests.unit.test_compose_config" name="test_api_container_uses_service_hostnames_for_dependencies" time="0.241" /><testcase classname="tests.unit.test_database.TestNRGDatabase" name="test_database_connection" time="0.157" /><testcase classname="tests.skills.test_text_to_sql.TestSandbox" name="test_readonly_query" time="0.018" /><testcase classname="tests.unit.test_database_path" name="test_absolute_database_url_is_preserved" time="0.019" /><testcase classname="tests.unit.test_database_path" name="test_nrg_database_uses_database_url" time="0.007" /><testcase classname="tests.unit.test_database_path" name="test_sqlite_connection_creates_parent_directory" time="0.015" /><testcase classname="tests.unit.test_local_llm_client" name="test_get_local_llm_client_prefers_llama_cpp" time="0.003" /><testcase classname="tests.unit.test_local_llm_client" name="test_get_local_llm_client_skips_hf_loader_by_default" time="0.009" /><testcase classname="tests.unit.test_synthesis_cascade" name="test_cloud_tier_succeeds" time="0.202" /><testcase classname="tests.training.test_stratified_sampler.TestStratifyPairs" name="test_stratify_enforces_minimums" time="0.010" /><testcase classname="tests.unit.test_synthesis_cascade" name="test_both_fail_uses_rule_based" time="0.452" /><testcase classname="tests.unit.test_database.TestNRGDatabase" name="test_schema_initialization" time="0.388" /><testcase classname="tests.unit.test_database.TestNRGDatabase" name="test_insert_researcher" time="0.367" /><testcase classname="tests.unit.test_database.TestNRGDatabase" name="test_query_researchers_by_research_area" time="0.367" /><testcase classname="tests.unit.test_synthesis_cascade" name="test_cloud_falls_back_to_local" time="0.016" /><testcase classname="tests.unit.test_database_path" name="test_relative_database_url_resolves_from_repo_root" time="0.005" /><testcase classname="tests.utils.test_helpers.TestGenerateUUID" name="test_returns_string" time="0.002" /><testcase classname="tests.utils.test_helpers.TestHashString" name="test_returns_hex_string" time="0.003" /><testcase classname="tests.utils.test_helpers.TestHashString" name="test_deterministic" time="0.008" /><testcase classname="tests.utils.test_helpers.TestJsonSerialize" name="test_serializes_dict" time="0.004" /><testcase classname="tests.utils.test_helpers.TestJsonSerialize" name="test_serializes_list" time="0.003" /><testcase classname="tests.unit.test_database.TestNRGDatabase" name="test_query_researchers_by_state" time="0.354" /><testcase classname="tests.skills.test_text_to_sql.TestTextToSQLSkill" name="test_execute" time="0.071" /><testcase classname="tests.utils.test_helpers.TestValidateRequiredFields" name="test_all_present" time="0.004" /><testcase classname="tests.utils.test_helpers.TestValidateRequiredFields" name="test_empty_value_considered_missing" time="0.012" /><testcase classname="tests.unit.test_database_path" name="test_postgresql_database_url_uses_configured_auth_sidecar" time="0.008" /><testcase classname="tests.utils.test_helpers.TestGetTimestamp" name="test_returns_iso_string" time="0.002" /><testcase classname="tests.utils.test_helpers.TestValidateRequiredFields" name="test_none_value_considered_missing" time="0.002" /><testcase classname="tests.utils.test_helpers.TestSafeGet" name="test_existing_key" time="0.003" /><testcase classname="tests.utils.test_helpers.TestSafeGet" name="test_missing_key_no_default" time="0.003" /><testcase classname="tests.utils.test_helpers.TestBatchList" name="test_batches_correctly" time="0.003" /><testcase classname="tests.utils.test_helpers.TestBatchList" name="test_exact_batch_size" time="0.002" /><testcase classname="tests.unit.test_database.TestNRGDatabase" name="test_get_researcher_by_id_not_found" time="0.200" /><testcase classname="tests.utils.test_helpers.TestBatchList" name="test_batch_larger_than_list" time="0.002" /><testcase classname="tests.utils.test_logging_config.TestJSONFormatter" name="test_formats_log_record" time="0.011" /><testcase classname="tests.utils.test_helpers.TestValidateRequiredFields" name="test_missing_field" time="0.002" /><testcase classname="tests.utils.test_logging_config.TestSetupLogging" name="test_returns_root_logger" time="0.004" /><testcase classname="tests.utils.test_logging_config.TestSetupLogging" name="test_sets_info_level" time="0.015" /><testcase classname="tests.unit.test_synthesis_cascade" name="test_rule_based_handles_aggregate_counts" time="0.002" /><testcase classname="tests.utils.test_logging_config.TestJSONFormatter" name="test_includes_exception" time="0.010" /><testcase classname="tests.utils.test_logging_config.TestSetupLogging" name="test_clears_existing_handlers" time="0.005" /><testcase classname="tests.unit.test_database.TestNRGDatabase" name="test_database_close" time="0.159" /><testcase classname="tests.utils.test_logging_config.TestSetupLogging" name="test_json_format" time="0.063" /><testcase classname="tests.utils.test_helpers.TestSafeGet" name="test_missing_key_with_default" time="0.003" /><testcase classname="tests.utils.test_logging_config.TestSetupLogging" name="test_file_handler_created" time="0.084" /><testcase classname="tests.utils.test_helpers.TestBatchList" name="test_empty_list" time="0.065" /><testcase classname="tests.utils.test_helpers.TestGenerateUUID" name="test_returns_valid_uuid" time="0.046" /><testcase classname="tests.unit.test_synthesis_cascade" name="test_rule_based_formats_data_without_llm" time="0.010" /><testcase classname="tests.snapshot.test_component_rendering.TestComponentRendering" name="test_answer_panel_matches_snapshot" time="0.013"><skipped type="pytest.skip" message="Playwright snapshot tests require frontend running">/Users/srujansai/Desktop/NRG/tests/snapshot/test_component_rendering.py:23: Playwright snapshot tests require frontend running</skipped></testcase></testsuite></testsuites>