<?xml version="1.0" encoding="utf-8"?><testsuites><testsuite name="pytest" errors="0" failures="0" skipped="44" tests="218" time="34.062" timestamp="2026-04-26T03:11:54.209066" hostname="MacBook-Air.local"><testcase classname="tests.benchmarks.volumetric.test_volumetric_correctness.TestVolumetricDataIntegrity" name="test_concurrent_query_correctness[1]" time="0.000"><skipped type="pytest.skip" message="requires live API stack; set NRG_RUN_LIVE_E2E=1 to run">/Users/srujansai/Desktop/NRG/tests/benchmarks/volumetric/test_volumetric_correctness.py:49: requires live API stack; set NRG_RUN_LIVE_E2E=1 to run</skipped></testcase><testcase classname="tests.benchmarks.volumetric.test_volumetric_correctness.TestVolumetricDataIntegrity" name="test_concurrent_query_correctness[5]" time="0.000"><skipped type="pytest.skip" message="requires live API stack; set NRG_RUN_LIVE_E2E=1 to run">/Users/srujansai/Desktop/NRG/tests/benchmarks/volumetric/test_volumetric_correctness.py:49: requires live API stack; set NRG_RUN_LIVE_E2E=1 to run</skipped></testcase><testcase classname="tests.benchmarks.volumetric.test_volumetric_correctness.TestVolumetricDataIntegrity" name="test_concurrent_query_correctness[10]" time="0.000"><skipped type="pytest.skip" message="requires live API stack; set NRG_RUN_LIVE_E2E=1 to run">/Users/srujansai/Desktop/NRG/tests/benchmarks/volumetric/test_volumetric_correctness.py:49: requires live API stack; set NRG_RUN_LIVE_E2E=1 to run</skipped></testcase><testcase classname="tests.benchmarks.volumetric.test_volumetric_correctness.TestVolumetricDataIntegrity" name="test_no_duplicate_citations" time="0.000"><skipped type="pytest.skip" message="requires live API stack; set NRG_RUN_LIVE_E2E=1 to run">/Users/srujansai/Desktop/NRG/tests/benchmarks/volumetric/test_volumetric_correctness.py:88: requires live API stack; set NRG_RUN_LIVE_E2E=1 to run</skipped></testcase><testcase classname="tests.benchmarks.volumetric.test_volumetric_correctness.TestVolumetricDataIntegrity" name="test_response_completeness" time="0.000"><skipped type="pytest.skip" message="requires live API stack; set NRG_RUN_LIVE_E2E=1 to run">/Users/srujansai/Desktop/NRG/tests/benchmarks/volumetric/test_volumetric_correctness.py:106: requires live API stack; set NRG_RUN_LIVE_E2E=1 to run</skipped></testcase><testcase classname="tests.benchmarks.volumetric.test_volumetric_correctness.TestVolumetricDataIntegrity" name="test_pagination_consistency" time="0.000"><skipped type="pytest.skip" message="requires live API stack; set NRG_RUN_LIVE_E2E=1 to run">/Users/srujansai/Desktop/NRG/tests/benchmarks/volumetric/test_volumetric_correctness.py:132: requires live API stack; set NRG_RUN_LIVE_E2E=1 to run</skipped></testcase><testcase classname="tests.benchmarks.volumetric.test_volumetric_correctness.TestVolumetricDataIntegrity" name="test_structured_data_row_limits" time="0.000"><skipped type="pytest.skip" message="requires live API stack; set NRG_RUN_LIVE_E2E=1 to run">/Users/srujansai/Desktop/NRG/tests/benchmarks/volumetric/test_volumetric_correctness.py:150: requires live API stack; set NRG_RUN_LIVE_E2E=1 to run</skipped></testcase><testcase classname="tests.benchmarks.volumetric.test_volumetric_correctness.TestVolumetricDataIntegrity" name="test_cross_reference_integrity" time="0.000"><skipped type="pytest.skip" message="requires live API stack; set NRG_RUN_LIVE_E2E=1 to run">/Users/srujansai/Desktop/NRG/tests/benchmarks/volumetric/test_volumetric_correctness.py:165: requires live API stack; set NRG_RUN_LIVE_E2E=1 to run</skipped></testcase><testcase classname="tests.benchmarks.volumetric.test_volumetric_correctness.TestVolumetricDataIntegrity" name="test_tier_enforcement_at_scale" time="0.000"><skipped type="pytest.skip" message="requires live API stack; set NRG_RUN_LIVE_E2E=1 to run">/Users/srujansai/Desktop/NRG/tests/benchmarks/volumetric/test_volumetric_correctness.py:189: requires live API stack; set NRG_RUN_LIVE_E2E=1 to run</skipped></testcase><testcase classname="tests.benchmarks.volumetric.test_volumetric_correctness.TestVolumetricDataIntegrity" name="test_large_result_set_no_truncation" time="0.000"><skipped type="pytest.skip" message="requires live API stack; set NRG_RUN_LIVE_E2E=1 to run">/Users/srujansai/Desktop/NRG/tests/benchmarks/volumetric/test_volumetric_correctness.py:213: requires live API stack; set NRG_RUN_LIVE_E2E=1 to run</skipped></testcase><testcase classname="tests.benchmarks.volumetric.test_volumetric_correctness.TestVolumetricDataIntegrity" name="test_concurrent_write_consistency" time="0.000"><skipped type="pytest.skip" message="requires live API stack; set NRG_RUN_LIVE_E2E=1 to run">/Users/srujansai/Desktop/NRG/tests/benchmarks/volumetric/test_volumetric_correctness.py:230: requires live API stack; set NRG_RUN_LIVE_E2E=1 to run</skipped></testcase><testcase classname="tests.benchmarks.volumetric.test_volumetric_correctness.TestVolumetricDataIntegrity" name="test_cache_coherence" time="0.000"><skipped type="pytest.skip" message="requires live API stack; set NRG_RUN_LIVE_E2E=1 to run">/Users/srujansai/Desktop/NRG/tests/benchmarks/volumetric/test_volumetric_correctness.py:257: requires live API stack; set NRG_RUN_LIVE_E2E=1 to run</skipped></testcase><testcase classname="tests.benchmarks.volumetric.test_volumetric_correctness.TestVolumetricDataIntegrity" name="test_budget_enforcement_not_bypassed" time="0.000"><skipped type="pytest.skip" message="requires live API stack; set NRG_RUN_LIVE_E2E=1 to run">/Users/srujansai/Desktop/NRG/tests/benchmarks/volumetric/test_volumetric_correctness.py:287: requires live API stack; set NRG_RUN_LIVE_E2E=1 to run</skipped></testcase><testcase classname="tests.chaos.test_database_connection_failure.TestDatabaseConnectionFailure" name="test_database_kill_mid_query_returns_graceful_error" time="0.459" /><testcase classname="tests.chaos.test_database_connection_failure.TestDatabaseConnectionFailure" name="test_database_timeout_returns_valid_error" time="0.020" /><testcase classname="tests.chaos.test_database_connection_failure.TestDatabaseConnectionFailure" name="test_database_connection_refused" time="0.060" /><testcase classname="tests.chaos.test_database_connection_failure.TestDatabaseConnectionFailure" name="test_database_failure_does_not_crash_api" time="0.025" /><testcase classname="tests.chaos.test_database_connection_failure.TestDatabaseConnectionFailure" name="test_database_health_endpoint_on_failure" time="0.003" /><testcase classname="tests.chaos.test_llm_cascade_fallback.TestLLMCascadeFallback" name="test_nvidia_kill_mid_request_cascades_to_local" time="0.018" /><testcase classname="tests.chaos.test_llm_cascade_fallback.TestLLMCascadeFallback" name="test_nvidia_failure_returns_graceful_error" time="0.011" /><testcase classname="tests.chaos.test_llm_cascade_fallback.TestLLMCascadeFallback" name="test_local_fallback_schema_valid" time="0.012" /><testcase classname="tests.chaos.test_llm_cascade_fallback.TestLLMCascadeFallback" name="test_cascade_retries_and_succeeds" time="0.011" /><testcase classname="tests.chaos.test_llm_cascade_fallback.TestLLMCascadeFallback" name="test_fallback_indicates_degraded_mode" time="0.012" /><testcase classname="tests.chaos.test_llm_failover.TestLLMFailover" name="test_nvidia_failure_returns_502" time="0.001"><skipped type="pytest.skip" message="could not import 'monkeypatch': No module named 'monkeypatch'">/Users/srujansai/Desktop/NRG/tests/chaos/test_llm_failover.py:75: could not import 'monkeypatch': No module named 'monkeypatch'</skipped></testcase><testcase classname="tests.chaos.test_llm_failover.TestLLMFailover" name="test_nvidia_timeout_returns_valid_error" time="0.012" /><testcase classname="tests.chaos.test_llm_failover.TestLLMFailover" name="test_rate_limit_failure_triggers_retry" time="0.010" /><testcase classname="tests.chaos.test_llm_failover.TestLLMFailover" name="test_llm_returns_valid_response_structure_on_fallback" time="0.010" /><testcase classname="tests.chaos.test_llm_failover.TestCascadeToLocal" name="test_local_fallback_still_valid_schema" time="0.012" /><testcase classname="tests.chaos.test_llm_failover.TestCascadeToLocal" name="test_concurrent_queries_graceful_degradation" time="0.070" /><testcase classname="tests.chaos.test_llm_failover.TestChaosScenarios" name="test_database_failure_returns_503" time="0.025" /><testcase classname="tests.chaos.test_llm_failover.TestChaosScenarios" name="test_vector_db_failure_still_returns_results" time="0.013" /><testcase classname="tests.chaos.test_llm_failover.TestChaosScenarios" name="test_api_graceful_shutdown_during_request" time="0.013" /><testcase classname="tests.chaos.test_mesh_resilience.TestMeshResilience" name="test_primary_failure_fails_over_in_under_2s" time="0.000"><skipped type="pytest.skip" message="Timing-sensitive test - flaky under system load">/Users/srujansai/Desktop/NRG/tests/chaos/test_mesh_resilience.py:124: Timing-sensitive test - flaky under system load</skipped></testcase><testcase classname="tests.chaos.test_mesh_resilience.TestMeshResilience" name="test_all_cloud_providers_down_falls_to_rule_based" time="0.070" /><testcase classname="tests.chaos.test_mesh_resilience.TestMeshResilience" name="test_parallel_race_faster_provider_wins" time="0.000"><skipped type="pytest.skip" message="Timing-sensitive test - flaky under system load">/Users/srujansai/Desktop/NRG/tests/chaos/test_mesh_resilience.py:170: Timing-sensitive test - flaky under system load</skipped></testcase><testcase classname="tests.chaos.test_mesh_resilience.TestMeshResilience" name="test_health_weighted_skips_recent_failures" time="0.512" /><testcase classname="tests.chaos.test_mesh_resilience.TestMeshResilience" name="test_circuit_breaker_trips_after_3_failures" time="0.006" /><testcase classname="tests.chaos.test_mesh_resilience.TestMeshResilience" name="test_generates_returns_after_budget_exhaustion" time="0.000"><skipped type="pytest.skip" message="Timing-sensitive test - flaky under system load, requires GPU for fast local LLM">/Users/srujansai/Desktop/NRG/tests/chaos/test_mesh_resilience.py:232: Timing-sensitive test - flaky under system load, requires GPU for fast local LLM</skipped></testcase><testcase classname="tests.chaos.test_mesh_resilience.TestMeshResilience" name="test_mesh_tracks_provider_metrics_correctly" time="0.004" /><testcase classname="tests.chaos.test_mesh_resilience.TestMeshResilience" name="test_parallel_race_with_two_fast_providers" time="0.000"><skipped type="pytest.skip" message="Timing-sensitive test - flaky under system load">/Users/srujansai/Desktop/NRG/tests/chaos/test_mesh_resilience.py:277: Timing-sensitive test - flaky under system load</skipped></testcase><testcase classname="tests.chaos.test_mesh_resilience.TestMeshResilience" name="test_generate_streaming_yields_tokens_from_fast_provider" time="0.005" /><testcase classname="tests.chaos.test_mesh_resilience.TestMeshResilience" name="test_generate_streaming_falls_back_on_provider_failure" time="0.004" /><testcase classname="tests.chaos.test_qdrant_unavailable.TestQdrantUnavailable" name="test_qdrant_down_returns_sql_only_response" time="0.114" /><testcase classname="tests.chaos.test_qdrant_unavailable.TestQdrantUnavailable" name="test_qdrant_failure_indicated_in_response" time="0.011" /><testcase classname="tests.chaos.test_qdrant_unavailable.TestQdrantUnavailable" name="test_qdrant_unavailable_schema_still_valid" time="0.015" /><testcase classname="tests.chaos.test_qdrant_unavailable.TestQdrantUnavailable" name="test_rag_failover_to_sql" time="0.011" /><testcase classname="tests.chaos.test_qdrant_unavailable.TestQdrantUnavailable" name="test_qdrant_health_check_on_failure" time="0.024" /><testcase classname="tests.chaos.test_qdrant_unavailable.TestQdrantUnavailable" name="test_qdrant_unavailable_concurrent_queries" time="0.067" /><testcase classname="tests.chaos.test_redis_cache_failure.TestRedisCacheFailure" name="test_redis_down_still_returns_valid_response" time="0.011" /><testcase classname="tests.chaos.test_redis_cache_failure.TestRedisCacheFailure" name="test_cache_miss_on_redis_failure_still_returns_data" time="0.016" /><testcase classname="tests.chaos.test_redis_cache_failure.TestRedisCacheFailure" name="test_redis_failure_does_not_affect_query_response" time="0.012" /><testcase classname="tests.chaos.test_redis_cache_failure.TestRedisCacheFailure" name="test_cache_invalidation_on_redis_failure" time="0.001" /><testcase classname="tests.chaos.test_redis_cache_failure.TestRedisCacheFailure" name="test_redis_down_health_check_reports_degraded" time="0.037" /><testcase classname="tests.e2e.test_citation_verification.TestCitationTokensAreReal" name="test_citations_from_query_are_in_db" time="0.013" /><testcase classname="tests.e2e.test_citation_verification.TestCitationTokensAreReal" name="test_no_hallucinated_pub_ids" time="0.012" /><testcase classname="tests.e2e.test_citation_verification.TestCitationResponseStructure" name="test_citations_have_required_fields" time="0.011" /><testcase classname="tests.e2e.test_citation_verification.TestCitationResponseStructure" name="test_empty_citations_list_is_valid" time="0.010" /><testcase classname="tests.e2e.test_citation_verification.TestCitationIndexing" name="test_citation_numbers_match_ordered_list" time="0.011" /><testcase classname="tests.e2e.test_consent_flow.TestConsentGate" name="test_query_blocked_without_consent" time="0.378" /><testcase classname="tests.e2e.test_consent_flow.TestConsentGate" name="test_query_works_after_consent_granted" time="0.331" /><testcase classname="tests.e2e.test_consent_flow.TestConsentGate" name="test_query_blocked_after_consent_revoked" time="0.379" /><testcase classname="tests.e2e.test_consent_flow.TestConsentGate" name="test_query_works_after_re_grant" time="0.345" /><testcase classname="tests.e2e.test_consent_flow.TestConsentBackendEndpoints" name="test_grant_consent_endpoint" time="0.314" /><testcase classname="tests.e2e.test_consent_flow.TestConsentBackendEndpoints" name="test_revoke_consent_endpoint" time="0.344" /><testcase classname="tests.e2e.test_consent_flow.TestConsentBackendEndpoints" name="test_list_consents_endpoint" time="0.390" /><testcase classname="tests.e2e.test_consent_flow.TestConsentBackendEndpoints" name="test_consent_includes_expiry_and_version" time="0.315" /><testcase classname="tests.e2e.test_consent_flow.TestDataExportAndErasure" name="test_export_returns_blob" time="0.307" /><testcase classname="tests.e2e.test_consent_flow.TestDataExportAndErasure" name="test_erase_anonymizes_data" time="0.389" /><testcase classname="tests.e2e.test_consent_flow.TestConsentExpiry" name="test_expired_consent_blocks_query" time="0.003" /><testcase classname="tests.e2e.test_consent_flow.TestConsentExpiry" name="test_outdated_terms_version_blocks_consent" time="0.003" /><testcase classname="tests.e2e.test_consent_flow.TestConsentExpiry" name="test_consent_with_future_expiry_allows_query" time="0.003" /><testcase classname="tests.e2e.test_consent_flow.TestHealthEndpoint" name="test_health_includes_consent_service" time="0.044" /><testcase classname="tests.e2e.test_consent_flow.TestHealthEndpoint" name="test_health_simple_includes_consent" time="0.114" /><testcase classname="tests.e2e.test_consent_flow.TestAdminDPDPStats" name="test_admin_dpdp_stats_requires_admin_role" time="0.351" /><testcase classname="tests.e2e.test_consent_flow.TestAdminDPDPStats" name="test_admin_dpdp_stats_returns_by_scope_data" time="0.005"><skipped type="pytest.skip" message="Admin user not seeded in test DB">/Users/srujansai/Desktop/NRG/tests/e2e/test_consent_flow.py:375: Admin user not seeded in test DB</skipped></testcase><testcase classname="tests.e2e.test_consent_flow.TestAuditChainLogging" name="test_grant_writes_audit_event" time="1.488" /><testcase classname="tests.e2e.test_consent_flow.TestAuditChainLogging" name="test_revoke_writes_audit_event" time="1.837" /><testcase classname="tests.e2e.test_consent_flow.TestAuditChainLogging" name="test_erasure_writes_audit_event" time="1.243" /><testcase classname="tests.e2e.test_consent_flow.TestAuditChainLogging" name="test_export_writes_audit_event" time="1.363" /><testcase classname="tests.e2e.test_dpdp_compliance.TestDPDPExportEndpoint" name="test_dpdp_export_returns_user_data" time="0.018" /><testcase classname="tests.e2e.test_dpdp_compliance.TestDPDPExportEndpoint" name="test_dpdp_export_has_consent_records" time="0.011" /><testcase classname="tests.e2e.test_dpdp_compliance.TestDPDPEraseEndpoint" name="test_dpdp_erase_endpoint_exists" time="0.014" /><testcase classname="tests.e2e.test_dpdp_compliance.TestDPDPEraseEndpoint" name="test_dpdp_erase_requires_confirmation" time="0.011" /><testcase classname="tests.e2e.test_dpdp_compliance.TestDPDPConsentEndpoint" name="test_dpdp_consents_lists_user_consents" time="0.010" /><testcase classname="tests.e2e.test_dpdp_compliance.TestDPDPDataRetention" name="test_consent_ledger_has_retention_timestamps" time="0.007" /><testcase classname="tests.e2e.test_dpdp_compliance.TestDPDPAuditTrail" name="test_query_leaves_audit_trail" time="0.015" /><testcase classname="tests.e2e.test_dpdp_compliance.TestDPDPNoPILEakage" name="test_export_does_not_return_other_users_data" time="0.009" /><testcase classname="tests.e2e.test_dpdp_compliance.TestDPDPNoPILEakage" name="test_erasure_does_not_return_other_users_data" time="0.010" /><testcase classname="tests.e2e.test_e2e_synthesis_cascade.TestSynthesisMethodInResponse" name="test_every_response_has_synthesis_method" time="0.013" /><testcase classname="tests.e2e.test_e2e_synthesis_cascade.TestSynthesisMethodInResponse" name="test_cloud_llm_flag_reflects_actual_provider" time="0.024" /><testcase classname="tests.e2e.test_e2e_synthesis_cascade.TestMinimaxIsPrimaryProvider" name="test_minimax_is_primary_provider" time="0.012" /><testcase classname="tests.e2e.test_e2e_synthesis_cascade.TestLLMCascadeFallback" name="test_llm_fallback_order_is_configured" time="0.000" /><testcase classname="tests.e2e.test_e2e_synthesis_cascade.TestLLMCascadeFallback" name="test_minimax_client_generate_returns_string" time="0.002" /><testcase classname="tests.e2e.test_e2e_synthesis_cascade.TestLLMCascadeFallback" name="test_synthesizer_has_rule_based_fallback" time="0.000" /><testcase classname="tests.e2e.test_e2e_synthesis_cascade.TestLocalLLMAsSecondary" name="test_local_llm_client_exists" time="0.000" /><testcase classname="tests.e2e.test_e2e_synthesis_cascade.TestResponseQualityWithFallback" name="test_query_response_has_all_required_fields_always" time="0.011" /><testcase classname="tests.e2e.test_e2e_synthesis_cascade.TestResponseQualityWithFallback" name="test_citations_format_is_consistent" time="0.010" /><testcase classname="tests.e2e.test_e2e_synthesis_cascade.TestResponseQualityWithFallback" name="test_provenance_is_always_dict" time="0.011" /><testcase classname="tests.e2e.test_full_pipeline.TestFullPipeline" name="test_researcher_login_returns_token" time="0.006" /><testcase classname="tests.e2e.test_full_pipeline.TestFullPipeline" name="test_researcher_query_structured_success" time="0.012" /><testcase classname="tests.e2e.test_full_pipeline.TestFullPipeline" name="test_researcher_query_rag_path_unstructured" time="0.011" /><testcase classname="tests.e2e.test_full_pipeline.TestFullPipeline" name="test_researcher_stats_researcher_count" time="0.077" /><testcase classname="tests.e2e.test_full_pipeline.TestFullPipeline" name="test_researcher_graph_nodes" time="0.138" /><testcase classname="tests.e2e.test_full_pipeline.TestFullPipeline" name="test_gov_stats_has_state_distribution" time="0.017" /><testcase classname="tests.e2e.test_full_pipeline.TestFullPipeline" name="test_industry_stats_limited_fields" time="0.011" /><testcase classname="tests.e2e.test_full_pipeline.TestHealthEndpoints" name="test_health_check" time="0.005" /><testcase classname="tests.e2e.test_full_pipeline.TestHealthEndpoints" name="test_health_db" time="0.005" /><testcase classname="tests.e2e.test_full_pipeline.TestConsentFlow" name="test_researcher_consent_auto_granted" time="0.012" /><testcase classname="tests.e2e.test_persona_flows.TestResearcherFlow" name="test_researcher_login" time="0.007" /><testcase classname="tests.e2e.test_persona_flows.TestResearcherFlow" name="test_researcher_query_ai_researchers_gujarat" time="0.011" /><testcase classname="tests.e2e.test_persona_flows.TestResearcherFlow" name="test_researcher_sees_results" time="0.013" /><testcase classname="tests.e2e.test_persona_flows.TestResearcherFlow" name="test_researcher_export_data" time="0.009" /><testcase classname="tests.e2e.test_persona_flows.TestResearcherFlow" name="test_researcher_logout" time="0.008" /><testcase classname="tests.e2e.test_persona_flows.TestResearcherFlow" name="test_researcher_full_flow" time="0.017" /><testcase classname="tests.e2e.test_persona_flows.TestGovernmentFlow" name="test_government_login" time="0.005" /><testcase classname="tests.e2e.test_persona_flows.TestGovernmentFlow" name="test_government_dashboard_access" time="0.017" /><testcase classname="tests.e2e.test_persona_flows.TestGovernmentFlow" name="test_government_policy_query" time="0.013" /><testcase classname="tests.e2e.test_persona_flows.TestGovernmentFlow" name="test_government_sees_aggregated_data" time="0.015" /><testcase classname="tests.e2e.test_persona_flows.TestIndustryFlow" name="test_industry_login" time="0.005" /><testcase classname="tests.e2e.test_persona_flows.TestIndustryFlow" name="test_industry_query" time="0.014" /><testcase classname="tests.e2e.test_persona_flows.TestIndustryFlow" name="test_industry_sees_anonymized_results" time="0.010" /><testcase classname="tests.e2e.test_persona_flows.TestIndustryFlow" name="test_industry_full_flow" time="0.017" /><testcase classname="tests.e2e.test_personas.TestResearcherPersona" name="test_researcher_login_and_consent" time="0.000"><skipped type="pytest.skip" message="requires live browser/API stack; set NRG_RUN_LIVE_E2E=1 to run">/Users/srujansai/Desktop/NRG/tests/e2e/test_personas.py:67: requires live browser/API stack; set NRG_RUN_LIVE_E2E=1 to run</skipped></testcase><testcase classname="tests.e2e.test_personas.TestResearcherPersona" name="test_researcher_dashboard_loads" time="0.000"><skipped type="pytest.skip" message="requires live browser/API stack; set NRG_RUN_LIVE_E2E=1 to run">/Users/srujansai/Desktop/NRG/tests/e2e/test_personas.py:88: requires live browser/API stack; set NRG_RUN_LIVE_E2E=1 to run</skipped></testcase><testcase classname="tests.e2e.test_personas.TestGovernmentPersona" name="test_government_login" time="0.000"><skipped type="pytest.skip" message="requires live browser/API stack; set NRG_RUN_LIVE_E2E=1 to run">/Users/srujansai/Desktop/NRG/tests/e2e/test_personas.py:110: requires live browser/API stack; set NRG_RUN_LIVE_E2E=1 to run</skipped></testcase><testcase classname="tests.e2e.test_personas.TestGovernmentPersona" name="test_government_dashboard_aggregated" time="0.000"><skipped type="pytest.skip" message="requires live browser/API stack; set NRG_RUN_LIVE_E2E=1 to run">/Users/srujansai/Desktop/NRG/tests/e2e/test_personas.py:130: requires live browser/API stack; set NRG_RUN_LIVE_E2E=1 to run</skipped></testcase><testcase classname="tests.e2e.test_personas.TestIndustryPersona" name="test_industry_login" time="0.000"><skipped type="pytest.skip" message="requires live browser/API stack; set NRG_RUN_LIVE_E2E=1 to run">/Users/srujansai/Desktop/NRG/tests/e2e/test_personas.py:149: requires live browser/API stack; set NRG_RUN_LIVE_E2E=1 to run</skipped></testcase><testcase classname="tests.e2e.test_personas.TestIndustryPersona" name="test_industry_dashboard_anonymized" time="0.000"><skipped type="pytest.skip" message="requires live browser/API stack; set NRG_RUN_LIVE_E2E=1 to run">/Users/srujansai/Desktop/NRG/tests/e2e/test_personas.py:169: requires live browser/API stack; set NRG_RUN_LIVE_E2E=1 to run</skipped></testcase><testcase classname="tests.e2e.test_personas.TestQueryFlow" name="test_researcher_query_with_citations" time="0.000"><skipped type="pytest.skip" message="requires live browser/API stack; set NRG_RUN_LIVE_E2E=1 to run">/Users/srujansai/Desktop/NRG/tests/e2e/test_personas.py:193: requires live browser/API stack; set NRG_RUN_LIVE_E2E=1 to run</skipped></testcase><testcase classname="tests.e2e.test_personas.TestQueryFlow" name="test_government_query_aggregated" time="0.000"><skipped type="pytest.skip" message="requires live browser/API stack; set NRG_RUN_LIVE_E2E=1 to run">/Users/srujansai/Desktop/NRG/tests/e2e/test_personas.py:215: requires live browser/API stack; set NRG_RUN_LIVE_E2E=1 to run</skipped></testcase><testcase classname="tests.e2e.test_personas.TestQueryFlow" name="test_industry_query_anonymized" time="0.000"><skipped type="pytest.skip" message="requires live browser/API stack; set NRG_RUN_LIVE_E2E=1 to run">/Users/srujansai/Desktop/NRG/tests/e2e/test_personas.py:237: requires live browser/API stack; set NRG_RUN_LIVE_E2E=1 to run</skipped></testcase><testcase classname="tests.e2e.test_personas.TestTierFiltering" name="test_researcher_sees_full_records" time="0.000"><skipped type="pytest.skip" message="requires live browser/API stack; set NRG_RUN_LIVE_E2E=1 to run">/Users/srujansai/Desktop/NRG/tests/e2e/test_personas.py:264: requires live browser/API stack; set NRG_RUN_LIVE_E2E=1 to run</skipped></testcase><testcase classname="tests.e2e.test_personas.TestTierFiltering" name="test_government_no_email_leak" time="0.000"><skipped type="pytest.skip" message="requires live browser/API stack; set NRG_RUN_LIVE_E2E=1 to run">/Users/srujansai/Desktop/NRG/tests/e2e/test_personas.py:279: requires live browser/API stack; set NRG_RUN_LIVE_E2E=1 to run</skipped></testcase><testcase classname="tests.e2e.test_personas.TestTierFiltering" name="test_industry_no_pii_leak" time="0.000"><skipped type="pytest.skip" message="requires live browser/API stack; set NRG_RUN_LIVE_E2E=1 to run">/Users/srujansai/Desktop/NRG/tests/e2e/test_personas.py:297: requires live browser/API stack; set NRG_RUN_LIVE_E2E=1 to run</skipped></testcase><testcase classname="tests.e2e.test_personas.TestScreenshotsOnFailure" name="test_login_page_renders" time="0.000"><skipped type="pytest.skip" message="requires live browser/API stack; set NRG_RUN_LIVE_E2E=1 to run">/Users/srujansai/Desktop/NRG/tests/e2e/test_personas.py:329: requires live browser/API stack; set NRG_RUN_LIVE_E2E=1 to run</skipped></testcase><testcase classname="tests.e2e.test_personas.TestScreenshotsOnFailure" name="test_health_endpoint" time="0.000"><skipped type="pytest.skip" message="requires live browser/API stack; set NRG_RUN_LIVE_E2E=1 to run">/Users/srujansai/Desktop/NRG/tests/e2e/test_personas.py:337: requires live browser/API stack; set NRG_RUN_LIVE_E2E=1 to run</skipped></testcase><testcase classname="tests.e2e.test_three_killer_queries" name="test_killer_query_returns_cited_rows_and_meets_latency[KILLER-01]" time="0.356" /><testcase classname="tests.e2e.test_three_killer_queries" name="test_killer_query_returns_cited_rows_and_meets_latency[KILLER-02]" time="0.390" /><testcase classname="tests.e2e.test_three_killer_queries" name="test_killer_query_returns_cited_rows_and_meets_latency[KILLER-03]" time="0.466" /><testcase classname="tests.e2e.test_tier_workflows.TestTierLoginReturnsCorrectClaims" name="test_researcher_login_returns_tier_1_and_researcher_role" time="0.034" /><testcase classname="tests.e2e.test_tier_workflows.TestTierLoginReturnsCorrectClaims" name="test_government_login_returns_tier_2_and_gov_role" time="0.035" /><testcase classname="tests.e2e.test_tier_workflows.TestTierLoginReturnsCorrectClaims" name="test_industry_login_returns_tier_3_and_industry_role" time="0.035" /><testcase classname="tests.e2e.test_tier_workflows.TestTierStatsEndpoints" name="test_researcher_stats_has_researcher_count" time="0.101" /><testcase classname="tests.e2e.test_tier_workflows.TestTierStatsEndpoints" name="test_government_stats_has_state_distribution" time="0.041" /><testcase classname="tests.e2e.test_tier_workflows.TestTierStatsEndpoints" name="test_industry_stats_excludes_state_distribution" time="0.034" /><testcase classname="tests.e2e.test_tier_workflows.TestTierStatsEndpoints" name="test_industry_stats_excludes_emails" time="0.034" /><testcase classname="tests.e2e.test_tier_workflows.TestTierQueryResponses" name="test_researcher_query_returns_full_records" time="0.106" /><testcase classname="tests.e2e.test_tier_workflows.TestTierQueryResponses" name="test_government_query_returns_aggregated_data" time="0.171" /><testcase classname="tests.e2e.test_tier_workflows.TestTierQueryResponses" name="test_industry_query_returns_anonymized_data" time="0.085" /><testcase classname="tests.e2e.test_tier_workflows.TestTierQueryResponses" name="test_all_tiers_receive_correct_synthesis_method" time="0.069" /><testcase classname="tests.e2e.test_tier_workflows.TestTierDataLeakagePrevention" name="test_researcher_publications_authors_is_string_not_array" time="0.035" /><testcase classname="tests.e2e.test_tier_workflows.TestTierDataLeakagePrevention" name="test_stats_response_has_correct_field_types" time="0.037" /><testcase classname="tests.e2e.test_tier_workflows.TestTierQueryResponseTime" name="test_full_pipeline_response_time_under_30s" time="0.159" /><testcase classname="tests.e2e.test_tier_workflows.TestTierQueryResponseTime" name="test_health_check_under_5_seconds" time="0.028" /><testcase classname="tests.load.test_concurrent_queries.TestConcurrentQueries" name="test_50_concurrent_queries_no_crashes" time="0.415" /><testcase classname="tests.load.test_concurrent_queries.TestConcurrentQueries" name="test_p95_latency_under_15s" time="0.291" /><testcase classname="tests.load.test_concurrent_queries.TestConcurrentQueries" name="test_concurrent_requests_different_personas" time="0.508" /><testcase classname="tests.load.test_concurrent_queries.TestConcurrentQueries" name="test_sustained_load_100_queries" time="0.565" /><testcase classname="tests.load.test_concurrent_queries.TestRateLimiting" name="test_rate_limit_returns_429" time="0.646" /><testcase classname="tests.load.test_concurrent_queries.TestMemoryLeakDetection" name="test_repeated_queries_no_memory_leak" time="0.532" /><testcase classname="tests.load.test_slo_under_load.TestSLOUnderLoad" name="test_20_users_5_queries_all_complete" time="0.000"><skipped type="pytest.skip" message="Load tests not enforceable in dev (set SLO_ENV=prod to run)">/Users/srujansai/Desktop/NRG/tests/load/test_slo_under_load.py:154: Load tests not enforceable in dev (set SLO_ENV=prod to run)</skipped></testcase><testcase classname="tests.load.test_slo_under_load.TestSLOUnderLoad" name="test_20_concurrent_p95_under_8_seconds" time="0.000"><skipped type="pytest.skip" message="Load tests not enforceable in dev (set SLO_ENV=prod to run)">/Users/srujansai/Desktop/NRG/tests/load/test_slo_under_load.py:196: Load tests not enforceable in dev (set SLO_ENV=prod to run)</skipped></testcase><testcase classname="tests.load.test_slo_under_load.TestSLOUnderLoad" name="test_no_server_errors_under_load" time="0.000"><skipped type="pytest.skip" message="Load tests not enforceable in dev (set SLO_ENV=prod to run)">/Users/srujansai/Desktop/NRG/tests/load/test_slo_under_load.py:240: Load tests not enforceable in dev (set SLO_ENV=prod to run)</skipped></testcase><testcase classname="tests.load.test_slo_under_load.TestSLOUnderLoad" name="test_max_latency_under_p99_threshold" time="0.000"><skipped type="pytest.skip" message="Load tests not enforceable in dev (set SLO_ENV=prod to run)">/Users/srujansai/Desktop/NRG/tests/load/test_slo_under_load.py:270: Load tests not enforceable in dev (set SLO_ENV=prod to run)</skipped></testcase><testcase classname="tests.load.test_slo_under_load.TestSLOUnderLoad" name="test_all_tiers_under_concurrent_load" time="0.000"><skipped type="pytest.skip" message="Load tests not enforceable in dev (set SLO_ENV=prod to run)">/Users/srujansai/Desktop/NRG/tests/load/test_slo_under_load.py:308: Load tests not enforceable in dev (set SLO_ENV=prod to run)</skipped></testcase><testcase classname="tests.load.test_sustained_load.TestConcurrentQueries" name="test_50_concurrent_queries_no_crashes" time="0.373" /><testcase classname="tests.load.test_sustained_load.TestConcurrentQueries" name="test_p95_latency_under_15s" time="0.313" /><testcase classname="tests.load.test_sustained_load.TestConcurrentQueries" name="test_concurrent_different_tiers" time="0.532" /><testcase classname="tests.load.test_sustained_load.TestSustainedLoad" name="test_sustained_load_1000_queries" time="5.861" /><testcase classname="tests.load.test_sustained_load.TestSustainedLoad" name="test_no_memory_leak_under_repeated_queries" time="3.027" /><testcase classname="tests.load.test_sustained_load.TestSustainedLoad" name="test_consistent_latency_under_load" time="3.199" /><testcase classname="tests.orchestration.test_multi_hop_planner.TestDAGDecomposition" name="test_simple_query_single_node" time="0.001" /><testcase classname="tests.orchestration.test_multi_hop_planner.TestDAGDecomposition" name="test_comparison_query_parallel_branches" time="0.001" /><testcase classname="tests.orchestration.test_multi_hop_planner.TestDAGDecomposition" name="test_sequential_subqueries_chain" time="0.002" /><testcase classname="tests.orchestration.test_multi_hop_planner.TestDAGDecomposition" name="test_dag_fallback_to_flat" time="0.001" /><testcase classname="tests.orchestration.test_multi_hop_planner.TestDAGDecomposition" name="test_dag_node_fields_complete" time="0.000" /><testcase classname="tests.orchestration.test_multi_hop_planner.TestDAGTopologicalSort" name="test_single_node_order" time="0.000" /><testcase classname="tests.orchestration.test_multi_hop_planner.TestDAGTopologicalSort" name="test_two_independent_nodes" time="0.000" /><testcase classname="tests.orchestration.test_multi_hop_planner.TestDAGTopologicalSort" name="test_parent_before_child" time="0.000" /><testcase classname="tests.orchestration.test_multi_hop_planner.TestDAGTopologicalSort" name="test_diamond_dependency" time="0.000" /><testcase classname="tests.orchestration.test_multi_hop_planner.TestDAGTopologicalSort" name="test_optional_node_skipped_on_missing_parent" time="0.000" /><testcase classname="tests.orchestration.test_multi_hop_planner.TestDAGContextPassing" name="test_dag_node_enriches_query_with_context" time="0.026" /><testcase classname="tests.orchestration.test_multi_hop_planner.TestPlannerNodeIntegration" name="test_planner_fallback_produces_valid_dag" time="0.000" /><testcase classname="tests.orchestration.test_multi_hop_planner.TestPlannerNodeIntegration" name="test_skills_determination" time="0.000" /><testcase classname="tests.orchestration.test_multi_hop_planner.TestDAGDecompositionFull" name="test_comparison_query_produces_root_plus_branches" time="0.000" /><testcase classname="tests.orchestration.test_multi_hop_planner.TestDAGDecompositionFull" name="test_sequential_chain_deps" time="0.000" /><testcase classname="tests.orchestration.test_multi_hop_planner.TestDAGDecompositionFull" name="test_diamond_dag" time="0.000" /><testcase classname="tests.orchestration.test_multi_hop_planner.TestDAGDecompositionFull" name="test_optional_node_failure_ignored" time="0.037" /><testcase classname="tests.orchestration.test_multi_hop_planner.TestDAGDecompositionFull" name="test_dag_context_contains_parent_results" time="0.024" /><testcase classname="tests.orchestration.test_multi_hop_planner.TestDAGDecompositionFull" name="test_dag_with_rag_skill" time="0.075" /><testcase classname="tests.orchestration.test_multi_hop_planner.TestDAGDecompositionFull" name="test_topological_sort_cycle_detection" time="0.000" /><testcase classname="tests.orchestration.test_multi_hop_planner.TestDAGDecompositionFull" name="test_explicit_dag_edges_are_id_lists_not_ordinal" time="0.000" /><testcase classname="tests.orchestration.test_multi_hop_planner.TestDAGDecompositionFull" name="test_planner_rejects_truly_cyclic_plan" time="0.000" /><testcase classname="tests.orchestration.test_multi_hop_planner.TestDAGDecompositionFull" name="test_topological_sort_stable_on_chain" time="0.000" /><testcase classname="tests.orchestration.test_multi_hop_planner.TestDAGDecompositionFull" name="test_planner_emits_explicit_edges_with_node_ids" time="0.000" /><testcase classname="tests.orchestration.test_multi_hop_planner.TestDAGDecompositionFull" name="test_dag_execution_time_recorded" time="0.013" /><testcase classname="tests.orchestration.test_multi_hop_planner.TestDAGDecompositionFull" name="test_single_hop_query_produces_single_node" time="0.000" /><testcase classname="tests.orchestration.test_multi_hop_planner.TestDAGDecompositionFull" name="test_dag_node_output_shape_preserved" time="0.022" /><testcase classname="tests.orchestration.test_multi_hop_planner.TestExecutorDAGPath" name="test_executor_routes_to_dag_when_is_dag_true" time="0.001" /><testcase classname="tests.orchestration.test_router.TestRouterAgainstEvaluationDataset" name="test_accuracy_on_dataset" time="0.015" /><testcase classname="tests.orchestration.test_router.TestRouterAgainstEvaluationDataset" name="test_security_queries_all_safe" time="0.001" /><testcase classname="tests.orchestration.test_router.TestRouterAgainstEvaluationDataset" name="test_edge_cases_handled_gracefully" time="0.003" /><testcase classname="tests.orchestration.test_router.TestRouterAgainstEvaluationDataset" name="test_multi_intent_detection" time="0.005" /><testcase classname="tests.performance.test_slo_compliance.TestQueryLatencySLO" name="test_p50_latency_under_100ms" time="0.120" /><testcase classname="tests.performance.test_slo_compliance.TestQueryLatencySLO" name="test_p95_latency_under_300ms" time="0.105" /><testcase classname="tests.performance.test_slo_compliance.TestQueryLatencySLO" name="test_p99_latency_under_500ms" time="0.204" /><testcase classname="tests.performance.test_slo_compliance.TestConcurrencySLO" name="test_1000_concurrent_no_degradation" time="0.000"><skipped type="pytest.skip" message="macOS thread limits cause incomplete runs">/Users/srujansai/Desktop/NRG/tests/performance/test_slo_compliance.py:233: macOS thread limits cause incomplete runs</skipped></testcase><testcase classname="tests.performance.test_slo_compliance.TestConcurrencySLO" name="test_concurrent_latency_within_p99" time="0.000"><skipped type="pytest.skip" message="P99 latency test requires Linux-scale threading resources">/Users/srujansai/Desktop/NRG/tests/performance/test_slo_compliance.py:262: P99 latency test requires Linux-scale threading resources</skipped></testcase><testcase classname="tests.performance.test_slo_compliance.TestConcurrencySLO" name="test_all_tiers_concurrent" time="0.182" /><testcase classname="tests.performance.test_slo_compliance.TestCitationRateSLO" name="test_citation_rate_above_80_percent" time="0.114" /><testcase classname="tests.performance.test_slo_compliance.TestSynthesisCascadeSLO" name="test_cloud_llm_primary_path" time="0.038" /><testcase classname="tests.performance.test_slo_compliance.TestQdrantIndexSLO" name="test_qdrant_fully_indexed" time="0.021"><skipped type="pytest.skip" message="No vectors in Qdrant collection">/Users/srujansai/Desktop/NRG/tests/performance/test_slo_compliance.py:425: No vectors in Qdrant collection</skipped></testcase><testcase classname="tests.performance.test_slo_compliance.TestHealthCheckSLO" name="test_health_check_responsive" time="0.049" /><testcase classname="tests.performance.test_slo_compliance.TestSLOBreachDetection" name="test_slo_breach_detection_logs_critical" time="0.002" /><testcase classname="tests.performance.test_slo_compliance.TestSLOBreachDetection" name="test_slo_breach_counter_incremented" time="0.000" /><testcase classname="tests.uat.test_uat_pytest.TestResearcherUAT" name="test_researcher_api_reachable" time="0.000"><skipped type="pytest.skip" message="requires live API stack; set NRG_RUN_LIVE_E2E=1 to run">/Users/srujansai/Desktop/NRG/tests/uat/test_uat_pytest.py:25: requires live API stack; set NRG_RUN_LIVE_E2E=1 to run</skipped></testcase><testcase classname="tests.uat.test_uat_pytest.TestGovernmentUAT" name="test_government_api_reachable" time="0.000"><skipped type="pytest.skip" message="requires live API stack; set NRG_RUN_LIVE_E2E=1 to run">/Users/srujansai/Desktop/NRG/tests/uat/test_uat_pytest.py:38: requires live API stack; set NRG_RUN_LIVE_E2E=1 to run</skipped></testcase><testcase classname="tests.uat.test_uat_pytest.TestIndustryUAT" name="test_industry_api_reachable" time="0.001"><skipped type="pytest.skip" message="requires live API stack; set NRG_RUN_LIVE_E2E=1 to run">/Users/srujansai/Desktop/NRG/tests/uat/test_uat_pytest.py:49: requires live API stack; set NRG_RUN_LIVE_E2E=1 to run</skipped></testcase></testsuite></testsuites>