<?xml version="1.0" encoding="utf-8"?><testsuites><testsuite name="pytest" errors="0" failures="0" skipped="0" tests="32" time="13.758" timestamp="2026-04-26T01:56:21.575507" hostname="MacBook-Air.local"><testcase classname="tests.orchestration.test_multi_hop_planner.TestDAGDecomposition" name="test_simple_query_single_node" time="0.028" /><testcase classname="tests.orchestration.test_multi_hop_planner.TestDAGDecomposition" name="test_comparison_query_parallel_branches" time="0.000" /><testcase classname="tests.orchestration.test_multi_hop_planner.TestDAGDecomposition" name="test_sequential_subqueries_chain" time="0.000" /><testcase classname="tests.orchestration.test_multi_hop_planner.TestDAGDecomposition" name="test_dag_fallback_to_flat" time="0.000" /><testcase classname="tests.orchestration.test_multi_hop_planner.TestDAGDecomposition" name="test_dag_node_fields_complete" time="0.000" /><testcase classname="tests.orchestration.test_multi_hop_planner.TestDAGTopologicalSort" name="test_single_node_order" time="0.000" /><testcase classname="tests.orchestration.test_multi_hop_planner.TestDAGTopologicalSort" name="test_two_independent_nodes" time="0.000" /><testcase classname="tests.orchestration.test_multi_hop_planner.TestDAGTopologicalSort" name="test_parent_before_child" time="0.000" /><testcase classname="tests.orchestration.test_multi_hop_planner.TestDAGTopologicalSort" name="test_diamond_dependency" time="0.000" /><testcase classname="tests.orchestration.test_multi_hop_planner.TestDAGTopologicalSort" name="test_optional_node_skipped_on_missing_parent" time="0.000" /><testcase classname="tests.orchestration.test_multi_hop_planner.TestDAGContextPassing" name="test_dag_node_enriches_query_with_context" time="0.330" /><testcase classname="tests.orchestration.test_multi_hop_planner.TestPlannerNodeIntegration" name="test_planner_fallback_produces_valid_dag" time="0.000" /><testcase classname="tests.orchestration.test_multi_hop_planner.TestPlannerNodeIntegration" name="test_skills_determination" time="0.000" /><testcase classname="tests.orchestration.test_multi_hop_planner.TestDAGDecompositionFull" name="test_comparison_query_produces_root_plus_branches" time="0.000" /><testcase classname="tests.orchestration.test_multi_hop_planner.TestDAGDecompositionFull" name="test_sequential_chain_deps" time="0.000" /><testcase classname="tests.orchestration.test_multi_hop_planner.TestDAGDecompositionFull" name="test_diamond_dag" time="0.000" /><testcase classname="tests.orchestration.test_multi_hop_planner.TestDAGDecompositionFull" name="test_optional_node_failure_ignored" time="0.038" /><testcase classname="tests.orchestration.test_multi_hop_planner.TestDAGDecompositionFull" name="test_dag_context_contains_parent_results" time="0.022" /><testcase classname="tests.orchestration.test_multi_hop_planner.TestDAGDecompositionFull" name="test_dag_with_rag_skill" time="11.251" /><testcase classname="tests.orchestration.test_multi_hop_planner.TestDAGDecompositionFull" name="test_topological_sort_cycle_detection" time="0.001" /><testcase classname="tests.orchestration.test_multi_hop_planner.TestDAGDecompositionFull" name="test_explicit_dag_edges_are_id_lists_not_ordinal" time="0.001" /><testcase classname="tests.orchestration.test_multi_hop_planner.TestDAGDecompositionFull" name="test_planner_rejects_truly_cyclic_plan" time="0.000" /><testcase classname="tests.orchestration.test_multi_hop_planner.TestDAGDecompositionFull" name="test_topological_sort_stable_on_chain" time="0.000" /><testcase classname="tests.orchestration.test_multi_hop_planner.TestDAGDecompositionFull" name="test_planner_emits_explicit_edges_with_node_ids" time="0.000" /><testcase classname="tests.orchestration.test_multi_hop_planner.TestDAGDecompositionFull" name="test_dag_execution_time_recorded" time="0.029" /><testcase classname="tests.orchestration.test_multi_hop_planner.TestDAGDecompositionFull" name="test_single_hop_query_produces_single_node" time="0.000" /><testcase classname="tests.orchestration.test_multi_hop_planner.TestDAGDecompositionFull" name="test_dag_node_output_shape_preserved" time="0.028" /><testcase classname="tests.orchestration.test_multi_hop_planner.TestExecutorDAGPath" name="test_executor_routes_to_dag_when_is_dag_true" time="0.001" /><testcase classname="tests.orchestration.test_router.TestRouterAgainstEvaluationDataset" name="test_accuracy_on_dataset" time="0.016" /><testcase classname="tests.orchestration.test_router.TestRouterAgainstEvaluationDataset" name="test_security_queries_all_safe" time="0.001" /><testcase classname="tests.orchestration.test_router.TestRouterAgainstEvaluationDataset" name="test_edge_cases_handled_gracefully" time="0.002" /><testcase classname="tests.orchestration.test_router.TestRouterAgainstEvaluationDataset" name="test_multi_intent_detection" time="0.005" /></testsuite></testsuites>