<?xml version="1.0" encoding="utf-8"?><testsuites><testsuite name="pytest" errors="0" failures="0" skipped="55" tests="1877" time="37.033" timestamp="2026-05-02T20:20:06.911679" hostname="MacBook-Air.local"><testcase classname="tests.auth.test_auth_context_cache" name="test_auth_context_cache_is_bound_to_client_ip" time="0.092" /><testcase classname="tests.auth.test_jwt_handler" name="test_rotation_script_generates_32_byte_secret" time="0.001" /><testcase classname="tests.auth.test_jwt_handler" name="test_concurrent_refresh_allows_only_one_rotation" time="0.046" /><testcase classname="tests.auth.test_jwt_handler" name="test_revoked_access_token_is_rejected" time="0.030" /><testcase classname="tests.auth.test_jwt_handler" name="test_access_token_verification_reuses_same_ip_decode_cache" time="0.004" /><testcase classname="tests.auth.test_jwt_handler" name="test_cached_access_token_still_detects_replay_from_new_ip" time="0.005" /><testcase classname="tests.auth.test_jwt_handler" name="test_production_password_environment_names_are_supported" time="0.001" /><testcase classname="tests.auth.test_jwt_handler" name="test_auth_code_does_not_support_forbidden_password_aliases" time="0.001" /><testcase classname="tests.auth.test_jwt_handler" name="test_rsa_key_loading_skips_expensive_private_key_validation" time="0.004" /><testcase classname="tests.auth.test_jwt_handler" name="test_refresh_token_survives_handler_restart_with_store" time="0.008" /><testcase classname="tests.auth.test_jwt_handler" name="test_logout_revokes_refresh_token_in_store" time="0.016" /><testcase classname="tests.auth.test_jwt_secret_config" name="test_committed_jwt_secret_placeholders_meet_minimum_length" time="0.004" /><testcase classname="tests.benchmarks.test_dhairya_adversarial.TestDhairyaFailurePatternContracts" name="test_report_patterns_are_mirrored_in_hall_of_shame" time="0.002" /><testcase classname="tests.benchmarks.test_dhairya_adversarial.TestDhairyaFailurePatternContracts" name="test_hall_of_shame_documents_required_fields_for_each_pattern" time="0.002" /><testcase classname="tests.benchmarks.test_dhairya_adversarial.TestDhairyaFailurePatternContracts" name="test_validator_exports_rule_for_each_dhairya_pattern" time="0.001" /><testcase classname="tests.benchmarks.test_dhairya_adversarial.TestDhairyaFailurePatternContracts" name="test_validator_rejects_each_documented_wrong_sql[P1]" time="0.062" /><testcase classname="tests.api.test_500_audit_event" name="test_unhandled_500_response_contains_audit_event_id@api-stack" time="0.202" /><testcase classname="tests.benchmarks.test_dhairya_adversarial.TestDhairyaFailurePatternContracts" name="test_validator_rejects_each_documented_wrong_sql[P2]" time="0.005" /><testcase classname="tests.benchmarks.test_dhairya_adversarial.TestDhairyaFailurePatternContracts" name="test_validator_rejects_each_documented_wrong_sql[P3]" time="0.002" /><testcase classname="tests.benchmarks.test_dhairya_adversarial.TestDhairyaFailurePatternContracts" name="test_validator_rejects_each_documented_wrong_sql[P4]" time="0.021" /><testcase classname="tests.api.test_ai_synthesis" name="test_ai_synthesis_rewrites_rule_based_payload@api-stack" time="0.003" /><testcase classname="tests.api.test_ai_synthesis" name="test_ai_synthesis_leaves_payload_when_disabled@api-stack" time="0.000" /><testcase classname="tests.api.test_ai_synthesis" name="test_ai_synthesis_requires_explicit_fast_path_opt_in@api-stack" time="0.000" /><testcase classname="tests.api.test_ai_synthesis" name="test_ai_synthesis_default_timeout_is_short_for_fast_paths@api-stack" time="0.002" /><testcase classname="tests.api.test_ai_synthesis" name="test_query_endpoint_applies_ai_synthesis_after_tier_filter@api-stack" time="0.149" /><testcase classname="tests.benchmarks.test_dhairya_adversarial.TestDhairyaFailurePatternContracts" name="test_validator_rejects_each_documented_wrong_sql[P5]" time="0.001" /><testcase classname="tests.benchmarks.test_dhairya_adversarial.TestDhairyaFailurePatternContracts" name="test_validator_rejects_each_documented_wrong_sql[P6]" time="0.003" /><testcase classname="tests.benchmarks.test_dhairya_adversarial.TestDhairyaFailurePatternContracts" name="test_validator_rejects_each_documented_wrong_sql[P7]" time="0.002" /><testcase classname="tests.benchmarks.test_dhairya_regression.TestDhairyaQueries" name="test_q01_credits_intensive_curriculum" time="0.232" /><testcase classname="tests.audit.test_async_append" name="test_audit_append_executor_serializes_by_default@audit-chain" time="0.271" /><testcase classname="tests.auth.test_jwt_handler" name="test_jwt_secret_length_returns_unhealthy_status" time="0.113" /><testcase classname="tests.auth.test_jwt_handler" name="test_refresh_rotates_refresh_token_and_revokes_old_one" time="0.139" /><testcase classname="tests.auth.test_auth_context_cache" name="test_auth_context_reuses_verified_token_within_short_ttl" time="0.244" /><testcase classname="tests.config.test_batch6_infra_hardening" name="test_kong_rate_limits_are_per_consumer_with_distinct_tier_quotas@external-service" time="0.146" /><testcase classname="tests.auth.test_jwt_handler" name="test_short_explicit_test_fixture_secret_is_allowed" time="0.004" /><testcase classname="tests.benchmarks.test_dhairya_regression.TestDhairyaQueries" name="test_q03_grant_drop_yoy_coincidence_case" time="0.206" /><testcase classname="tests.audit.test_async_append" name="test_audit_append_executor_does_not_block_event_loop@audit-chain" time="1.248" /><testcase classname="tests.evals.test_quality_gates.TestRetrievalQuality" name="test_retrieval_recall_at_5@external-service" time="0.000"><skipped type="pytest.skip" message="Qdrant not available (set QDRANT_AVAILABLE=1 to enable)">/Users/srujansai/Desktop/NRG/tests/evals/test_quality_gates.py:433: Qdrant not available (set QDRANT_AVAILABLE=1 to enable)</skipped></testcase><testcase classname="tests.auth.test_auth_context_cache" name="test_auth_context_cache_can_be_disabled" time="0.158" /><testcase classname="tests.security.test_data_boundary.TestDataBoundary" name="test_vector_metadata_filtered@external-service" time="0.001"><skipped type="pytest.skip" message="Qdrant not available (set QDRANT_AVAILABLE=1 to enable)">/Users/srujansai/Desktop/NRG/tests/security/test_data_boundary.py:29: Qdrant not available (set QDRANT_AVAILABLE=1 to enable)</skipped></testcase><testcase classname="tests.auth.test_jwt_handler" name="test_rotated_secret_accepts_in_flight_access_token_during_grace" time="0.006" /><testcase classname="tests.benchmarks.test_dhairya_regression.TestDhairyaQueries" name="test_q05_lab_validation_bottleneck" time="0.122" /><testcase classname="tests.auth.test_jwt_handler" name="test_generates_and_verifies_access_and_refresh_tokens" time="0.110" /><testcase classname="tests.benchmarks.test_dhairya_regression.TestDhairyaQueries" name="test_q03_grant_drop_yoy" time="0.150" /><testcase classname="tests.auth.test_jwt_handler" name="test_rotated_secret_rejects_access_token_after_grace_expires" time="0.002" /><testcase classname="tests.benchmarks.test_dhairya_regression.TestDhairyaQueries" name="test_q08_pg_courses_iit_madras" time="0.084" /><testcase classname="tests.benchmarks.test_dhairya_regression.TestDhairyaQueries" name="test_q02_phd_ug_ratio_iit_bombay" time="0.101" /><testcase classname="tests.benchmarks.test_dhairya_regression.TestDhairyaQueries" name="test_q06_trl9_market_ready" time="0.048" /><testcase classname="tests.benchmarks.test_dhairya_regression.TestDhairyaQueries" name="test_q11_yoy_pg_growth" time="0.136" /><testcase classname="tests.benchmarks.test_dhairya_regression.TestDhairyaQueries" name="test_q04_top_5_funding_agencies" time="0.133" /><testcase classname="tests.benchmarks.test_dhairya_regression.TestDhairyaQueries" name="test_q07_cost_per_patent" time="0.469" /><testcase classname="tests.benchmarks.test_dhairya_regression.TestDhairyaQueries" name="test_q09_most_phd_courses" time="0.057" /><testcase classname="tests.benchmarks.test_dhairya_regression.TestDhairyaQueries" name="test_q10_phd_vs_ug_followup" time="0.219" /><testcase classname="tests.api.test_answer_records_api" name="test_answer_record_default_path_prefers_runtime_dir@api-stack" time="0.004" /><testcase classname="tests.api.test_answer_records_api" name="test_answer_record_store_round_trip@api-stack" time="0.006" /><testcase classname="tests.api.test_audit_event_endpoint" name="test_single_audit_event_endpoint_returns_recent_chain_event@api-stack" time="0.059" /><testcase classname="tests.api.test_audit_event_endpoint" name="test_single_audit_event_endpoint_returns_pending_reference_for_old_hash@api-stack" time="0.042" /><testcase classname="tests.api.test_audit_event_endpoint" name="test_single_audit_event_endpoint_hides_other_user_event@api-stack" time="0.054" /><testcase classname="tests.api.test_auth_api" name="test_login_returns_access_and_refresh_tokens@api-stack" time="0.027" /><testcase classname="tests.api.test_auth_api" name="test_acceptance_persona_login_sets_http_only_cookies@api-stack" time="0.020" /><testcase classname="tests.api.test_auth_api" name="test_cookie_session_authorizes_requests_after_refresh@api-stack" time="0.156" /><testcase classname="tests.benchmarks.test_dhairya_regression.TestDhairyaQueries" name="test_q14_gap_analysis" time="0.120" /><testcase classname="tests.benchmarks.test_dhairya_regression.TestDhairyaQueries" name="test_q13_courses_vs_startups" time="0.100" /><testcase classname="tests.api.test_auth_api" name="test_health_reports_auth_secret_status@api-stack" time="0.296" /><testcase classname="tests.benchmarks.test_dhairya_regression.TestDhairyaQueries" name="test_q15_rising_stars" time="0.163" /><testcase classname="tests.benchmarks.test_dhairya_regression.TestDhairyaQueries" name="test_q17_pipeline_progression" time="0.207" /><testcase classname="tests.benchmarks.test_dhairya_regression.TestDhairyaQueries" name="test_q16_utilization_audit" time="0.220" /><testcase classname="tests.benchmarks.test_dhairya_regression.TestCompletenessValidator" name="test_incomplete_having_without_group" time="0.002" /><testcase classname="tests.benchmarks.test_dhairya_regression.TestSynonymMapping" name="test_trl9_maps_to_level9" time="0.001" /><testcase classname="tests.benchmarks.test_dhairya_regression.TestSynonymMapping" name="test_credit_parsing_in_prompt" time="0.002" /><testcase classname="tests.benchmarks.test_dhairya_regression.TestSynonymMapping" name="test_no_distinct_for_ranked_results" time="0.004" /><testcase classname="tests.benchmarks.test_dhairya_regression.TestDhairyaBenchmarks" name="test_all_17_queries_generate_sql[1-Which institute offers the most intensive innovation curriculum in FY 2022-23 based on total credits, not just course count?-expected_patterns0]" time="0.133" /><testcase classname="tests.benchmarks.test_dhairya_regression.TestCompletenessValidator" name="test_trailing_incomplete_marker" time="0.001" /><testcase classname="tests.benchmarks.test_dhairya_regression.TestDhairyaBenchmarks" name="test_all_17_queries_generate_sql[3-Flag any institute where grant funding has dropped by more than 50% year-over-year between 2020-21 to 2021-22.-expected_patterns2]" time="0.162" /><testcase classname="tests.benchmarks.test_dhairya_regression.TestCompletenessValidator" name="test_unbalanced_parens" time="0.001" /><testcase classname="tests.benchmarks.test_dhairya_regression.TestDhairyaBenchmarks" name="test_all_17_queries_generate_sql[6-List all technologies that are 'Market Ready' (TRL 9) for commercialization in IIT Madras.-expected_patterns5]" time="0.046" /><testcase classname="tests.benchmarks.test_dhairya_regression.TestDhairyaBenchmarks" name="test_all_17_queries_generate_sql[2-Show me the ratio of PhD level innovation courses to Undergraduate ones for IIT Bombay.-expected_patterns1]" time="0.145" /><testcase classname="tests.api.test_auth_api" name="test_refresh_and_logout_revoke_tokens@api-stack" time="0.080" /><testcase classname="tests.benchmarks.test_dhairya_regression.TestCompletenessValidator" name="test_valid_query_passes" time="0.001" /><testcase classname="tests.benchmarks.test_dhairya_regression.TestDhairyaBenchmarks" name="test_all_17_queries_generate_sql[8-Show me all PG innovation courses at IIT Madras for the last 3 years starting from FY 2021-22.-expected_patterns7]" time="0.051" /><testcase classname="tests.benchmarks.test_dhairya_regression.TestDhairyaBenchmarks" name="test_all_17_queries_generate_sql[7-Calculate the 'Cost of Innovation': How much government grant money do we spend for every 1 Patent granted?-expected_patterns6]" time="0.331" /><testcase classname="tests.benchmarks.test_dhairya_regression.TestDhairyaQueries" name="test_q12_strategy_shift" time="0.115" /><testcase classname="tests.benchmarks.test_dhairya_regression.TestDhairyaBenchmarks" name="test_all_17_queries_generate_sql[4-Who are the top 5 unique funding agencies providing grants to us?-expected_patterns3]" time="0.102" /><testcase classname="tests.benchmarks.test_dhairya_regression.TestDhairyaBenchmarks" name="test_all_17_queries_generate_sql[10-How does that compare to their UG numbers?-expected_patterns9]" time="0.043" /><testcase classname="tests.api.test_auth_api" name="test_researchers_endpoint_applies_role_based_filtering@api-stack" time="0.114" /><testcase classname="tests.benchmarks.test_dhairya_regression.TestDhairyaBenchmarks" name="test_all_17_queries_generate_sql[5-Identify bottlenecks: What percentage of IIT Madras innovations are stuck at 'Lab Validation' (Level 4)?-expected_patterns4]" time="0.062" /><testcase classname="tests.benchmarks.test_dhairya_regression.TestDhairyaBenchmarks" name="test_all_17_queries_generate_sql[13-Correlation: Innovation Courses vs. Startups Incubated (Cross-Module).-expected_patterns12]" time="0.041" /><testcase classname="tests.benchmarks.test_dhairya_regression.TestDhairyaBenchmarks" name="test_all_17_queries_generate_sql[11-Identify growth trends: Calculate Year-Over-Year growth for PG courses in IIT Madras.-expected_patterns10]" time="0.078" /><testcase classname="tests.benchmarks.test_dhairya_regression.TestDhairyaBenchmarks" name="test_all_17_queries_generate_sql[12-Detect Strategy Shift: Institute stops UG but spikes in PhD in IIT Madras.-expected_patterns11]" time="0.107" /><testcase classname="tests.benchmarks.test_dhairya_regression.TestDhairyaBenchmarks" name="test_all_17_queries_generate_sql[15-Rising Stars: Institutes growing funding while the average declines.-expected_patterns14]" time="0.069" /><testcase classname="tests.benchmarks.test_dhairya_regression.TestDhairyaBenchmarks" name="test_all_17_queries_generate_sql[14-Gap Analysis: High Capital Expenses but Low Innovation Courses in FY 2023-24.-expected_patterns13]" time="0.060" /><testcase classname="tests.api.test_auth_api" name="test_researchers_endpoint_pagination@api-stack" time="0.037" /><testcase classname="tests.benchmarks.test_dhairya_regression.TestDhairyaBenchmarks" name="test_all_17_queries_generate_sql[16-Utilization Audit: High Grants vs Low Expenditure.-expected_patterns15]" time="0.169" /><testcase classname="tests.benchmarks.test_dhairya_regression" name="test_dhairya_accuracy_target" time="0.001" /><testcase classname="tests.benchmarks.test_text_to_sql_prompt_hardening" name="test_credit_query_selects_wrong_and_correct_few_shot_pair" time="0.000" /><testcase classname="tests.benchmarks.test_text_to_sql_prompt_hardening" name="test_validator_rejects_quoted_and_qualified_credit_score_casts" time="0.002" /><testcase classname="tests.benchmarks.test_text_to_sql_prompt_hardening" name="test_user_query_prompt_boundary_escapes_injection_delimiters" time="0.000" /><testcase classname="tests.benchmarks.test_text_to_sql_prompt_hardening" name="test_validator_rejects_raw_stage_synonym_like_patterns" time="0.001" /><testcase classname="tests.config.test_batch6_infra_hardening" name="test_compose_uses_restart_healthchecks_and_no_password_defaults" time="0.014" /><testcase classname="tests.config.test_batch6_infra_hardening" name="test_nginx_rejects_api_path_traversal_vectors" time="0.001" /><testcase classname="tests.api.test_auth_api" name="test_publications_endpoint_pagination@api-stack" time="0.076" /><testcase classname="tests.config.test_batch6_infra_hardening" name="test_grafana_dashboard_urls_do_not_carry_auth_tokens" time="0.004" /><testcase classname="tests.config.test_batch6_infra_hardening" name="test_prometheus_intervals_match_slo_contract" time="0.001" /><testcase classname="tests.config.test_batch6_infra_hardening" name="test_helm_vault_templates_escape_vault_agent_delimiters" time="0.002" /><testcase classname="tests.config.test_batch6_infra_hardening" name="test_ci_docker_build_steps_use_buildx_cache" time="0.001" /><testcase classname="tests.config.test_cost_guard.TestCostGuardBudgetStatus" name="test_get_budget_status_warning" time="0.003" /><testcase classname="tests.config.test_cost_guard.TestCostGuardBudgetStatus" name="test_get_budget_status_healthy" time="0.003" /><testcase classname="tests.config.test_cost_guard.TestCostGuardBudgetStatus" name="test_get_budget_status_critical" time="0.001" /><testcase classname="tests.config.test_cost_guard.TestCostGuardBudgetStatus" name="test_get_budget_status_halt" time="0.001" /><testcase classname="tests.config.test_cost_guard.TestCostGuardCheckBudget" name="test_researcher_trivial_allowed" time="0.001" /><testcase classname="tests.benchmarks.test_dhairya_regression.TestDhairyaBenchmarks" name="test_all_17_queries_generate_sql[17-Pipeline Progression: Are we moving from Low TRL to High TRL?-expected_patterns16]" time="0.084" /><testcase classname="tests.config.test_cost_guard.TestCostGuardCheckBudget" name="test_researcher_simple_allowed_under_cap" time="0.001" /><testcase classname="tests.config.test_cost_guard.TestCostGuardCheckBudget" name="test_researcher_complex_blocked_over_cap" time="0.002" /><testcase classname="tests.config.test_cost_guard.TestCostGuardCheckBudget" name="test_researcher_complex_allowed_with_guru_approval" time="0.003" /><testcase classname="tests.config.test_cost_guard.TestCostGuardCheckBudget" name="test_government_tier_sovereign_override" time="0.001" /><testcase classname="tests.config.test_cost_guard.TestCostGuardCheckBudget" name="test_government_tier_not_blocked_at_halt" time="0.002" /><testcase classname="tests.config.test_cost_guard.TestCostGuardCheckBudget" name="test_industry_tier_capped" time="0.001" /><testcase classname="tests.config.test_cost_guard.TestCostGuardCheckBudget" name="test_halt_blocks_cloud_llms_without_override" time="0.001" /><testcase classname="tests.config.test_cost_guard.TestCostGuardCheckBudget" name="test_industry_tier_trivial_allowed" time="0.001" /><testcase classname="tests.config.test_cost_guard.TestCostGuardCheckBudget" name="test_halt_allows_with_guru_override" time="0.001" /><testcase classname="tests.config.test_cost_guard.TestCostGuardCheckBudget" name="test_halt_allows_incident_reserve_not_exhausted" time="0.001" /><testcase classname="tests.config.test_cost_guard.TestCostGuardCheckBudget" name="test_critical_blocks_simple_without_approval" time="0.001" /><testcase classname="tests.config.test_cost_guard.TestCostGuardCheckBudget" name="test_critical_allows_trivial" time="0.001" /><testcase classname="tests.config.test_cost_guard.TestCostGuardGetProviderForTier" name="test_government_tier_gets_minimax_first" time="0.001" /><testcase classname="tests.config.test_cost_guard.TestCostGuardGetProviderForTier" name="test_industry_tier_gets_local_first" time="0.001" /><testcase classname="tests.config.test_cost_guard.TestCostGuardGetProviderForTier" name="test_researcher_complex_gets_cloud_providers" time="0.001" /><testcase classname="tests.config.test_cost_guard.TestCostGuardGetProviderForTier" name="test_researcher_trivial_gets_rule_based" time="0.001" /><testcase classname="tests.config.test_cost_guard.TestCostGuardEstimateCost" name="test_rule_based_is_free" time="0.002" /><testcase classname="tests.config.test_cost_guard.TestCostGuardEstimateCost" name="test_local_is_free" time="0.001" /><testcase classname="tests.config.test_cost_guard.TestCostGuardEstimateCost" name="test_cost_capped_at_complexity_max" time="0.001" /><testcase classname="tests.config.test_cost_guard.TestCostGuardEstimateCost" name="test_minimax_estimated" time="0.001" /><testcase classname="tests.config.test_cost_guard.TestCostGuardGetDailyCostDigest" name="test_digest_no_alerts" time="0.001" /><testcase classname="tests.api.test_c4_read_model" name="test_c4_load_queries_return_specific_read_model_answers@api-stack" time="1.884" /><testcase classname="tests.config.test_cost_guard.TestCostGuardGetDailyCostDigest" name="test_digest_warning" time="0.001" /><testcase classname="tests.config.test_cost_guard.TestCostGuardGetDailyCostDigest" name="test_digest_critical" time="0.001" /><testcase classname="tests.config.test_cost_guard.TestCostGuardGetDailyCostDigest" name="test_digest_halt" time="0.008" /><testcase classname="tests.config.test_cost_guard.TestCostGuardRecordCost" name="test_record_cost_updates_spent" time="0.004" /><testcase classname="tests.config.test_cost_guard.TestCostGuardEstimateTokens" name="test_estimate_tokens_basic" time="0.001" /><testcase classname="tests.config.test_cost_guard.TestCostGuardEstimateTokens" name="test_estimate_tokens_scales_with_context" time="0.001" /><testcase classname="tests.config.test_cost_guard.TestCostGuardEstimateTokens" name="test_estimate_tokens_from_explicit_counts" time="0.001" /><testcase classname="tests.config.test_cost_guard.TestCostGuardTierMapping" name="test_tier_1_maps_to_researcher" time="0.002" /><testcase classname="tests.config.test_cost_guard.TestCostGuardTierMapping" name="test_tier_2_maps_to_government" time="0.000" /><testcase classname="tests.config.test_cost_guard.TestCostGuardTierMapping" name="test_unknown_tier_defaults_to_researcher" time="0.000" /><testcase classname="tests.config.test_cost_guard.TestCostGuardRecordCost" name="test_record_cost_updates_tier_spent" time="0.024" /><testcase classname="tests.config.test_cost_guard.TestCostGuardAllocation" name="test_allocation_sums_to_total" time="0.002" /><testcase classname="tests.benchmarks.test_dhairya_regression.TestDhairyaBenchmarks" name="test_all_17_queries_generate_sql[9-Which institute has the most PhD courses?-expected_patterns8]" time="0.097" /><testcase classname="tests.config.test_cost_guard.TestCostGuardAllocation" name="test_researcher_gets_40_percent" time="0.002" /><testcase classname="tests.config.test_cost_guard.TestCostGuardCheckBudget" name="test_researcher_simple_blocked_over_cap" time="0.005" /><testcase classname="tests.config.test_cost_guard.TestCostGuardAllocation" name="test_industry_gets_15_percent" time="0.001" /><testcase classname="tests.config.test_docker_compose_pgbouncer" name="test_compose_routes_api_database_traffic_through_pgbouncer" time="0.019" /><testcase classname="tests.config.test_cost_guard.TestCostGuardAllocation" name="test_spent_by_tier_starts_at_zero" time="0.002" /><testcase classname="tests.config.test_helm_vector_drift_cronjobs" name="test_vector_drift_cronjob_template_declares_lightweight_and_deep_checks" time="0.001" /><testcase classname="tests.config.test_helm_vector_drift_cronjobs" name="test_vector_drift_schedules_are_configurable_in_values" time="0.076" /><testcase classname="tests.config.test_cost_guard.TestCostGuardTierMapping" name="test_tier_3_maps_to_industry" time="0.002" /><testcase classname="tests.config.test_docker_compose_pgbouncer" name="test_pgbouncer_pool_defaults_are_bounded" time="0.021" /><testcase classname="tests.config.test_llm_config.TestLoadLLMSettings" name="test_missing_gemini_key_raises" time="0.002" /><testcase classname="tests.config.test_llm_config.TestLoadLLMSettings" name="test_missing_anthropic_key_raises" time="0.002" /><testcase classname="tests.config.test_llm_config.TestLoadLLMSettings" name="test_unsupported_provider_raises" time="0.001" /><testcase classname="tests.config.test_llm_config.TestLoadLLMSettings" name="test_openai_settings_loaded" time="0.002" /><testcase classname="tests.benchmarks.test_text_to_sql_prompt_hardening" name="test_schema_aware_prompt_uses_real_text_type_for_credit_parsing" time="0.005" /><testcase classname="tests.config.test_llm_config.TestLoadLLMSettings" name="test_gemini_settings_loaded" time="0.001" /><testcase classname="tests.config.test_llm_config.TestLoadLLMSettings" name="test_anthropic_settings_loaded" time="0.001" /><testcase classname="tests.config.test_llm_config.TestLoadLLMSettings" name="test_nvidia_settings_loaded" time="0.002" /><testcase classname="tests.config.test_llm_config.TestEnv" name="test_returns_value" time="0.001" /><testcase classname="tests.config.test_llm_config.TestEnv" name="test_returns_default_when_replace_me" time="0.002" /><testcase classname="tests.config.test_llm_config.TestInspectCloudPayload" name="test_calls_inspect_payload" time="0.002" /><testcase classname="tests.config.test_llm_config.TestLoadLLMSettings" name="test_azure_settings_loaded" time="0.001" /><testcase classname="tests.config.test_llm_config.TestLoadLLMSettings" name="test_missing_nvidia_key_raises" time="0.004" /><testcase classname="tests.config.test_llm_config.TestGetLLMClient" name="test_returns_none_on_config_error" time="0.002" /><testcase classname="tests.config.test_llm_config.TestGetLLMClient" name="test_cached" time="0.007" /><testcase classname="tests.config.test_llm_config.TestMinimaxDefaults" name="test_synthesis_defaults_are_low_drift" time="0.002" /><testcase classname="tests.config.test_llm_config.TestMinimaxDefaults" name="test_sql_generation_defaults_are_deterministic" time="0.004" /><testcase classname="tests.config.test_llm_egress_guard" name="test_openai_client_inspects_payload_before_cloud_call" time="0.001" /><testcase classname="tests.config.test_llm_config.TestEnv" name="test_returns_default_when_missing" time="0.001" /><testcase classname="tests.config.test_locustfile_contract" name="test_locustfile_posts_real_query_requests_with_bearer_header" time="0.001" /><testcase classname="tests.config.test_locustfile_contract" name="test_locustfile_authenticates_from_environment_before_tasks" time="0.001" /><testcase classname="tests.config.test_locustfile_contract" name="test_c4_locustfile_uses_current_credentials_and_response_keys" time="0.002" /><testcase classname="tests.config.test_locustfile_contract" name="test_c4_locustfile_declares_60_30_10_traffic_mix" time="0.001" /><testcase classname="tests.config.test_locustfile_contract" name="test_c4_locustfile_names_query_metrics_by_workload" time="0.001" /><testcase classname="tests.config.test_locustfile_contract" name="test_c4_performance_path_matches_phase7_runbook" time="0.001" /><testcase classname="tests.config.test_locustfile_contract" name="test_c4_locustfile_treats_429_as_failure" time="0.001" /><testcase classname="tests.config.test_trl_safe_views" name="test_semantic_layer_exposes_short_trl_views" time="0.091" /><testcase classname="tests.config.test_trl_safe_views" name="test_migration_creates_short_trl_views" time="0.001" /><testcase classname="tests.config.test_trl_safe_views" name="test_src_alembic_head_creates_short_trl_views" time="0.001" /><testcase classname="tests.contract.test_answer_engine_v1_contract" name="test_blocked_answer_payload_marks_blocked_flag" time="0.001" /><testcase classname="tests.contract.test_answer_engine_v1_contract" name="test_normalize_workflow_result_maps_legacy_fields" time="0.001" /><testcase classname="tests.contract.test_api_response_schema.TestAPIResponseSchema" name="test_query_response_has_required_fields" time="0.172" /><testcase classname="tests.contract.test_api_response_schema.TestAPIResponseSchema" name="test_query_response_optional_fields_present" time="0.123" /><testcase classname="tests.config.test_llm_config.TestLoadLLMSettings" name="test_missing_openai_key_raises" time="0.016" /><testcase classname="tests.config.test_cost_guard.TestCostGuardAllocation" name="test_government_gets_35_percent" time="0.010" /><testcase classname="tests.contract.test_api_response_schema.TestAPIResponseSchema" name="test_query_response_with_citations" time="1.802" /><testcase classname="tests.contract.test_api_response_schema.TestAPIResponseSchema" name="test_schema_changes_require_test_update" time="0.139" /><testcase classname="tests.contract.test_answer_engine_v1_contract" name="test_answer_engine_response_requires_v1_fields" time="0.012" /><testcase classname="tests.contract.test_api_schema.TestLoginContract" name="test_login_response_has_required_fields" time="0.071" /><testcase classname="tests.audit.test_audit_singleton_reset" name="test_class_reset_invalidates_module_getter_instance@audit-chain" time="0.009" /><testcase classname="tests.audit.test_audit_singleton_reset" name="test_chain_key_continuity_uses_environment_key@audit-chain" time="0.000" /><testcase classname="tests.audit.test_audit_singleton_reset" name="test_concurrent_getter_does_not_expose_half_initialized_audit_log@audit-chain" time="0.042" /><testcase classname="tests.contract.test_api_response_schema.TestAPIResponseSchema" name="test_tier_field_is_integer" time="0.058" /><testcase classname="tests.contract.test_api_response_schema.TestAPIResponseSchema" name="test_query_response_multiple_tiers" time="0.224" /><testcase classname="tests.audit.test_audit_singleton_reset" name="test_per_user_key_store_follows_audit_storage_path@audit-chain" time="0.007" /><testcase classname="tests.contract.test_api_response_schema.TestAPIResponseSchema" name="test_status_field_is_valid_enum" time="0.048" /><testcase classname="tests.audit.test_chain_integrity.TestAuditChainIntegrity" name="test_append_and_verify@audit-chain" time="0.055" /><testcase classname="tests.contract.test_api_schema.TestLoginContract" name="test_login_user_object_has_required_fields" time="0.042" /><testcase classname="tests.contract.test_api_schema.TestLoginContract" name="test_login_user_role_values" time="0.142" /><testcase classname="tests.contract.test_api_schema.TestQueryContract" name="test_query_response_has_required_fields" time="1.665" /><testcase classname="tests.contract.test_api_schema.TestQueryContract" name="test_query_response_validates_as_pydantic_model" time="1.662" /><testcase classname="tests.audit.test_chain_integrity.TestAuditChainIntegrity" name="test_tamper_detection@audit-chain" time="0.008" /><testcase classname="tests.audit.test_chain_integrity.TestAuditChainIntegrity" name="test_key_rotation@audit-chain" time="0.011" /><testcase classname="tests.audit.test_chain_integrity.TestAuditChainIntegrity" name="test_concurrent_appends@audit-chain" time="0.080" /><testcase classname="tests.audit.test_chain_integrity.TestAuditChainIntegrity" name="test_append_refreshes_tail_hash_across_log_instances@audit-chain" time="0.015" /><testcase classname="tests.contract.test_api_schema.TestQueryContract" name="test_query_tier_is_integer" time="1.616" /><testcase classname="tests.audit.test_chain_integrity.TestAuditChainIntegrity" name="test_append_reuses_cached_tail_when_file_size_unchanged@audit-chain" time="0.010" /><testcase classname="tests.audit.test_chain_integrity.TestAuditChainIntegrity" name="test_rebuild_produces_valid_chain@audit-chain" time="0.023" /><testcase classname="tests.audit.test_chain_integrity.TestAuditChainIntegrity" name="test_serialization_versioning@audit-chain" time="0.002" /><testcase classname="tests.audit.test_chain_integrity.TestAuditChainIntegrity" name="test_chain_health@audit-chain" time="0.005" /><testcase classname="tests.audit.test_chain_integrity.TestAuditChainIntegrity" name="test_chain_health_repairs_line1_hash_mismatch_with_traceable_genesis@audit-chain" time="0.008" /><testcase classname="tests.contract.test_api_schema.TestLoginContract" name="test_login_response_validates_as_pydantic_model" time="0.049" /><testcase classname="tests.audit.test_chain_integrity.TestAuditChainIntegrity" name="test_chain_health_default_does_not_silently_repair_line1_mismatch@audit-chain" time="0.002" /><testcase classname="tests.audit.test_chain_integrity.TestAuditChainIntegrity" name="test_chain_health_reports_broken_genesis_pin@audit-chain" time="0.002" /><testcase classname="tests.audit.test_chain_integrity.TestAuditChainIntegrity" name="test_merkle_root_persistence@audit-chain" time="0.003" /><testcase classname="tests.audit.test_chain_integrity.TestAuditChainIntegrity" name="test_tamper_alert_logging@audit-chain" time="0.001" /><testcase classname="tests.audit.test_chain_integrity.TestAuditChainRebuildScript" name="test_rebuild_script_check_mode@audit-chain" time="0.001" /><testcase classname="tests.audit.test_chain_integrity.TestAuditChainRebuildScript" name="test_rebuild_script_rebuild_mode@audit-chain" time="0.005" /><testcase classname="tests.audit.test_chain_integrity.TestAuditChainRebuildScript" name="test_rebuild_script_preserve_lineage_requires_force_on_pin_mismatch@audit-chain" time="0.001" /><testcase classname="tests.audit.test_chain_integrity" name="test_audit_investigate_script_runs_directly@audit-chain" time="0.115" /><testcase classname="tests.contract.test_api_schema.TestResearchersContract" name="test_researcher_role_values" time="0.147" /><testcase classname="tests.audit.test_chain_integrity" name="test_audit_chain_health_check_script_blocks_invalid_chain@audit-chain" time="0.078" /><testcase classname="tests.contract.test_api_schema.TestHealthContract" name="test_health_response_has_status_field" time="0.229" /><testcase classname="tests.audit.test_chain_integrity" name="test_pre_commit_config_blocks_invalid_audit_chain@audit-chain" time="0.001" /><testcase classname="tests.audit.test_db_cosign.TestComputeDbCosignHmac" name="test_returns_hex_string@audit-chain" time="0.000" /><testcase classname="tests.audit.test_db_cosign.TestComputeDbCosignHmac" name="test_same_inputs_produce_same_output@audit-chain" time="0.000" /><testcase classname="tests.audit.test_db_cosign.TestComputeDbCosignHmac" name="test_different_secret_produces_different_hmac@audit-chain" time="0.000" /><testcase classname="tests.audit.test_db_cosign.TestComputeDbCosignHmac" name="test_raises_when_secret_missing@audit-chain" time="0.001" /><testcase classname="tests.audit.test_db_cosign.TestComputeDbCosignHmac" name="test_uses_env_secret_when_db_secret_is_none@audit-chain" time="0.001" /><testcase classname="tests.audit.test_db_cosign.TestBuildDbCosignMessage" name="test_format_matches_trigger_sql@audit-chain" time="0.000" /><testcase classname="tests.audit.test_db_cosign.TestBuildDbCosignMessage" name="test_truncates_per_user_binding_to_16_chars@audit-chain" time="0.000" /><testcase classname="tests.audit.test_db_cosign.TestBuildDbCosignMessage" name="test_empty_per_user_binding_handled@audit-chain" time="0.000" /><testcase classname="tests.audit.test_db_cosign.TestBuildDbCosignMessage" name="test_none_per_user_binding_treated_as_empty@audit-chain" time="0.000" /><testcase classname="tests.audit.test_db_cosign.TestVerifyDbCosign" name="test_verify_returns_true_when_valid@audit-chain" time="0.013" /><testcase classname="tests.audit.test_db_cosign.TestVerifyDbCosign" name="test_verify_returns_false_when_tampered@audit-chain" time="0.002" /><testcase classname="tests.audit.test_db_cosign.TestVerifyDbCosign" name="test_verify_reports_disabled_without_postgres_url@audit-chain" time="0.003" /><testcase classname="tests.audit.test_db_cosign.TestVerifyDbCosign" name="test_verify_detects_missing_signature@audit-chain" time="0.002" /><testcase classname="tests.audit.test_db_cosign.TestVerifyDbCosign" name="test_verify_cosign_accepts_legitimate_signature_and_rejects_tamper@audit-chain" time="0.002" /><testcase classname="tests.audit.test_db_cosign.TestAuditCosignScheduling" name="test_append_skips_db_cosign_worker_when_database_is_not_postgres@audit-chain" time="0.016" /><testcase classname="tests.audit.test_db_cosign.TestAuditCosignScheduling" name="test_should_db_cosign_requires_postgres_and_secret@audit-chain" time="0.001" /><testcase classname="tests.audit.test_db_cosign.TestAuditCosignScheduling" name="test_append_invokes_db_cosign_for_each_event_when_configured@audit-chain" time="0.006" /><testcase classname="tests.audit.test_db_cosign.TestAuditCosignScheduling" name="test_background_cosign_failure_is_logged_and_counted@audit-chain" time="0.005" /><testcase classname="tests.audit.test_db_cosign.TestAuditCosignScheduling" name="test_cosign_metrics_track_burst_without_queue_accumulation@audit-chain" time="0.512" /><testcase classname="tests.contract.test_api_schema.TestHealthContract" name="test_health_all_response_structure" time="0.085" /><testcase classname="tests.contract.test_api_schema.TestContractSchemaStability" name="test_login_schema_stability" time="0.030" /><testcase classname="tests.contract.test_api_schema.TestContractSchemaStability" name="test_query_schema_stability" time="0.062" /><testcase classname="tests.contract.test_api_schema.TestContractSchemaStability" name="test_researchers_schema_stability" time="0.063" /><testcase classname="tests.contract.test_api_schema.TestContractSchemaStability" name="test_new_optional_field_added_to_response" time="0.049" /><testcase classname="tests.contract.test_pipeline_contracts" name="test_all_pipeline_contracts_are_defined_with_semver" time="0.004" /><testcase classname="tests.contract.test_pipeline_contracts" name="test_producers_emit_payloads_matching_edge_contracts[receiver_to_planner-&lt;lambda&gt;]" time="0.002" /><testcase classname="tests.contract.test_pipeline_contracts" name="test_producers_emit_payloads_matching_edge_contracts[planner_to_router-_planner_payload]" time="0.003" /><testcase classname="tests.contract.test_pipeline_contracts" name="test_producers_emit_payloads_matching_edge_contracts[router_to_executor-_router_payload]" time="0.003" /><testcase classname="tests.contract.test_pipeline_contracts" name="test_producers_emit_payloads_matching_edge_contracts[executor_to_synthesizer-_executor_payload]" time="0.003" /><testcase classname="tests.contract.test_pipeline_contracts" name="test_producers_emit_payloads_matching_edge_contracts[synthesizer_to_verifier-_synthesizer_payload]" time="0.007" /><testcase classname="tests.contract.test_pipeline_contracts" name="test_planner_consumes_receiver_contract" time="0.003" /><testcase classname="tests.contract.test_pipeline_contracts" name="test_router_consumes_planner_contract" time="0.003" /><testcase classname="tests.contract.test_pipeline_contracts" name="test_executor_consumes_router_contract" time="1.035" /><testcase classname="tests.audit.test_db_cosign.TestCosignEvent" name="test_cosign_event_returns_none_without_postgres@audit-chain" time="0.000" /><testcase classname="tests.audit.test_db_cosign.TestCosignEvent" name="test_cosign_event_logs_warning_without_crashing_when_db_unavailable@audit-chain" time="0.001" /><testcase classname="tests.contract.test_pipeline_contracts" name="test_verifier_consumes_synthesizer_contract" time="0.025" /><testcase classname="tests.contract.test_pipeline_contracts" name="test_contract_docs_are_generated_from_schema_titles" time="0.001" /><testcase classname="tests.contract.test_pipeline_contracts" name="test_semver_major_bump_detection" time="0.000" /><testcase classname="tests.contract.test_pipeline_contracts" name="test_validate_contracts_script_writes_docs_and_report" time="0.008" /><testcase classname="tests.contract.test_query_endpoint.TestQueryEndpointContract" name="test_query_returns_200_with_valid_token" time="1.618" /><testcase classname="tests.api.test_c4_read_model" name="test_c4_read_model_anonymizes_researcher_rows_for_tier3@api-stack" time="0.002" /><testcase classname="tests.api.test_c4_read_model" name="test_c4_funding_institution_query_uses_safe_seed_when_read_model_empty@api-stack" time="0.003" /><testcase classname="tests.api.test_c4_read_model" name="test_c4_state_output_query_uses_safe_seed_when_read_model_empty@api-stack" time="0.002" /><testcase classname="tests.api.test_c4_read_model" name="test_query_cache_singleflight_builds_same_key_once@api-stack" time="0.018" /><testcase classname="tests.api.test_critical_path_stream" name="test_get_stream_uses_cookie_auth_and_named_phases@api-stack" time="1.212" /><testcase classname="tests.contract.test_api_response_schema.TestAPIResponseSchema" name="test_query_response_with_session_id" time="0.055" /><testcase classname="tests.contract.test_query_endpoint.TestQueryEndpointContract" name="test_query_citations_schema_valid" time="0.200" /><testcase classname="tests.contract.test_api_schema.TestQueryContract" name="test_query_conversation_history_structure" time="0.069" /><testcase classname="tests.contract.test_api_schema.TestQueryContract" name="test_query_status_values" time="0.075" /><testcase classname="tests.contract.test_api_schema.TestResearchersContract" name="test_researchers_response_has_required_fields" time="0.065" /><testcase classname="tests.contract.test_query_endpoint.TestQueryEndpointContract" name="test_query_retrieval_sources_is_array" time="0.061" /><testcase classname="tests.contract.test_query_endpoint.TestQueryEndpointContract" name="test_query_session_id_matches" time="0.060" /><testcase classname="tests.contract.test_query_endpoint.TestQueryEndpointContract" name="test_query_without_auth_returns_401" time="0.009" /><testcase classname="tests.contract.test_query_endpoint.TestQueryEndpointContract" name="test_query_with_malformed_body_returns_422" time="0.043" /><testcase classname="tests.contract.test_query_endpoint.TestQueryEndpointContract" name="test_query_with_wrong_content_type_returns_415" time="0.044" /><testcase classname="tests.contract.test_query_endpoint.TestQueryEndpointErrorContract" name="test_error_response_has_detail_field" time="0.004" /><testcase classname="tests.data.test_data_quality" name="test_pii_leak_triggers_p0_alert" time="0.033" /><testcase classname="tests.data.test_data_quality" name="test_referential_integrity_below_critical_threshold_triggers_p0" time="0.018" /><testcase classname="tests.contract.test_query_endpoint.TestQueryEndpointErrorContract" name="test_error_detail_is_string" time="0.040" /><testcase classname="tests.data.test_data_quality" name="test_scorecard_measures_all_seven_pillars" time="0.017" /><testcase classname="tests.contract.test_query_endpoint.TestQueryEndpointContract" name="test_query_warnings_is_array" time="0.053" /><testcase classname="tests.data.test_data_quality" name="test_baseline_check_tolerates_rounding_noise" time="0.019" /><testcase classname="tests.data.test_data_quality" name="test_null_rate_ignores_nullable_optional_columns" time="0.012" /><testcase classname="tests.data.test_data_quality" name="test_scorecard_script_writes_json_and_markdown" time="0.026" /><testcase classname="tests.data.test_data_quality" name="test_freshness_reports_real_age_days_without_clamping" time="0.011" /><testcase classname="tests.data.test_database_v2.TestNRGDatabaseV2" name="test_dialect_sqlite" time="0.084" /><testcase classname="tests.data.test_database_v2.TestNRGDatabaseV2" name="test_get_stats" time="0.127" /><testcase classname="tests.contract.test_pipeline_contracts" name="test_synthesizer_consumes_executor_contract" time="0.005" /><testcase classname="tests.data.test_database_v2.TestNRGDatabaseV2" name="test_query_researchers_by_area" time="0.124" /><testcase classname="tests.data.test_database_v2.TestNRGDatabaseV2" name="test_query_publications_by_year" time="0.142" /><testcase classname="tests.data.test_database_v2.TestNRGDatabaseV2" name="test_query_researchers_by_state" time="0.100" /><testcase classname="tests.data.test_database_v2.TestNRGDatabaseV2" name="test_query_researchers_all" time="0.099" /><testcase classname="tests.data.test_database_v2.TestNRGDatabaseV2" name="test_query_publications_all" time="0.098" /><testcase classname="tests.data.test_database_v2.TestNRGDatabaseV2" name="test_get_session" time="0.131" /><testcase classname="tests.data.test_database_v2.TestNRGDatabaseV2" name="test_default_url" time="0.053" /><testcase classname="tests.data.test_database_v2.TestNRGDatabaseV2" name="test_query_publications_limit" time="0.083" /><testcase classname="tests.data.test_database_v2.TestNRGDatabaseV2" name="test_execute_raw_query" time="0.080" /><testcase classname="tests.data.test_failed_queries_hall_of_shame" name="test_failed_queries_hall_documents_all_dhairya_patterns" time="0.002" /><testcase classname="tests.data.test_database_v2_schema_drift" name="test_query_researchers_falls_back_when_orm_columns_are_missing" time="0.006" /><testcase classname="tests.data.test_rls_policies" name="test_lb6_user_registration_only_selectable_by_tier_one" time="0.000" /><testcase classname="tests.data.test_rls_policies" name="test_lb6_downgrade_removes_policy_state" time="0.001" /><testcase classname="tests.data.test_rls_policies" name="test_lb6_patent_policy_masks_email_fields_for_lower_tiers" time="0.001" /><testcase classname="tests.data.test_schema_indexes" name="test_lb6_composite_indexes_cover_hot_join_paths" time="0.000" /><testcase classname="tests.data.test_schema_indexes" name="test_lb6_expression_indexes_normalize_entity_join_keys" time="0.002" /><testcase classname="tests.data.test_schema_indexes" name="test_lb6_index_sql_is_idempotent_and_concurrent_when_requested" time="0.001" /><testcase classname="tests.data.test_schema_indexes" name="test_lb6_indexes_have_unique_names" time="0.001" /><testcase classname="tests.data.test_schema_parity.TestSchemaParity" name="test_db_struct_sql_parseable" time="0.003" /><testcase classname="tests.data.test_database_v2.TestNRGDatabaseV2" name="test_get_session_rolls_back_partial_write_on_exception" time="0.084" /><testcase classname="tests.data.test_schema_parity.TestSchemaParity" name="test_trl_stages_sql_migration_aliases_stage_column" time="0.003" /><testcase classname="tests.data.test_rls_policies" name="test_lb6_rls_covers_pii_bearing_tables" time="0.000" /><testcase classname="tests.data.test_schema_parity.TestSchemaParity" name="test_seed_script_declares_every_db_struct_table" time="0.006" /><testcase classname="tests.data.test_rls_policies" name="test_lb6_rls_uses_database_session_tier" time="0.000" /><testcase classname="tests.data.test_schema_parity.TestSchemaParity" name="test_dhairya_tables_present" time="0.002" /><testcase classname="tests.data.test_database_v2.TestNRGDatabaseV2" name="test_create_tables_idempotent" time="0.080" /><testcase classname="tests.data.test_rls_policies" name="test_lb6_rls_enables_policies_for_each_table" time="0.000" /><testcase classname="tests.contract.test_query_endpoint.TestQueryEndpointContract" name="test_query_response_has_required_fields" time="0.083" /><testcase classname="tests.contract.test_query_endpoint.TestQueryEndpointContract" name="test_query_response_recommended_fields_present" time="0.072" /><testcase classname="tests.api.test_critical_path_stream" name="test_stream_emits_human_answer_engine_phases@api-stack" time="1.211" /><testcase classname="tests.security.test_gateway.TestGatewaySecurity" name="test_kong_gateway_dlp_blocking@external-service" time="5.100"><skipped type="pytest.skip" message="Kong Gateway admin API not ready: Kong did not become ready within the timeout">/Users/srujansai/Desktop/NRG/tests/security/test_gateway.py:78: Kong Gateway admin API not ready: Kong did not become ready within the timeout</skipped></testcase><testcase classname="tests.security.test_gateway.TestGatewaySecurity" name="test_kong_gateway_injection_blocking@external-service" time="0.000"><skipped type="pytest.skip" message="Kong Gateway admin API not ready: Kong did not become ready within the timeout">/Users/srujansai/Desktop/NRG/tests/security/test_gateway.py:127: Kong Gateway admin API not ready: Kong did not become ready within the timeout</skipped></testcase><testcase classname="tests.security.test_gateway.TestGatewaySecurity" name="test_kong_login_is_public_and_researchers_requires_jwt@external-service" time="0.000"><skipped type="pytest.skip" message="Kong Gateway admin API not ready: Kong did not become ready within the timeout">/Users/srujansai/Desktop/NRG/tests/security/test_gateway.py:162: Kong Gateway admin API not ready: Kong did not become ready within the timeout</skipped></testcase><testcase classname="tests.security.test_kong_dlp_runtime" name="test_kong_loads_custom_dlp_plugin@external-service" time="0.001"><skipped type="pytest.skip" message="requires Kong Gateway running">/Users/srujansai/Desktop/NRG/tests/security/test_kong_dlp_runtime.py:31: requires Kong Gateway running</skipped></testcase><testcase classname="tests.security.test_kong_dlp_runtime" name="test_kong_dlp_blocks_pii_and_reports_type[Find researcher with Aadhaar 1234-5678-9012-aadhaar]@external-service" time="0.000"><skipped type="pytest.skip" message="requires Kong Gateway running">/Users/srujansai/Desktop/NRG/tests/security/test_kong_dlp_runtime.py:41: requires Kong Gateway running</skipped></testcase><testcase classname="tests.security.test_kong_dlp_runtime" name="test_kong_dlp_blocks_pii_and_reports_type[PAN number ABCDE1234F details-pan]@external-service" time="0.001"><skipped type="pytest.skip" message="requires Kong Gateway running">/Users/srujansai/Desktop/NRG/tests/security/test_kong_dlp_runtime.py:41: requires Kong Gateway running</skipped></testcase><testcase classname="tests.security.test_kong_dlp_runtime" name="test_kong_dlp_blocks_pii_and_reports_type[Contact researcher at 9876543210-phone]@external-service" time="0.000"><skipped type="pytest.skip" message="requires Kong Gateway running">/Users/srujansai/Desktop/NRG/tests/security/test_kong_dlp_runtime.py:41: requires Kong Gateway running</skipped></testcase><testcase classname="tests.security.test_kong_dlp_runtime" name="test_blocked_request_emits_audit_log@external-service" time="0.001"><skipped type="pytest.skip" message="requires Kong Gateway running">/Users/srujansai/Desktop/NRG/tests/security/test_kong_dlp_runtime.py:68: requires Kong Gateway running</skipped></testcase><testcase classname="tests.security.test_rbac.TestRBAC" name="test_tier2_government@external-service" time="0.000"><skipped type="pytest.skip" message="Database not available (set DB_AVAILABLE=1 to enable)">/Users/srujansai/Desktop/NRG/tests/security/test_rbac.py:26: Database not available (set DB_AVAILABLE=1 to enable)</skipped></testcase><testcase classname="tests.security.test_rbac.TestRBAC" name="test_rag_tier_filtering@external-service" time="0.000"><skipped type="pytest.skip" message="Qdrant not available (set QDRANT_AVAILABLE=1 to enable)">/Users/srujansai/Desktop/NRG/tests/security/test_rbac.py:49: Qdrant not available (set QDRANT_AVAILABLE=1 to enable)</skipped></testcase><testcase classname="tests.security.test_zero_leakage.TestDataBoundary" name="test_tier_filtering_rag@external-service" time="0.000"><skipped type="pytest.skip" message="Qdrant not available (set QDRANT_AVAILABLE=1 to enable)">/Users/srujansai/Desktop/NRG/tests/security/test_zero_leakage.py:101: Qdrant not available (set QDRANT_AVAILABLE=1 to enable)</skipped></testcase><testcase classname="tests.unit.test_compose_config" name="test_kong_uses_non_conflicting_public_port@external-service" time="0.029" /><testcase classname="tests.db.test_trl_view" name="test_trl_view_columns_preserve_base_table_and_trl_alias" time="0.037" /><testcase classname="tests.db.test_trl_view" name="test_validate_identifier_rejects_64_byte_postgres_identifier" time="0.000" /><testcase classname="tests.evals.test_quality_gates.TestRetrievalQuality" name="test_faithfulness_score" time="0.003" /><testcase classname="tests.evals.test_quality_gates.TestSecurityGates" name="test_injection_block_rate" time="0.007" /><testcase classname="tests.evals.test_quality_gates.TestSecurityGates" name="test_sovereignty_leak_rate" time="0.000"><skipped type="pytest.skip" message="Requires SovereignHTTPXClient with VPC egress control - not available in dev">/Users/srujansai/Desktop/NRG/tests/evals/test_quality_gates.py:457: Requires SovereignHTTPXClient with VPC egress control - not available in dev</skipped></testcase><testcase classname="tests.evals.test_sql_accuracy" name="test_sql_accuracy_on_dhairya_eval_set" time="0.001"><skipped type="pytest.skip" message="SQL accuracy eval requires PostgreSQL with 58 tables (not SQLite dev)">/Users/srujansai/Desktop/NRG/tests/evals/test_sql_accuracy.py:107: SQL accuracy eval requires PostgreSQL with 58 tables (not SQLite dev)</skipped></testcase><testcase classname="tests.evals.test_sql_accuracy.TestSQLAccuracyMetrics" name="test_schema_hints_file_exists" time="0.001" /><testcase classname="tests.evals.test_sql_accuracy.TestSQLAccuracyMetrics" name="test_value_synonyms_file_exists" time="0.006" /><testcase classname="tests.evals.test_sql_accuracy.TestSQLAccuracyMetrics" name="test_few_shot_examples_loaded" time="0.001" /><testcase classname="tests.evals.test_sql_accuracy.TestSQLAccuracyMetrics" name="test_eval_dataset_complete" time="0.001" /><testcase classname="tests.evals.test_sql_accuracy.TestSQLAccuracyMetrics" name="test_no_regression_on_simple_queries" time="0.000"><skipped type="pytest.skip" message="SQL accuracy eval requires PostgreSQL with 58 tables (not SQLite dev)">/Users/srujansai/Desktop/NRG/tests/evals/test_sql_accuracy.py:229: SQL accuracy eval requires PostgreSQL with 58 tables (not SQLite dev)</skipped></testcase><testcase classname="tests.frontend.test_login_presets" name="test_login_presets_use_acceptance_personas" time="0.001" /><testcase classname="tests.ingestion.test_vector_pipeline.VectorPipelineTest" name="test_access_tier_labeling" time="0.003" /><testcase classname="tests.ingestion.test_vector_pipeline.VectorPipelineTest" name="test_qdrant_collection_size" time="0.001" /><testcase classname="tests.ingestion.test_vector_pipeline.VectorPipelineTest" name="test_rbac_filtering" time="0.001" /><testcase classname="tests.ingestion.test_vector_pipeline.VectorPipelineTest" name="test_text_chunking" time="0.001" /><testcase classname="tests.misc.test_zero_coverage_modules.TestReflectorNode" name="test_validate_output_completeness_pass" time="0.001" /><testcase classname="tests.misc.test_zero_coverage_modules.TestReflectorNode" name="test_validate_output_completeness_missing_field" time="0.001" /><testcase classname="tests.misc.test_zero_coverage_modules.TestReflectorNode" name="test_validate_output_completeness_insufficient_results" time="0.002" /><testcase classname="tests.misc.test_zero_coverage_modules.TestReflectorNode" name="test_validate_output_completeness_timeout" time="0.000" /><testcase classname="tests.misc.test_zero_coverage_modules.TestRetryHandler" name="test_handle_retry_success" time="0.000" /><testcase classname="tests.misc.test_zero_coverage_modules.TestRetryHandler" name="test_handle_retry_failure" time="1.007" /><testcase classname="tests.api.test_critical_path_stream" name="test_stream_answer_event_includes_hybrid_provenance@api-stack" time="1.197" /><testcase classname="tests.data.test_schema_parity.TestSchemaParity" name="test_hot_join_indexes_apply_and_explain_locally" time="2.107" /><testcase classname="tests.data.test_schema_parity.TestSchemaParity" name="test_alembic_upgrade_head_creates_all_db_struct_tables_locally" time="2.138" /><testcase classname="tests.data.test_schema_parity.TestSchemaParity" name="test_schema_fingerprint_matches_expected" time="0.003" /><testcase classname="tests.misc.test_zero_coverage_modules.TestMultiHopWorkflow" name="test_validate_multi_hop_results_fails_closed" time="0.005" /><testcase classname="tests.data.test_schema_parity.TestSchemaParity" name="test_active_schema_has_trl_stages_view" time="0.005" /><testcase classname="tests.misc.test_zero_coverage_modules.TestSeedDatabase" name="test_seed_database_runs" time="0.004" /><testcase classname="tests.misc.test_zero_coverage_modules.TestAccessControlLabels" name="test_access_tier_values" time="0.003" /><testcase classname="tests.misc.test_zero_coverage_modules.TestAccessControlLabels" name="test_labeler_researcher_fields" time="0.002" /><testcase classname="tests.misc.test_zero_coverage_modules.TestAccessControlLabels" name="test_labeler_publication_fields" time="0.001" /><testcase classname="tests.misc.test_zero_coverage_modules.TestAccessControlLabels" name="test_create_access_label" time="0.001" /><testcase classname="tests.misc.test_zero_coverage_modules.TestAccessControlLabels" name="test_labeler_funding_fields" time="0.001" /><testcase classname="tests.misc.test_zero_coverage_modules.TestAccessControlLabels" name="test_validate_access_tier" time="0.000" /><testcase classname="tests.misc.test_zero_coverage_modules.TestAccessControlLabels" name="test_get_access_tier_description" time="0.000" /><testcase classname="tests.misc.test_zero_coverage_modules.TestCheckpoint" name="test_get_checkpointer" time="0.016" /><testcase classname="tests.misc.test_zero_coverage_modules.TestCheckpoint" name="test_sqlite_saver_crud" time="0.018" /><testcase classname="tests.observability.test_metrics.TestApiMetrics" name="test_metrics_requires_tier_1" time="0.067" /><testcase classname="tests.observability.test_metrics.TestApiMetrics" name="test_metrics_returns_valid_json" time="0.063" /><testcase classname="tests.observability.test_metrics.TestApiMetrics" name="test_metrics_prometheus_format" time="0.031" /><testcase classname="tests.observability.test_metrics.TestApiMetrics" name="test_metrics_includes_slo_status" time="0.041" /><testcase classname="tests.observability.test_metrics.TestApiMetrics" name="test_metrics_includes_audit_chain_info" time="0.047" /><testcase classname="tests.observability.test_metrics.TestApiMetrics" name="test_metrics_includes_provider_health" time="0.061" /><testcase classname="tests.observability.test_metrics.TestProvidersHealthEndpoint" name="test_providers_health_returns_json" time="0.019" /><testcase classname="tests.observability.test_metrics.TestVectorsHealthEndpoint" name="test_vectors_health_accepts_threshold_exempt_small_collection" time="0.007" /><testcase classname="tests.observability.test_metrics.TestVectorsHealthEndpoint" name="test_vectors_health_returns_collection_stats" time="0.151" /><testcase classname="tests.observability.test_metrics.TestSloTrackerAnomalyAlerting" name="test_p95_breach_triggers_warning" time="0.004" /><testcase classname="tests.observability.test_metrics.TestLangfuseTracing" name="test_langfuse_decorator_silent_when_no_keys" time="0.000" /><testcase classname="tests.observability.test_metrics.TestLangfuseTracing" name="test_sql_generation_decorator_exists" time="0.000" /><testcase classname="tests.observability.test_metrics.TestLangfuseTracing" name="test_rag_retrieval_decorator_exists" time="0.000" /><testcase classname="tests.observability.test_metrics.TestLangfuseTracing" name="test_trace_sql_generation_wraps_function" time="0.000" /><testcase classname="tests.observability.test_metrics.TestIngestionScript" name="test_chunk_text_splits_correctly" time="0.002" /><testcase classname="tests.observability.test_metrics.TestIngestionScript" name="test_sha256_hashing_for_dedup" time="0.001" /><testcase classname="tests.observability.test_metrics.TestIngestionScript" name="test_ingest_csv_parser" time="0.001" /><testcase classname="tests.observability.test_metrics.TestIngestionScript" name="test_ingest_script_handles_malformed_csv" time="0.003" /><testcase classname="tests.observability.test_metrics.TestAnomalyAlertingIntegration" name="test_audit_write_blocked_after_chain_failure" time="0.003" /><testcase classname="tests.observability.test_metrics.TestAnomalyAlertingIntegration" name="test_audit_unblocked_after_recovery" time="0.001" /><testcase classname="tests.observability.test_prometheus_label_safety" name="test_prometheus_label_values_redact_direct_identifiers" time="0.002" /><testcase classname="tests.observability.test_vector_drift.TestCosineShift" name="test_identical_vectors_near_zero_shift" time="0.000" /><testcase classname="tests.observability.test_vector_drift.TestCosineShift" name="test_opposite_vectors_max_shift" time="0.000" /><testcase classname="tests.observability.test_vector_drift.TestCosineShift" name="test_orthogonal_vectors_high_shift" time="0.001" /><testcase classname="tests.observability.test_vector_drift.TestTriggerReindex" name="test_trigger_posts_to_reindex_endpoint" time="0.004" /><testcase classname="tests.observability.test_vector_drift.TestTriggerReindex" name="test_trigger_skips_when_no_token" time="0.002" /><testcase classname="tests.observability.test_vector_drift.TestCheckCosineShift" name="test_no_reference_establishes_baseline" time="0.003" /><testcase classname="tests.observability.test_vector_drift.TestCheckCosineShift" name="test_shift_above_threshold_triggers_reindex" time="0.001" /><testcase classname="tests.observability.test_vector_drift.TestCheckCosineShift" name="test_stable_when_shift_below_threshold" time="0.001" /><testcase classname="tests.observability.test_vector_drift.TestEstablishBaseline" name="test_establish_baseline_persists_reference_data" time="0.004" /><testcase classname="tests.observability.test_vector_drift.TestStatusFile" name="test_write_status_file_persists_vector_drift_health" time="0.002" /><testcase classname="tests.observability.test_vector_drift.TestSLOThresholds" name="test_drift_slo_exactly_085" time="0.001" /><testcase classname="tests.observability.test_vector_drift.TestSLOThresholds" name="test_cosine_shift_threshold_exactly_005" time="0.001" /><testcase classname="tests.observability.test_vector_drift.TestSLOThresholds" name="test_benchmark_queries_count" time="0.000" /><testcase classname="tests.observability.test_vector_drift.TestDriftCheckRuntime" name="test_qdrant_unhealthy_is_not_benchmark_ready" time="0.000" /><testcase classname="tests.observability.test_vector_drift.TestDriftCheckRuntime" name="test_qdrant_empty_collection_is_not_benchmark_ready" time="0.000" /><testcase classname="tests.observability.test_vector_drift.TestDriftCheckRuntime" name="test_qdrant_unindexed_collection_is_not_benchmark_ready" time="0.000" /><testcase classname="tests.observability.test_vector_drift.TestDriftCheckRuntime" name="test_qdrant_small_threshold_exempt_collection_is_benchmark_ready" time="0.001" /><testcase classname="tests.observability.test_vector_drift.TestDriftCheckRuntime" name="test_qdrant_with_vectors_is_benchmark_ready" time="0.000" /><testcase classname="tests.observability.test_vector_drift.TestDriftCheckRuntime" name="test_run_drift_check_reuses_one_embedder_for_all_benchmarks" time="0.001" /><testcase classname="tests.observability.test_vector_drift.TestDriftCheckRuntime" name="test_run_drift_check_skips_cosine_when_benchmark_is_critical" time="0.001" /><testcase classname="tests.observability.test_vector_drift.TestDriftCheckRuntime" name="test_run_drift_check_uses_established_baseline_cache" time="0.001" /><testcase classname="tests.observability.test_vector_drift_scheduler" name="test_default_interval_is_60_seconds" time="0.000" /><testcase classname="tests.observability.test_vector_drift_scheduler" name="test_main_without_args_runs_one_drift_check_without_crash" time="0.003" /><testcase classname="tests.observability.test_vector_drift_scheduler" name="test_default_check_establishes_baseline_before_drift_check" time="0.001" /><testcase classname="tests.observability.test_vector_drift_scheduler" name="test_scheduler_sleeps_for_configured_60_second_interval" time="0.004" /><testcase classname="tests.observability.test_vector_drift_scheduler" name="test_scheduler_triggers_reindex_on_cosine_shift_breach" time="0.002" /><testcase classname="tests.observability.test_metrics.TestSloTrackerAnomalyAlerting" name="test_provider_zero_success_rate_triggers_critical" time="0.004" /><testcase classname="tests.observability.test_vector_drift_scheduler" name="test_scheduler_emits_retrain_event_on_threshold_breach" time="0.003" /><testcase classname="tests.observability.test_vector_drift_scheduler" name="test_scheduler_does_not_reindex_when_stable" time="0.002" /><testcase classname="tests.observability.test_vector_drift_scheduler" name="test_cron_manifest_exists_without_inline_secrets" time="0.005" /><testcase classname="tests.orchestration.test_complex_queries.ComplexQueriesTest" name="test_output_completeness" time="0.002" /><testcase classname="tests.orchestration.test_complex_queries.ComplexQueriesTest" name="test_multi_hop_query_processing" time="0.003" /><testcase classname="tests.orchestration.test_complex_queries.ComplexQueriesTest" name="test_retry_loop_handling" time="0.001" /><testcase classname="tests.orchestration.test_graph_session_memory" name="test_workflow_reuses_session_id_and_passes_prior_turns" time="0.034" /><testcase classname="tests.data.test_schema_parity.TestSchemaParity" name="test_live_db_has_all_tables" time="2.564" /><testcase classname="tests.data.test_schema_parity.TestSchemaParity" name="test_schema_fingerprint_stable" time="0.004" /><testcase classname="tests.orchestration.test_join_graph_blindness.TestJoinGraphBlindness" name="test_retrieved_ddl_is_nonempty_and_parseable[ADV-01]" time="0.070" /><testcase classname="tests.data.test_schema_parity.TestSchemaParity" name="test_live_db_connection" time="2.601" /><testcase classname="tests.data.test_schema_parity.TestSchemaParity" name="test_live_db_has_all_columns" time="0.024" /><testcase classname="tests.data.test_schema_parity.TestSchemaParity" name="test_all_dhairya_tables_have_minimum_rows" time="2.584" /><testcase classname="tests.orchestration.test_join_graph_blindness.TestJoinGraphBlindness" name="test_retrieved_ddl_is_nonempty_and_parseable[ADV-03]" time="0.082" /><testcase classname="tests.data.test_schema_parity.TestSchemaParity" name="test_primary_keys_intact" time="0.024" /><testcase classname="tests.orchestration.test_join_graph_blindness.TestJoinGraphBlindness" name="test_retrieved_ddl_is_nonempty_and_parseable[ADV-06]" time="0.080" /><testcase classname="tests.orchestration.test_join_graph_blindness.TestJoinGraphBlindness" name="test_retrieved_ddl_is_nonempty_and_parseable[ADV-02]" time="0.086" /><testcase classname="tests.misc.test_zero_coverage_modules.TestRetryHandler" name="test_handle_retry_eventual_success" time="1.010" /><testcase classname="tests.orchestration.test_join_graph_blindness.TestJoinGraphBlindness" name="test_retrieved_ddl_is_nonempty_and_parseable[ADV-04]" time="0.080"><skipped type="pytest.skip" message="Follow-up query — requires conversation context">/Users/srujansai/Desktop/NRG/tests/orchestration/test_join_graph_blindness.py:271: Follow-up query — requires conversation context</skipped></testcase><testcase classname="tests.orchestration.test_join_graph_blindness.TestJoinGraphBlindness" name="test_retrieved_ddl_is_nonempty_and_parseable[ADV-09]" time="0.079"><skipped type="pytest.skip" message="Requires real embeddings — mock embedder insufficient">/Users/srujansai/Desktop/NRG/tests/orchestration/test_join_graph_blindness.py:273: Requires real embeddings — mock embedder insufficient</skipped></testcase><testcase classname="tests.orchestration.test_join_graph_blindness.TestJoinGraphBlindness" name="test_retrieved_ddl_is_nonempty_and_parseable[ADV-11]" time="0.078" /><testcase classname="tests.orchestration.test_join_graph_blindness.TestJoinGraphBlindness" name="test_retrieved_ddl_is_nonempty_and_parseable[ADV-07]" time="0.084"><skipped type="pytest.skip" message="Requires real embeddings — mock embedder insufficient">/Users/srujansai/Desktop/NRG/tests/orchestration/test_join_graph_blindness.py:273: Requires real embeddings — mock embedder insufficient</skipped></testcase><testcase classname="tests.orchestration.test_join_graph_blindness.TestJoinGraphBlindness" name="test_retrieved_ddl_is_nonempty_and_parseable[ADV-08]" time="0.107" /><testcase classname="tests.orchestration.test_join_graph_blindness.TestJoinGraphBlindness" name="test_retrieved_ddl_is_nonempty_and_parseable[ADV-13]" time="0.149"><skipped type="pytest.skip" message="Requires real embeddings — mock embedder insufficient">/Users/srujansai/Desktop/NRG/tests/orchestration/test_join_graph_blindness.py:273: Requires real embeddings — mock embedder insufficient</skipped></testcase><testcase classname="tests.orchestration.test_join_graph_blindness.TestJoinGraphBlindness" name="test_retrieved_ddl_is_nonempty_and_parseable[ADV-14]" time="0.131" /><testcase classname="tests.orchestration.test_join_graph_blindness.TestJoinGraphBlindness" name="test_retrieved_ddl_is_nonempty_and_parseable[ADV-12]" time="0.160" /><testcase classname="tests.orchestration.test_join_graph_blindness.TestJoinGraphBlindness" name="test_retrieved_ddl_is_nonempty_and_parseable[ADV-16]" time="0.092"><skipped type="pytest.skip" message="Requires real embeddings — mock embedder insufficient">/Users/srujansai/Desktop/NRG/tests/orchestration/test_join_graph_blindness.py:273: Requires real embeddings — mock embedder insufficient</skipped></testcase><testcase classname="tests.orchestration.test_join_graph_blindness.TestJoinGraphBlindness" name="test_retrieved_ddl_is_nonempty_and_parseable[ADV-15]" time="0.140" /><testcase classname="tests.data.test_schema_parity.TestSchemaParity" name="test_no_orphan_foreign_keys" time="2.361" /><testcase classname="tests.orchestration.test_join_graph_blindness.TestJoinGraphBlindness" name="test_retrieved_ddl_is_nonempty_and_parseable[ADV-18]" time="0.071" /><testcase classname="tests.orchestration.test_join_graph_blindness.TestJoinGraphBlindness" name="test_retrieved_ddl_is_nonempty_and_parseable[ADV-21]" time="0.081" /><testcase classname="tests.orchestration.test_join_graph_blindness.TestJoinGraphBlindness" name="test_retrieved_ddl_is_nonempty_and_parseable[KILLER-02]" time="0.087" /><testcase classname="tests.orchestration.test_join_graph_blindness.TestJoinGraphBlindness" name="test_retrieved_ddl_is_nonempty_and_parseable[ADV-19]" time="0.096" /><testcase classname="tests.orchestration.test_join_graph_blindness.TestJoinGraphBlindness" name="test_retrieved_ddl_is_nonempty_and_parseable[KILLER-01]" time="0.078"><skipped type="pytest.skip" message="Requires real embeddings — mock embedder insufficient">/Users/srujansai/Desktop/NRG/tests/orchestration/test_join_graph_blindness.py:273: Requires real embeddings — mock embedder insufficient</skipped></testcase><testcase classname="tests.data.test_schema_parity.TestSchemaParity" name="test_total_credit_score_is_text_type" time="0.008" /><testcase classname="tests.db.test_trl_view" name="test_trl_view_returns_same_rows" time="0.009" /><testcase classname="tests.api.test_critical_path_stream" name="test_stream_answer_record_persist_does_not_block_answer_build@api-stack" time="0.207" /><testcase classname="tests.orchestration.test_join_graph_blindness.TestJoinGraphBlindness" name="test_multi_table_queries_include_join_keys[ADV-11]" time="0.089" /><testcase classname="tests.orchestration.test_join_graph_blindness.TestJoinGraphBlindness" name="test_multi_table_queries_include_join_keys[ADV-03]" time="0.083" /><testcase classname="tests.orchestration.test_join_graph_blindness.TestJoinGraphBlindness" name="test_retrieved_ddl_is_nonempty_and_parseable[KILLER-03]" time="0.082" /><testcase classname="tests.orchestration.test_join_graph_blindness.TestJoinGraphBlindness" name="test_multi_table_queries_include_join_keys[ADV-13]" time="0.088" /><testcase classname="tests.orchestration.test_join_graph_blindness.TestJoinGraphBlindness" name="test_multi_table_queries_include_join_keys[ADV-08]" time="0.103" /><testcase classname="tests.orchestration.test_join_graph_blindness.TestJoinGraphBlindness" name="test_multi_table_queries_include_join_keys[KILLER-03]" time="0.096" /><testcase classname="tests.orchestration.test_join_graph_blindness.TestJoinGraphBlindness" name="test_multi_table_queries_include_join_keys[ADV-16]" time="0.070" /><testcase classname="tests.orchestration.test_join_graph_blindness.TestJoinGraphBlindness" name="test_multi_table_queries_include_join_keys[ADV-17]" time="0.074" /><testcase classname="tests.orchestration.test_nodes.TestNRGState" name="test_default_construction" time="0.001" /><testcase classname="tests.orchestration.test_join_graph_blindness.TestJoinGraphBlindness" name="test_multi_table_queries_include_join_keys[ADV-14]" time="0.088" /><testcase classname="tests.orchestration.test_nodes.TestNRGState" name="test_from_dict" time="0.000" /><testcase classname="tests.orchestration.test_nodes.TestNRGState" name="test_to_json_and_back" time="0.002" /><testcase classname="tests.orchestration.test_nodes.TestReceiverNode" name="test_receiver_generates_query_id" time="0.001" /><testcase classname="tests.orchestration.test_nodes.TestReceiverNode" name="test_receiver_default_tier" time="0.000" /><testcase classname="tests.orchestration.test_nodes.TestRouterNode" name="test_router_routes_text_to_sql" time="0.001" /><testcase classname="tests.orchestration.test_nodes.TestRouterNode" name="test_router_routes_rag" time="0.000" /><testcase classname="tests.orchestration.test_nodes.TestRouterNode" name="test_router_hybrid" time="0.001" /><testcase classname="tests.orchestration.test_nodes.TestRouterNode" name="test_router_no_plan" time="0.002" /><testcase classname="tests.orchestration.test_join_graph_blindness.TestJoinGraphBlindness" name="test_multi_table_queries_include_join_keys[ADV-18]" time="0.081" /><testcase classname="tests.orchestration.test_nodes.TestRouterNode" name="test_router_ambiguous_best" time="0.016" /><testcase classname="tests.orchestration.test_nodes.TestNRGState" name="test_add_trace" time="0.001" /><testcase classname="tests.orchestration.test_join_graph_blindness.TestJoinGraphBlindness" name="test_safe_view_for_62char_table" time="0.096" /><testcase classname="tests.orchestration.test_join_graph_blindness.TestJoinGraphBlindness" name="test_junction_tables_auto_included" time="0.073" /><testcase classname="tests.orchestration.test_nodes.TestRouterNode" name="test_router_ambiguous_compare" time="0.012" /><testcase classname="tests.orchestration.test_nodes.TestNRGState" name="test_with_all_fields" time="0.001" /><testcase classname="tests.orchestration.test_nodes.TestExecutorNode" name="test_executor_sql_failure_graceful" time="0.018" /><testcase classname="tests.orchestration.test_nodes.TestRouterNode" name="test_router_not_ambiguous" time="0.001" /><testcase classname="tests.orchestration.test_nodes.TestExecutorNode" name="test_executor_sql_route" time="0.003" /><testcase classname="tests.orchestration.test_planner.TestSchemaAllowlistingClient" name="test_schema_allowlisting_client_blocks_schema_probing" time="0.001" /><testcase classname="tests.orchestration.test_planner.TestSchemaAllowlistingClient" name="test_schema_allowlisting_client_passes_through_model" time="0.001" /><testcase classname="tests.orchestration.test_planner.TestSchemaAllowlistingClient" name="test_schema_allowlisting_client_allows_valid_query" time="0.001" /><testcase classname="tests.orchestration.test_planner.TestSchemaAllowlistingClient" name="test_schema_allowlisting_client_unknown_model" time="0.001" /><testcase classname="tests.orchestration.test_planner.TestPlannerNode" name="test_returns_fallback_when_no_client" time="0.007" /><testcase classname="tests.orchestration.test_planner.TestPlannerNode" name="test_returns_plan_from_llm" time="0.254" /><testcase classname="tests.orchestration.test_nodes.TestExecutorNode" name="test_executor_hybrid_route" time="0.005" /><testcase classname="tests.orchestration.test_planner.TestPlannerNode" name="test_fallback_on_llm_error" time="0.246" /><testcase classname="tests.orchestration.test_planner.TestPlannerNode" name="test_state_get_object" time="0.001" /><testcase classname="tests.orchestration.test_planner.TestPlannerNode" name="test_parse_plan_json_in_text" time="0.001" /><testcase classname="tests.orchestration.test_planner.TestPlannerNode" name="test_parse_plan_invalid_raises" time="0.000" /><testcase classname="tests.orchestration.test_planner.TestPlannerNode" name="test_client_model_name_from_settings" time="0.001" /><testcase classname="tests.orchestration.test_planner.TestPlannerNode" name="test_client_model_name_unknown" time="0.001" /><testcase classname="tests.api.test_final_golden_fast_paths" name="test_golden_state_ai_comparison_answers_the_named_states@api-stack" time="1.257" /><testcase classname="tests.orchestration.test_join_graph_blindness.TestJoinGraphBlindness" name="test_token_count_within_limit" time="0.077" /><testcase classname="tests.orchestration.test_planner.TestPlannerNode" name="test_followup_query_is_enriched_with_previous_table_and_entity" time="0.001" /><testcase classname="tests.orchestration.test_nodes.TestReceiverNode" name="test_receiver_creates_state" time="0.001" /><testcase classname="tests.orchestration.test_planner.TestPlannerNode" name="test_planner_uses_enriched_followup_for_schema_selection" time="0.004" /><testcase classname="tests.orchestration.test_planner_node" name="test_planner_node_returns_strict_plan" time="0.084" /><testcase classname="tests.orchestration.test_join_graph_blindness.TestJoinGraphBlindness" name="test_all_20_cases_pass_recall" time="0.116" /><testcase classname="tests.orchestration.test_planner_node" name="test_planner_node_falls_back_when_no_llm" time="0.256" /><testcase classname="tests.orchestration.test_join_graph_blindness.TestJoinGraphBlindness" name="test_glossary_ambiguous_term_flagged" time="0.072" /><testcase classname="tests.orchestration.test_nodes.TestNRGState" name="test_add_error" time="0.001" /><testcase classname="tests.orchestration.test_nodes.TestExecutorNode" name="test_executor_rag_route" time="0.004" /><testcase classname="tests.orchestration.test_nodes.TestNRGState" name="test_to_dict" time="0.001" /><testcase classname="tests.orchestration.test_query_catalog" name="test_catalog_routes_research_summary_to_rag" time="0.002" /><testcase classname="tests.orchestration.test_query_catalog" name="test_catalog_routes_mixed_structured_and_explanatory_query_to_hybrid" time="0.001" /><testcase classname="tests.orchestration.test_query_catalog" name="test_catalog_clarifies_vague_best_query" time="0.001" /><testcase classname="tests.orchestration.test_query_catalog" name="test_catalog_blocks_direct_pii_request" time="0.001" /><testcase classname="tests.orchestration.test_query_catalog" name="test_catalog_exposes_table_metadata_without_pii_columns_in_safe_columns" time="0.001" /><testcase classname="tests.orchestration.test_remaining_nodes.TestReceiverNode" name="test_receiver_with_empty_state" time="0.002" /><testcase classname="tests.orchestration.test_remaining_nodes.TestReceiverNode" name="test_receiver_generates_uuid_when_missing" time="0.000" /><testcase classname="tests.orchestration.test_remaining_nodes.TestReceiverNode" name="test_receiver_with_dict_state" time="0.000" /><testcase classname="tests.orchestration.test_remaining_nodes.TestReceiverNode" name="test_receiver_handles_none_values" time="0.001" /><testcase classname="tests.orchestration.test_remaining_nodes.TestReceiverNode" name="test_create_initial_state" time="0.001" /><testcase classname="tests.orchestration.test_remaining_nodes.TestReceiverNode" name="test_create_initial_state_defaults" time="0.001" /><testcase classname="tests.orchestration.test_remaining_nodes.TestRetryHandler" name="test_successful_operation_no_retry" time="0.000" /><testcase classname="tests.orchestration.test_remaining_nodes.TestRetryHandler" name="test_retry_on_failure_then_success" time="0.001" /><testcase classname="tests.orchestration.test_remaining_nodes.TestRetryHandler" name="test_retry_caps_at_three_attempts" time="0.000" /><testcase classname="tests.orchestration.test_remaining_nodes.TestRetryHandler" name="tes
[...]
est_synthesis_cascade" name="test_cloud_tier_succeeds" time="0.023" /><testcase classname="tests.unit.test_synthesis_cascade" name="test_cloud_falls_back_to_local" time="0.024" /><testcase classname="tests.unit.test_synthesis_cascade" name="test_cloud_synthesis_timeout_falls_back_to_local" time="0.017" /><testcase classname="tests.unit.test_synthesis_cascade" name="test_both_fail_uses_rule_based" time="0.003" /><testcase classname="tests.unit.test_synthesis_cascade" name="test_rule_based_handles_aggregate_counts" time="0.001" /><testcase classname="tests.utils.test_helpers.TestGenerateUUID" name="test_returns_string" time="0.001" /><testcase classname="tests.utils.test_helpers.TestGenerateUUID" name="test_returns_valid_uuid" time="0.000" /><testcase classname="tests.utils.test_helpers.TestHashString" name="test_returns_hex_string" time="0.001" /><testcase classname="tests.utils.test_helpers.TestHashString" name="test_deterministic" time="0.000" /><testcase classname="tests.utils.test_helpers.TestJsonSerialize" name="test_serializes_dict" time="0.000" /><testcase classname="tests.utils.test_helpers.TestJsonSerialize" name="test_serializes_list" time="0.000" /><testcase classname="tests.unit.test_synthesis_cascade" name="test_rule_based_formats_data_without_llm" time="0.001" /><testcase classname="tests.utils.test_helpers.TestGetTimestamp" name="test_returns_iso_string" time="0.000" /><testcase classname="tests.utils.test_helpers.TestValidateRequiredFields" name="test_all_present" time="0.000" /><testcase classname="tests.utils.test_helpers.TestValidateRequiredFields" name="test_missing_field" time="0.000" /><testcase classname="tests.utils.test_helpers.TestValidateRequiredFields" name="test_empty_value_considered_missing" time="0.000" /><testcase classname="tests.utils.test_helpers.TestValidateRequiredFields" name="test_none_value_considered_missing" time="0.001" /><testcase classname="tests.utils.test_helpers.TestSafeGet" name="test_existing_key" time="0.001" /><testcase classname="tests.utils.test_helpers.TestSafeGet" name="test_missing_key_with_default" time="0.001" /><testcase classname="tests.utils.test_helpers.TestSafeGet" name="test_missing_key_no_default" time="0.000" /><testcase classname="tests.utils.test_helpers.TestBatchList" name="test_batches_correctly" time="0.000" /><testcase classname="tests.utils.test_helpers.TestBatchList" name="test_exact_batch_size" time="0.000" /><testcase classname="tests.utils.test_helpers.TestBatchList" name="test_batch_larger_than_list" time="0.000" /><testcase classname="tests.utils.test_helpers.TestBatchList" name="test_empty_list" time="0.001" /><testcase classname="tests.utils.test_logging_config.TestJSONFormatter" name="test_formats_log_record" time="0.000" /><testcase classname="tests.utils.test_logging_config.TestJSONFormatter" name="test_includes_exception" time="0.001" /><testcase classname="tests.utils.test_logging_config.TestSetupLogging" name="test_returns_root_logger" time="0.002" /><testcase classname="tests.utils.test_logging_config.TestSetupLogging" name="test_sets_info_level" time="0.001" /><testcase classname="tests.utils.test_logging_config.TestSetupLogging" name="test_clears_existing_handlers" time="0.001" /><testcase classname="tests.utils.test_logging_config.TestSetupLogging" name="test_json_format" time="0.002" /><testcase classname="tests.utils.test_logging_config.TestSetupLogging" name="test_file_handler_created" time="0.002" /><testcase classname="tests.skills.test_text_to_sql.TestSandbox" name="test_select_only" time="0.001" /><testcase classname="tests.security.test_security_regression.TestPIIDetection" name="test_phone_91_prefix_detected" time="0.002" /><testcase classname="tests.skills.test_schema_retriever.TestDisambiguateTerm" name="test_disambiguate_returns_single_meaning" time="0.046" /><testcase classname="tests.unit.test_database.TestNRGDatabase" name="test_execute_mutating_query_invalidates_query_cache" time="0.033" /><testcase classname="tests.api.test_tier_isolation_property" name="test_policy_declares_required_response_boundary_fields@api-stack" time="0.001" /><testcase classname="tests.api.test_tier_response_filtering" name="test_query_industry_response_strips_pii_and_debug_fields@api-stack" time="0.055" /><testcase classname="tests.api.test_tier_response_filtering" name="test_industry_response_strips_government_grant_amount_fields@api-stack" time="0.001" /><testcase classname="tests.integration.test_api_gateway.TestHealthEndpoints" name="test_health_check@api-stack" time="0.000"><skipped type="pytest.skip" message="Requires running API server (set NRG_API_RUNNING=1)">/Users/srujansai/Desktop/NRG/tests/integration/test_api_gateway.py:18: Requires running API server (set NRG_API_RUNNING=1)</skipped></testcase><testcase classname="tests.integration.test_api_gateway.TestHealthEndpoints" name="test_health_db@api-stack" time="0.000"><skipped type="pytest.skip" message="Requires running API server (set NRG_API_RUNNING=1)">/Users/srujansai/Desktop/NRG/tests/integration/test_api_gateway.py:24: Requires running API server (set NRG_API_RUNNING=1)</skipped></testcase><testcase classname="tests.integration.test_api_gateway.TestHealthEndpoints" name="test_health_qdrant@api-stack" time="0.000"><skipped type="pytest.skip" message="Requires running API server (set NRG_API_RUNNING=1)">/Users/srujansai/Desktop/NRG/tests/integration/test_api_gateway.py:28: Requires running API server (set NRG_API_RUNNING=1)</skipped></testcase><testcase classname="tests.integration.test_api_gateway.TestAuthEnforcement" name="test_query_without_token_rejected@api-stack" time="0.000"><skipped type="pytest.skip" message="Requires running API server (set NRG_API_RUNNING=1)">/Users/srujansai/Desktop/NRG/tests/integration/test_api_gateway.py:34: Requires running API server (set NRG_API_RUNNING=1)</skipped></testcase><testcase classname="tests.integration.test_api_gateway.TestAuthEnforcement" name="test_query_with_invalid_token_rejected@api-stack" time="0.000"><skipped type="pytest.skip" message="Requires running API server (set NRG_API_RUNNING=1)">/Users/srujansai/Desktop/NRG/tests/integration/test_api_gateway.py:38: Requires running API server (set NRG_API_RUNNING=1)</skipped></testcase><testcase classname="tests.integration.test_api_gateway.TestAuthEnforcement" name="test_protected_endpoints_require_auth@api-stack" time="0.000"><skipped type="pytest.skip" message="Requires running API server (set NRG_API_RUNNING=1)">/Users/srujansai/Desktop/NRG/tests/integration/test_api_gateway.py:46: Requires running API server (set NRG_API_RUNNING=1)</skipped></testcase><testcase classname="tests.integration.test_api_gateway.TestRateLimiting" name="test_rapid_requests_throttled@api-stack" time="0.000"><skipped type="pytest.skip" message="Requires running API server (set NRG_API_RUNNING=1)">/Users/srujansai/Desktop/NRG/tests/integration/test_api_gateway.py:53: Requires running API server (set NRG_API_RUNNING=1)</skipped></testcase><testcase classname="tests.integration.test_api_gateway.TestCORS" name="test_cors_headers_present@api-stack" time="0.000"><skipped type="pytest.skip" message="Requires running API server (set NRG_API_RUNNING=1)">/Users/srujansai/Desktop/NRG/tests/integration/test_api_gateway.py:64: Requires running API server (set NRG_API_RUNNING=1)</skipped></testcase><testcase classname="tests.integration.test_pipeline_e2e" name="test_pipeline_sql_path_number_with_citation@api-stack" time="0.172" /><testcase classname="tests.integration.test_pipeline_e2e" name="test_pipeline_rag_path_prose_with_citation@api-stack" time="0.019" /><testcase classname="tests.integration.test_pipeline_e2e" name="test_pipeline_hybrid_path_contains_structured_and_rag@api-stack" time="0.288" /><testcase classname="tests.integration.test_pipeline_e2e" name="test_pipeline_tier3_email_request_has_no_pii_leakage@api-stack" time="0.034" /><testcase classname="tests.integration.test_postgresql_connection.TestDatabaseManagerInit" name="test_detects_postgresql_driver@api-stack" time="0.000"><skipped type="pytest.skip" message="Requires POSTGRES_DATABASE_URL environment variable">/Users/srujansai/Desktop/NRG/tests/integration/test_postgresql_connection.py:26: Requires POSTGRES_DATABASE_URL environment variable</skipped></testcase><testcase classname="tests.integration.test_postgresql_connection.TestDatabaseManagerInit" name="test_detects_sqlite_driver@api-stack" time="0.000"><skipped type="pytest.skip" message="Requires POSTGRES_DATABASE_URL environment variable">/Users/srujansai/Desktop/NRG/tests/integration/test_postgresql_connection.py:31: Requires POSTGRES_DATABASE_URL environment variable</skipped></testcase><testcase classname="tests.integration.test_postgresql_connection.TestDatabaseManagerInit" name="test_defaults_to_sqlite_when_no_url@api-stack" time="0.000"><skipped type="pytest.skip" message="Requires POSTGRES_DATABASE_URL environment variable">/Users/srujansai/Desktop/NRG/tests/integration/test_postgresql_connection.py:35: Requires POSTGRES_DATABASE_URL environment variable</skipped></testcase><testcase classname="tests.integration.test_postgresql_connection.TestDatabaseManagerInit" name="test_singleton_pattern@api-stack" time="0.000"><skipped type="pytest.skip" message="Requires POSTGRES_DATABASE_URL environment variable">/Users/srujansai/Desktop/NRG/tests/integration/test_postgresql_connection.py:39: Requires POSTGRES_DATABASE_URL environment variable</skipped></testcase><testcase classname="tests.integration.test_postgresql_connection.TestPostgresPool" name="test_pool_initialized_with_config@api-stack" time="0.000"><skipped type="pytest.skip" message="Requires POSTGRES_DATABASE_URL environment variable">/Users/srujansai/Desktop/NRG/tests/integration/test_postgresql_connection.py:46: Requires POSTGRES_DATABASE_URL environment variable</skipped></testcase><testcase classname="tests.integration.test_postgresql_connection.TestPostgresPool" name="test_pool_stats_returns_valid_stats@api-stack" time="0.000"><skipped type="pytest.skip" message="Requires POSTGRES_DATABASE_URL environment variable">/Users/srujansai/Desktop/NRG/tests/integration/test_postgresql_connection.py:52: Requires POSTGRES_DATABASE_URL environment variable</skipped></testcase><testcase classname="tests.integration.test_postgresql_connection.TestPostgresConnection" name="test_execute_insert_and_select@api-stack" time="0.000"><skipped type="pytest.skip" message="Requires POSTGRES_DATABASE_URL environment variable">/Users/srujansai/Desktop/NRG/tests/integration/test_postgresql_connection.py:64: Requires POSTGRES_DATABASE_URL environment variable</skipped></testcase><testcase classname="tests.integration.test_postgresql_connection.TestPostgresConnection" name="test_fetch_all_returns_list_of_dicts@api-stack" time="0.000"><skipped type="pytest.skip" message="Requires POSTGRES_DATABASE_URL environment variable">/Users/srujansai/Desktop/NRG/tests/integration/test_postgresql_connection.py:91: Requires POSTGRES_DATABASE_URL environment variable</skipped></testcase><testcase classname="tests.integration.test_postgresql_connection.TestPostgresConnection" name="test_fetch_one_returns_none_when_no_match@api-stack" time="0.000"><skipped type="pytest.skip" message="Requires POSTGRES_DATABASE_URL environment variable">/Users/srujansai/Desktop/NRG/tests/integration/test_postgresql_connection.py:121: Requires POSTGRES_DATABASE_URL environment variable</skipped></testcase><testcase classname="tests.integration.test_postgresql_connection.TestPostgresConnection" name="test_transaction_commits_on_success@api-stack" time="0.000"><skipped type="pytest.skip" message="Requires POSTGRES_DATABASE_URL environment variable">/Users/srujansai/Desktop/NRG/tests/integration/test_postgresql_connection.py:133: Requires POSTGRES_DATABASE_URL environment variable</skipped></testcase><testcase classname="tests.integration.test_postgresql_connection.TestPostgresConnection" name="test_transaction_rolls_back_on_error@api-stack" time="0.000"><skipped type="pytest.skip" message="Requires POSTGRES_DATABASE_URL environment variable">/Users/srujansai/Desktop/NRG/tests/integration/test_postgresql_connection.py:156: Requires POSTGRES_DATABASE_URL environment variable</skipped></testcase><testcase classname="tests.integration.test_postgresql_connection.TestPostgresConnection" name="test_execute_with_retry_succeeds@api-stack" time="0.000"><skipped type="pytest.skip" message="Requires POSTGRES_DATABASE_URL environment variable">/Users/srujansai/Desktop/NRG/tests/integration/test_postgresql_connection.py:186: Requires POSTGRES_DATABASE_URL environment variable</skipped></testcase><testcase classname="tests.integration.test_postgresql_connection.TestDatabaseHealthCheck" name="test_health_check_returns_healthy_status@api-stack" time="0.000"><skipped type="pytest.skip" message="Requires POSTGRES_DATABASE_URL environment variable">/Users/srujansai/Desktop/NRG/tests/integration/test_postgresql_connection.py:197: Requires POSTGRES_DATABASE_URL environment variable</skipped></testcase><testcase classname="tests.integration.test_postgresql_connection.TestConnectionPoolBehavior" name="test_is_overloaded_false_under_normal_load@api-stack" time="0.000"><skipped type="pytest.skip" message="Requires POSTGRES_DATABASE_URL environment variable">/Users/srujansai/Desktop/NRG/tests/integration/test_postgresql_connection.py:209: Requires POSTGRES_DATABASE_URL environment variable</skipped></testcase><testcase classname="tests.integration.test_postgresql_connection.TestConnectionPoolBehavior" name="test_mask_url_hides_password@api-stack" time="0.000"><skipped type="pytest.skip" message="Requires POSTGRES_DATABASE_URL environment variable">/Users/srujansai/Desktop/NRG/tests/integration/test_postgresql_connection.py:217: Requires POSTGRES_DATABASE_URL environment variable</skipped></testcase><testcase classname="tests.integration.test_postgresql_connection.TestConnectionPoolBehavior" name="test_mask_url_handles_empty_url@api-stack" time="0.000"><skipped type="pytest.skip" message="Requires POSTGRES_DATABASE_URL environment variable">/Users/srujansai/Desktop/NRG/tests/integration/test_postgresql_connection.py:225: Requires POSTGRES_DATABASE_URL environment variable</skipped></testcase><testcase classname="tests.integration.test_postgresql_connection.TestConnectionPoolBehavior" name="test_mask_url_handles_url_without_password@api-stack" time="0.000"><skipped type="pytest.skip" message="Requires POSTGRES_DATABASE_URL environment variable">/Users/srujansai/Desktop/NRG/tests/integration/test_postgresql_connection.py:230: Requires POSTGRES_DATABASE_URL environment variable</skipped></testcase><testcase classname="tests.integration.test_query_caching.TestQueryCaching" name="test_identical_queries_hit_cache@api-stack" time="0.029" /><testcase classname="tests.integration.test_query_caching.TestQueryCaching" name="test_different_queries_not_cached_together@api-stack" time="0.032" /><testcase classname="tests.integration.test_real_queries" name="test_schema_extractor_outputs_full_nrg_schema@api-stack" time="0.362" /><testcase classname="tests.orchestration.test_schema_rag_wrapper" name="test_schema_rag_retrieve_returns_ddl_chunks" time="0.051" /><testcase classname="tests.orchestration.test_schema_rag_wrapper" name="test_schema_rag_join_graph_and_glossary_are_available" time="0.051" /><testcase classname="tests.integration.test_real_queries" name="test_tier1_real_queries_generate_executable_sql@api-stack" time="0.477" /><testcase classname="tests.integration.test_real_queries" name="test_tier2_real_queries_generate_executable_sql_without_pii@api-stack" time="0.440" /><testcase classname="tests.integration.test_real_queries" name="test_tier3_real_queries_generate_executable_sql_without_pii@api-stack" time="0.734" /><testcase classname="tests.integration.test_schema_completeness.TestTableCompleteness" name="test_all_58_tables_documented@api-stack" time="0.002" /><testcase classname="tests.integration.test_schema_completeness.TestTableCompleteness" name="test_critical_tables_have_column_docs@api-stack" time="0.001" /><testcase classname="tests.integration.test_schema_completeness.TestTableCompleteness" name="test_table_count_from_db_struct@api-stack" time="0.038" /><testcase classname="tests.integration.test_schema_completeness.TestRelationshipMappings" name="test_table_relationships_module_imports@api-stack" time="0.001" /><testcase classname="tests.integration.test_schema_completeness.TestRelationshipMappings" name="test_all_tables_have_relationship_entry@api-stack" time="0.000" /><testcase classname="tests.integration.test_schema_completeness.TestRelationshipMappings" name="test_dhairya_critical_tables_have_app_joins@api-stack" time="0.000" /><testcase classname="tests.integration.test_schema_completeness.TestRelationshipMappings" name="test_join_path_q7@api-stack" time="0.000" /><testcase classname="tests.integration.test_schema_completeness.TestRelationshipMappings" name="test_get_join_candidates@api-stack" time="0.000" /><testcase classname="tests.integration.test_schema_completeness.TestRelationshipMappings" name="test_find_join_path_direct@api-stack" time="0.000" /><testcase classname="tests.integration.test_schema_completeness.TestRelationshipMappings" name="test_find_join_path_indirect@api-stack" time="0.000" /><testcase classname="tests.integration.test_schema_completeness.TestSchemaSyncCheck" name="test_parse_db_struct_sql@api-stack" time="0.040" /><testcase classname="tests.integration.test_schema_completeness.TestSchemaSyncCheck" name="test_parse_contains_columns@api-stack" time="0.036" /><testcase classname="tests.integration.test_schema_completeness.TestSchemaSyncCheck" name="test_parse_contains_primary_keys@api-stack" time="0.035" /><testcase classname="tests.integration.test_schema_completeness.TestSchemaSyncCheck" name="test_get_dhairya_required_tables@api-stack" time="0.000" /><testcase classname="tests.integration.test_schema_completeness.TestSchemaSyncCheck" name="test_normalize_type@api-stack" time="0.001" /><testcase classname="tests.integration.test_schema_completeness.TestProductionMigrationParity" name="test_migration_creates_all_58_db_struct_tables[migration_path0]@api-stack" time="0.038" /><testcase classname="tests.integration.test_schema_completeness.TestProductionMigrationParity" name="test_migration_creates_all_58_db_struct_tables[migration_path1]@api-stack" time="0.036" /><testcase classname="tests.integration.test_schema_completeness.TestDualDriverSupport" name="test_detect_sqlite_driver@api-stack" time="0.001" /><testcase classname="tests.integration.test_schema_completeness.TestDualDriverSupport" name="test_detect_postgresql_driver@api-stack" time="0.000" /><testcase classname="tests.integration.test_schema_completeness.TestDualDriverSupport" name="test_detect_unknown_driver@api-stack" time="0.000" /><testcase classname="tests.integration.test_schema_completeness.TestDualDriverSupport" name="test_create_schema_extractor_postgresql@api-stack" time="0.000" /><testcase classname="tests.integration.test_schema_completeness.TestDualDriverSupport" name="test_create_schema_extractor_sqlite@api-stack" time="0.000" /><testcase classname="tests.integration.test_schema_completeness.TestSQLitePostgreSQLTableSplit" name="test_postgresql_only_tables_count@api-stack" time="0.000" /><testcase classname="tests.integration.test_schema_completeness.TestSQLitePostgreSQLTableSplit" name="test_sqlite_only_tables_count@api-stack" time="0.000" /><testcase classname="tests.integration.test_schema_completeness.TestSQLitePostgreSQLTableSplit" name="test_no_overlap@api-stack" time="0.000" /><testcase classname="tests.integration.test_schema_completeness.TestSQLitePostgreSQLTableSplit" name="test_dhairya_tables_all_postgresql@api-stack" time="0.001" /><testcase classname="tests.orchestration.test_router.TestRouterAmbiguityDetection" name="test_detect_ambiguous_recent" time="0.002" /></testsuite></testsuites>