[1m============================= test session starts ==============================[0m
platform darwin -- Python 3.14.3, pytest-9.0.3, pluggy-1.6.0
rootdir: /Users/srujansai/Desktop/NRG
configfile: pytest.ini (WARNING: ignoring pytest config in pyproject.toml!)
testpaths: tests
plugins: Faker-40.15.0, cov-7.1.0, locust-2.43.4, xdist-3.8.0, langsmith-0.7.32, asyncio-1.3.0, hypothesis-6.152.2, anyio-4.13.0
asyncio: mode=Mode.AUTO, debug=False, asyncio_default_fixture_loop_scope=None, asyncio_default_test_loop_scope=function
collected 2062 items / 257 deselected / 1805 selected

tests/api/test_ai_synthesis.py [32m.[0m[32m.[0m[32m.[0m[32m.[0m[32m.[0m[33m                                     [  0%][0m
tests/api/test_answer_records_api.py [32m.[0m[33m                                   [  0%][0m
tests/api/test_auth_api.py [32m.[0m[32m.[0m[32m.[0m[32m.[0m[32m.[0m[32m.[0m[32m.[0m[32m.[0m[33m                                      [  0%][0m
tests/api/test_c4_read_model.py [32m.[0m[32m.[0m[32m.[0m[33m                                      [  0%][0m
tests/api/test_critical_path_stream.py [32m.[0m[32m.[0m[32m.[0m[33m                               [  1%][0m
tests/api/test_final_golden_fast_paths.py [32m.[0m[32m.[0m[32m.[0m[32m.[0m[33m                           [  1%][0m
tests/api/test_health_endpoints.py [32m.[0m[32m.[0m[32m.[0m[32m.[0m[32m.[0m[32m.[0m[32m.[0m[32m.[0m[32m.[0m[32m.[0m[32m.[0m[32m.[0m[32m.[0m[32m.[0m[32m.[0m[32m.[0m[32m.[0m[32m.[0m[32m.[0m[33m                   [  2%][0m
tests/api/test_k4_publication_count_fast_path.py [32m.[0m[32m.[0m[33m                      [  2%][0m
tests/api/test_k_anonymity_response_boundary.py [32m.[0m[32m.[0m[32m.[0m[33m                      [  2%][0m
tests/api/test_langgraph_api.py [32m.[0m[32m.[0m[32m.[0m[32m.[0m[32m.[0m[32m.[0m[32m.[0m[32m.[0m[32m.[0m[32m.[0m[32m.[0m[32m.[0m[32m.[0m[32m.[0m[32m.[0m[32m.[0m[32m.[0m[32m.[0m[32m.[0m[32m.[0m[32m.[0m[32m.[0m[33m                   [  3%][0m
tests/api/test_lifespan_startup.py [32m.[0m[33m                                     [  3%][0m
tests/api/test_live_hybrid_stream.py [32m.[0m[33m                                   [  3%][0m
tests/api/test_metrics_fast_path.py [32m.[0m[33m                                    [  4%][0m
tests/api/test_new_endpoints.py [32m.[0m[32m.[0m[32m.[0m[32m.[0m[32m.[0m[32m.[0m[32m.[0m[32m.[0m[32m.[0m[32m.[0m[32m.[0m[32m.[0m[33m                             [  4%][0m
tests/api/test_query_security_validation.py [32m.[0m[32m.[0m[32m.[0m[32m.[0m[32m.[0m[32m.[0m[32m.[0m[32m.[0m[33m                     [  5%][0m
tests/api/test_request_logging_middleware.py [32m.[0m[32m.[0m[33m                          [  5%][0m
tests/api/test_researchers_endpoint_limits.py [32m.[0m[33m                          [  5%][0m
tests/api/test_tier_isolation_live.py [32m.[0m[32m.[0m[32m.[0m[32m.[0m[32m.[0m[32m.[0m[33m                             [  5%][0m
tests/api/test_tier_isolation_property.py [32m.[0m[33m                              [  5%][0m
tests/api/test_tier_response_filtering.py [32m.[0m[32m.[0m[33m                             [  5%][0m
tests/audit/test_audit_singleton_reset.py [32m.[0m[32m.[0m[32m.[0m[33m                            [  5%][0m
tests/audit/test_chain_integrity.py [32m.[0m[32m.[0m[32m.[0m[32m.[0m[32m.[0m[32m.[0m[32m.[0m[32m.[0m[32m.[0m[32m.[0m[32m.[0m[32m.[0m[32m.[0m[32m.[0m[32m.[0m[32m.[0m[32m.[0m[32m.[0m[32m.[0m[33m                  [  7%][0m
tests/audit/test_db_cosign.py [32m.[0m[32m.[0m[32m.[0m[32m.[0m[32m.[0m[32m.[0m[32m.[0m[32m.[0m[32m.[0m[32m.[0m[32m.[0m[32m.[0m[32m.[0m[32m.[0m[32m.[0m[32m.[0m[32m.[0m[32m.[0m[32m.[0m[32m.[0m[32m.[0m[33m                      [  8%][0m
tests/auth/test_jwt_handler.py [32m.[0m[32m.[0m[32m.[0m[32m.[0m[32m.[0m[32m.[0m[32m.[0m[32m.[0m[32m.[0m[32m.[0m[32m.[0m[32m.[0m[32m.[0m[33m                             [  8%][0m
tests/auth/test_jwt_secret_config.py [32m.[0m[33m                                   [  8%][0m
tests/benchmarks/test_dhairya_adversarial.py [32m.[0m[32m.[0m[32m.[0m[32m.[0m[32m.[0m[32m.[0m[32m.[0m[32m.[0m[32m.[0m[32m.[0m[33m                  [  9%][0m
tests/benchmarks/test_dhairya_regression.py [32m.[0m[32m.[0m[32m.[0m[32m.[0m[32m.[0m[32m.[0m[32m.[0m[32m.[0m[32m.[0m[32m.[0m[32m.[0m[32m.[0m[32m.[0m[32m.[0m[32m.[0m[32m.[0m[32m.[0m[32m.[0m[32m.[0m[32m.[0m[32m.[0m[32m.[0m[32m.[0m[32m.[0m[32m.[0m[32m.[0m[32m.[0m[32m.[0m[33m [ 11%]
[0m[32m.[0m[32m.[0m[32m.[0m[32m.[0m[32m.[0m[32m.[0m[32m.[0m[32m.[0m[32m.[0m[32m.[0m[32m.[0m[32m.[0m[32m.[0m[32m.[0m[32m.[0m[33m                                                          [ 11%][0m
tests/benchmarks/test_text_to_sql_prompt_hardening.py [32m.[0m[32m.[0m[32m.[0m[32m.[0m[33m               [ 12%][0m
tests/config/test_cost_guard.py [32m.[0m[32m.[0m[32m.[0m[32m.[0m[32m.[0m[32m.[0m[32m.[0m[32m.[0m[32m.[0m[32m.[0m[32m.[0m[32m.[0m[32m.[0m[32m.[0m[32m.[0m[32m.[0m[32m.[0m[32m.[0m[32m.[0m[32m.[0m[32m.[0m[32m.[0m[32m.[0m[32m.[0m[32m.[0m[32m.[0m[32m.[0m[32m.[0m[32m.[0m[32m.[0m[32m.[0m[32m.[0m[32m.[0m[32m.[0m[32m.[0m[32m.[0m[32m.[0m[32m.[0m[32m.[0m[32m.[0m[33m [ 14%]
[0m[32m.[0m[32m.[0m[32m.[0m[32m.[0m[33m                                                                     [ 14%][0m
tests/config/test_docker_compose_pgbouncer.py [32m.[0m[32m.[0m[33m                         [ 14%][0m
tests/config/test_helm_vector_drift_cronjobs.py [32m.[0m[32m.[0m[33m                       [ 14%][0m
tests/config/test_llm_config.py [32m.[0m[32m.[0m[32m.[0m[32m.[0m[32m.[0m[32m.[0m[32m.[0m[32m.[0m[32m.[0m[32m.[0m[32m.[0m[32m.[0m[32m.[0m[32m.[0m[32m.[0m[32m.[0m[32m.[0m[32m.[0m[33m                       [ 15%][0m
tests/config/test_llm_egress_guard.py [32m.[0m[33m                                  [ 15%][0m
tests/config/test_locustfile_contract.py [32m.[0m[32m.[0m[32m.[0m[32m.[0m[32m.[0m[33m                           [ 16%][0m
tests/config/test_trl_safe_views.py [32m.[0m[32m.[0m[32m.[0m[33m                                  [ 16%][0m
tests/contract/test_answer_engine_v1_contract.py [32m.[0m[32m.[0m[32m.[0m[33m                     [ 16%][0m
tests/contract/test_api_response_schema.py [32m.[0m[32m.[0m[32m.[0m[32m.[0m[32m.[0m[32m.[0m[32m.[0m[32m.[0m[33m                      [ 16%][0m
tests/contract/test_api_schema.py [32m.[0m[32m.[0m[32m.[0m[32m.[0m[32m.[0m[32m.[0m[32m.[0m[32m.[0m[32m.[0m[32m.[0m[32m.[0m[32m.[0m[32m.[0m[32m.[0m[32m.[0m[32m.[0m[32m.[0m[33m                      [ 17%][0m
tests/contract/test_pipeline_contracts.py [32m.[0m[32m.[0m[32m.[0m[32m.[0m[32m.[0m[32m.[0m[32m.[0m[32m.[0m[32m.[0m[32m.[0m[32m.[0m[32m.[0m[32m.[0m[32m.[0m[33m                 [ 18%][0m
tests/contract/test_query_endpoint.py [32m.[0m[32m.[0m[32m.[0m[32m.[0m[32m.[0m[32m.[0m[32m.[0m[32m.[0m[32m.[0m[32m.[0m[32m.[0m[32m.[0m[33m                       [ 19%][0m
tests/data/test_data_quality.py [32m.[0m[32m.[0m[32m.[0m[32m.[0m[32m.[0m[33m                                    [ 19%][0m
tests/data/test_database_v2.py [32m.[0m[32m.[0m[32m.[0m[32m.[0m[32m.[0m[32m.[0m[32m.[0m[32m.[0m[32m.[0m[32m.[0m[32m.[0m[32m.[0m[33m                              [ 20%][0m
tests/data/test_database_v2_schema_drift.py [32m.[0m[33m                            [ 20%][0m
tests/data/test_failed_queries_hall_of_shame.py [32m.[0m[33m                        [ 20%][0m
tests/data/test_rls_policies.py [32m.[0m[32m.[0m[32m.[0m[32m.[0m[32m.[0m[32m.[0m[33m                                   [ 20%][0m
tests/data/test_schema_indexes.py [32m.[0m[32m.[0m[32m.[0m[32m.[0m[33m                                   [ 20%][0m
tests/data/test_schema_parity.py [32m.[0m[32m.[0m[32m.[0m[32m.[0m[32m.[0m[32m.[0m[32m.[0m[32m.[0m[32m.[0m[32m.[0m[32m.[0m[32m.[0m[32m.[0m[32m.[0m[32m.[0m[32m.[0m[33m                        [ 21%][0m
tests/db/test_trl_view.py [32m.[0m[32m.[0m[32m.[0m[33m                                            [ 21%][0m
tests/evals/test_quality_gates.py [33ms[0m[32m.[0m[32m.[0m[33ms[0m[33m                                   [ 22%][0m
tests/evals/test_sql_accuracy.py [33ms[0m[32m.[0m[32m.[0m[32m.[0m[32m.[0m[33ms[0m[33m                                  [ 22%][0m
tests/frontend/test_login_presets.py [32m.[0m[33m                                   [ 22%][0m
tests/ingestion/test_vector_pipeline.py [32m.[0m[32m.[0m[32m.[0m[32m.[0m[33m                             [ 22%][0m
tests/integration/test_api_gateway.py [33ms[0m[33ms[0m[33ms[0m[33ms[0m[33ms[0m[33ms[0m[33ms[0m[33ms[0m[33m                           [ 23%][0m
tests/integration/test_pipeline_e2e.py [32m.[0m[32m.[0m[32m.[0m[32m.[0m[33m                              [ 23%][0m
tests/integration/test_postgresql_connection.py [33ms[0m[33ms[0m[33ms[0m[33ms[0m[33ms[0m[33ms[0m[33ms[0m[33ms[0m[33ms[0m[33ms[0m[33ms[0m[33ms[0m[33ms[0m[33ms[0m[33ms[0m[33ms[0m[33ms[0m[33m        [ 24%][0m
tests/integration/test_query_caching.py [32m.[0m[32m.[0m[33m                               [ 24%][0m
tests/integration/test_real_queries.py [32m.[0m[32m.[0m[32m.[0m[32m.[0m[33m                              [ 24%][0m
tests/integration/test_schema_completeness.py [32m.[0m[32m.[0m[32m.[0m[32m.[0m[32m.[0m[32m.[0m[32m.[0m[32m.[0m[32m.[0m[32m.[0m[32m.[0m[32m.[0m[32m.[0m[32m.[0m[32m.[0m[32m.[0m[32m.[0m[32m.[0m[32m.[0m[32m.[0m[32m.[0m[32m.[0m[32m.[0m[32m.[0m[32m.[0m[32m.[0m[33m [ 26%]
[0m[33m                                                                         [ 26%][0m
tests/misc/test_zero_coverage_modules.py [32m.[0m[32m.[0m[32m.[0m[32m.[0m[32m.[0m[32m.[0m[32m.[0m[32m.[0m[32m.[0m[32m.[0m[32m.[0m[32m.[0m[32m.[0m[32m.[0m[32m.[0m[32m.[0m[32m.[0m[32m.[0m[32m.[0m[33m             [ 27%][0m
tests/observability/test_metrics.py [32m.[0m[32m.[0m[32m.[0m[32m.[0m[32m.[0m[32m.[0m[32m.[0m[33ms[0m[32m.[0m[32m.[0m[32m.[0m[32m.[0m[32m.[0m[32m.[0m[32m.[0m[32m.[0m[32m.[0m[32m.[0m[32m.[0m[32m.[0m[33m                 [ 28%][0m
tests/observability/test_vector_drift.py [32m.[0m[32m.[0m[32m.[0m[32m.[0m[32m.[0m[32m.[0m[32m.[0m[32m.[0m[32m.[0m[32m.[0m[32m.[0m[32m.[0m[32m.[0m[32m.[0m[32m.[0m[32m.[0m[32m.[0m[32m.[0m[32m.[0m[33m             [ 29%][0m
tests/observability/test_vector_drift_scheduler.py [32m.[0m[32m.[0m[32m.[0m[32m.[0m[32m.[0m[32m.[0m[32m.[0m[32m.[0m[33m              [ 29%][0m
tests/orchestration/test_complex_queries.py [32m.[0m[32m.[0m[32m.[0m[33m                          [ 29%][0m
tests/orchestration/test_graph_session_memory.py [32m.[0m[33m                       [ 30%][0m
tests/orchestration/test_join_graph_blindness.py [32m.[0m[32m.[0m[32m.[0m[33ms[0m[32m.[0m[33ms[0m[32m.[0m[33ms[0m[32m.[0m[32m.[0m[33ms[0m[32m.[0m[32m.[0m[33ms[0m[32m.[0m[32m.[0m[32m.[0m[32m.[0m[33ms[0m[32m.[0m[32m.[0m[32m.[0m[32m.[0m[33m [ 31%]
[0m[32m.[0m[32m.[0m[32m.[0m[32m.[0m[32m.[0m[32m.[0m[32m.[0m[32m.[0m[32m.[0m[32m.[0m[32m.[0m[32m.[0m[33m                                                             [ 31%][0m
tests/orchestration/test_nodes.py [32m.[0m[32m.[0m[32m.[0m[32m.[0m[32m.[0m[32m.[0m[32m.[0m[32m.[0m[32m.[0m[32m.[0m[32m.[0m[32m.[0m[32m.[0m[32m.[0m[32m.[0m[32m.[0m[32m.[0m[32m.[0m[32m.[0m[32m.[0m[32m.[0m[33m                  [ 33%][0m
tests/orchestration/test_planner.py [32m.[0m[32m.[0m[32m.[0m[32m.[0m[32m.[0m[32m.[0m[32m.[0m[32m.[0m[32m.[0m[32m.[0m[32m.[0m[32m.[0m[32m.[0m[32m.[0m[32m.[0m[32m.[0m[33m                     [ 34%][0m
tests/orchestration/test_planner_node.py [32m.[0m[32m.[0m[32m.[0m[33m                             [ 34%][0m
tests/orchestration/test_query_catalog.py [32m.[0m[32m.[0m[32m.[0m[32m.[0m[32m.[0m[32m.[0m[33m                         [ 34%][0m
tests/orchestration/test_remaining_nodes.py [32m.[0m[32m.[0m[32m.[0m[32m.[0m[32m.[0m[32m.[0m[32m.[0m[32m.[0m[32m.[0m[32m.[0m[32m.[0m[32m.[0m[32m.[0m[32m.[0m[32m.[0m[32m.[0m[32m.[0m[33m            [ 35%][0m
tests/orchestration/test_router.py [32m.[0m[32m.[0m[32m.[0m[32m.[0m[32m.[0m[32m.[0m[32m.[0m[32m.[0m[32m.[0m[32m.[0m[32m.[0m[32m.[0m[32m.[0m[32m.[0m[32m.[0m[32m.[0m[32m.[0m[32m.[0m[32m.[0m[32m.[0m[32m.[0m[32m.[0m[32m.[0m[32m.[0m[32m.[0m[32m.[0m[32m.[0m[32m.[0m[32m.[0m[32m.[0m[32m.[0m[32m.[0m[32m.[0m[32m.[0m[32m.[0m[32m.[0m[32m.[0m[33m [ 37%]
[0m[32m.[0m[32m.[0m[32m.[0m[32m.[0m[32m.[0m[32m.[0m[32m.[0m[32m.[0m[32m.[0m[32m.[0m[32m.[0m[32m.[0m[32m.[0m[32m.[0m[32m.[0m[32m.[0m[33m                                                         [ 38%][0m
tests/orchestration/test_schema_rag_wrapper.py [32m.[0m[32m.[0m[32m.[0m[33m                       [ 38%][0m
tests/orchestration/test_silent_wrong_answer.py [32m.[0m[32m.[0m[32m.[0m[32m.[0m[32m.[0m[32m.[0m[32m.[0m[32m.[0m[32m.[0m[32m.[0m[32m.[0m[32m.[0m[32m.[0m[32m.[0m[32m.[0m[32m.[0m[32m.[0m[32m.[0m[32m.[0m[32m.[0m[32m.[0m[32m.[0m[32m.[0m[32m.[0m[33m [ 39%]
[0m[32m.[0m[32m.[0m[32m.[0m[32m.[0m[33m                                                                     [ 40%][0m
tests/orchestration/test_sql_oracle.py [32m.[0m[32m.[0m[32m.[0m[32m.[0m[32m.[0m[32m.[0m[32m.[0m[32m.[0m[32m.[0m[32m.[0m[32m.[0m[32m.[0m[32m.[0m[32m.[0m[32m.[0m[32m.[0m[32m.[0m[33m                 [ 41%][0m
tests/orchestration/test_synthesizer_citations.py [32m.[0m[32m.[0m[32m.[0m[32m.[0m[33m                   [ 41%][0m
tests/orchestration/test_synthesizer_llm.py [32m.[0m[32m.[0m[33m                           [ 41%][0m
tests/orchestration/test_synthesizer_safety.py [32m.[0m[32m.[0m[32m.[0m[32m.[0m[32m.[0m[33m                     [ 41%][0m
tests/orchestration/test_two_brain_conflict_resolution.py [32m.[0m[32m.[0m[32m.[0m[32m.[0m[32m.[0m[32m.[0m[32m.[0m[33m        [ 42%][0m
tests/orchestration/test_verifier_node.py [32m.[0m[32m.[0m[32m.[0m[32m.[0m[32m.[0m[32m.[0m[32m.[0m[32m.[0m[32m.[0m[32m.[0m[32m.[0m[32m.[0m[32m.[0m[32m.[0m[32m.[0m[33m                [ 42%][0m
tests/orchestration/test_verifier_numeric_faithfulness.py [32m.[0m[32m.[0m[32m.[0m[33m            [ 43%][0m
tests/orchestration/test_workflow_pipeline.py [32m.[0m[32m.[0m[33m                         [ 43%][0m
tests/property/test_citation_presence.py [32m.[0m[32m.[0m[32m.[0m[32m.[0m[32m.[0m[32m.[0m[33m                          [ 43%][0m
tests/property/test_tier_filtering_always_returns_subset.py [32m.[0m[32m.[0m[32m.[0m[32m.[0m[32m.[0m[32m.[0m[32m.[0m[32m.[0m[32m.[0m[32m.[0m[32m.[0m[32m.[0m[33m [ 44%]
[0m[32m.[0m[32m.[0m[32m.[0m[32m.[0m[32m.[0m[32m.[0m[32m.[0m[32m.[0m[32m.[0m[32m.[0m[33m                                                               [ 44%][0m
tests/property/test_token_budget_never_exceeded.py [32m.[0m[32m.[0m[32m.[0m[32m.[0m[32m.[0m[32m.[0m[33m                [ 45%][0m
tests/regression/test_bug_fixes.py [32m.[0m[32m.[0m[32m.[0m[32m.[0m[32m.[0m[32m.[0m[32m.[0m[32m.[0m[32m.[0m[32m.[0m[32m.[0m[32m.[0m[33m                          [ 45%][0m
tests/scripts/test_capture_killer_query_evidence.py [32m.[0m[32m.[0m[32m.[0m[32m.[0m[33m                 [ 45%][0m
tests/scripts/test_check_env.py [32m.[0m[32m.[0m[32m.[0m[32m.[0m[33m                                     [ 46%][0m
tests/scripts/test_check_slow_test_markers.py [32m.[0m[32m.[0m[32m.[0m[33m                        [ 46%][0m
tests/scripts/test_ingest_nrg_db.py [32m.[0m[32m.[0m[33m                                   [ 46%][0m
tests/scripts/test_ingest_qdrant.py [32m.[0m[32m.[0m[32m.[0m[33m                                  [ 46%][0m
tests/scripts/test_ingest_qdrant_documents.py [32m.[0m[32m.[0m[32m.[0m[32m.[0m[32m.[0m[32m.[0m[32m.[0m[33m                    [ 46%][0m
tests/scripts/test_insert_test_data_qdrant.py [32m.[0m[33m                          [ 47%][0m
tests/scripts/test_missing_script_modules.py [32m.[0m[32m.[0m[33m                          [ 47%][0m
tests/scripts/test_phase7_preflight.py [32m.[0m[32m.[0m[32m.[0m[33m                               [ 47%][0m
tests/scripts/test_prewarm_release_cache.py [32m.[0m[32m.[0m[32m.[0m[33m                          [ 47%][0m
tests/scripts/test_pydantic_migration_guard.py [32m.[0m[32m.[0m[32m.[0m[33m                       [ 47%][0m
tests/scripts/test_quality_bar_scorecard.py [32m.[0m[33m                            [ 47%][0m
tests/scripts/test_red_team_live_replay.py [32m.[0m[32m.[0m[32m.[0m[32m.[0m[32m.[0m[32m.[0m[33m                        [ 48%][0m
tests/scripts/test_red_team_replay_script.py [32m.[0m[32m.[0m[32m.[0m[32m.[0m[33m                        [ 48%][0m
tests/scripts/test_run_critical_path_contract.py [32m.[0m[32m.[0m[32m.[0m[33m                     [ 48%][0m
tests/scripts/test_seed_relations.py [32m.[0m[33m                                   [ 48%][0m
tests/scripts/test_sovereign_deploy_script.py [32m.[0m[32m.[0m[33m                         [ 48%][0m
tests/scripts/test_vector_drift_scheduler.py [32m.[0m[32m.[0m[32m.[0m[32m.[0m[32m.[0m[32m.[0m[32m.[0m[32m.[0m[32m.[0m[32m.[0m[32m.[0m[32m.[0m[33m                [ 49%][0m
tests/scripts/test_verify_db_merge.py [32m.[0m[32m.[0m[33m                                 [ 49%][0m
tests/scripts/test_verify_intake_bundle.py [32m.[0m[32m.[0m[32m.[0m[33m                           [ 49%][0m
tests/security/test_adversarial_inputs.py [32m.[0m[32m.[0m[32m.[0m[32m.[0m[32m.[0m[32m.[0m[32m.[0m[32m.[0m[32m.[0m[32m.[0m[32m.[0m[32m.[0m[32m.[0m[32m.[0m[32m.[0m[32m.[0m[32m.[0m[32m.[0m[32m.[0m[32m.[0m[32m.[0m[32m.[0m[32m.[0m[32m.[0m[32m.[0m[32m.[0m[32m.[0m[32m.[0m[32m.[0m[32m.[0m[33m [ 51%]
[0m[32m.[0m[32m.[0m[32m.[0m[32m.[0m[32m.[0m[32m.[0m[32m.[0m[32m.[0m[33m                                                                 [ 51%][0m
tests/security/test_audit_chain.py [32m.[0m[32m.[0m[32m.[0m[32m.[0m[32m.[0m[32m.[0m[32m.[0m[32m.[0m[32m.[0m[32m.[0m[32m.[0m[32m.[0m[32m.[0m[32m.[0m[32m.[0m[32m.[0m[33m                      [ 52%][0m
tests/security/test_data_boundary.py [32m.[0m[33ms[0m[32m.[0m[32m.[0m[32m.[0m[32m.[0m[33m                              [ 52%][0m
tests/security/test_egress_allowlist.py [32m.[0m[32m.[0m[32m.[0m[32m.[0m[32m.[0m[32m.[0m[32m.[0m[32m.[0m[32m.[0m[32m.[0m[32m.[0m[32m.[0m[32m.[0m[32m.[0m[32m.[0m[32m.[0m[32m.[0m[32m.[0m[32m.[0m[32m.[0m[32m.[0m[32m.[0m[32m.[0m[32m.[0m[32m.[0m[32m.[0m[32m.[0m[32m.[0m[32m.[0m[32m.[0m[32m.[0m[32m.[0m[33m [ 54%]
[0m[32m.[0m[32m.[0m[32m.[0m[33m                                                                      [ 54%][0m
tests/security/test_egress_guard.py [32m.[0m[32m.[0m[32m.[0m[32m.[0m[32m.[0m[32m.[0m[32m.[0m[32m.[0m[32m.[0m[32m.[0m[32m.[0m[32m.[0m[32m.[0m[33m                        [ 55%][0m
tests/security/test_gateway.py [32m.[0m[32m.[0m[32m.[0m[32m.[0m[32m.[0m[33ms[0m[33ms[0m[33ms[0m[32m.[0m[33m                                 [ 56%][0m
tests/security/test_hmac_validation.py [32m.[0m[32m.[0m[32m.[0m[32m.[0m[32m.[0m[32m.[0m[32m.[0m[33m                           [ 56%][0m
tests/security/test_kong_dlp_runtime.py [33ms[0m[33ms[0m[33ms[0m[33ms[0m[33ms[0m[33m                            [ 56%][0m
tests/security/test_p0_security_regressions.py [32m.[0m[32m.[0m[32m.[0m[32m.[0m[33m                      [ 56%][0m
tests/security/test_per_user_audit_binding.py [32m.[0m[32m.[0m[32m.[0m[32m.[0m[32m.[0m[32m.[0m[32m.[0m[32m.[0m[32m.[0m[32m.[0m[32m.[0m[32m.[0m[32m.[0m[32m.[0m[32m.[0m[32m.[0m[32m.[0m[32m.[0m[32m.[0m[32m.[0m[32m.[0m[32m.[0m[32m.[0m[32m.[0m[32m.[0m[32m.[0m[33m [ 58%]
[0m[32m.[0m[32m.[0m[32m.[0m[32m.[0m[33m                                                                     [ 58%][0m
tests/security/test_pii_compliance.py [32m.[0m[32m.[0m[32m.[0m[32m.[0m[32m.[0m[32m.[0m[32m.[0m[32m.[0m[32m.[0m[32m.[0m[33m                         [ 59%][0m
tests/security/test_pii_indian.py [32m.[0m[32m.[0m[32m.[0m[32m.[0m[32m.[0m[32m.[0m[32m.[0m[32m.[0m[32m.[0m[32m.[0m[32m.[0m[33m                            [ 59%][0m
tests/security/test_pii_scan.py [32m.[0m[32m.[0m[33m                                       [ 59%][0m
tests/security/test_postgresql_rbac.py [32m.[0m[32m.[0m[32m.[0m[32m.[0m[33m                              [ 60%][0m
tests/security/test_prompt_injection.py [32m.[0m[32m.[0m[32m.[0m[33m                              [ 60%][0m
tests/security/test_prompt_sanitiser_middleware.py [32m.[0m[32m.[0m[33m                    [ 60%][0m
tests/security/test_qdrant_rbac.py [32m.[0m[32m.[0m[32m.[0m[32m.[0m[32m.[0m[32m.[0m[32m.[0m[32m.[0m[32m.[0m[32m.[0m[33m                            [ 60%][0m
tests/security/test_rate_limit_enforced.py [33ms[0m[32m.[0m[32m.[0m[32m.[0m[32m.[0m[33m                         [ 61%][0m
tests/security/test_rbac.py [32m.[0m[33ms[0m[32m.[0m[33ms[0m[33m                                         [ 61%][0m
tests/security/test_rbac_isolation.py [32m.[0m[32m.[0m[32m.[0m[32m.[0m[32m.[0m[33m                              [ 61%][0m
tests/security/test_rbac_middleware.py [32m.[0m[32m.[0m[32m.[0m[32m.[0m[32m.[0m[32m.[0m[32m.[0m[32m.[0m[32m.[0m[32m.[0m[32m.[0m[32m.[0m[33m                      [ 62%][0m
tests/security/test_rbac_policies.py [32m.[0m[32m.[0m[32m.[0m[32m.[0m[32m.[0m[32m.[0m[32m.[0m[32m.[0m[32m.[0m[32m.[0m[32m.[0m[32m.[0m[32m.[0m[32m.[0m[32m.[0m[32m.[0m[32m.[0m[32m.[0m[32m.[0m[32m.[0m[32m.[0m[32m.[0m[32m.[0m[32m.[0m[32m.[0m[32m.[0m[33m          [ 63%][0m
tests/security/test_red_team_v41.py [32m.[0m[32m.[0m[32m.[0m[32m.[0m[32m.[0m[32m.[0m[32m.[0m[32m.[0m[32m.[0m[32m.[0m[32m.[0m[32m.[0m[32m.[0m[32m.[0m[32m.[0m[32m.[0m[32m.[0m[32m.[0m[32m.[0m[32m.[0m[32m.[0m[32m.[0m[32m.[0m[32m.[0m[32m.[0m[32m.[0m[32m.[0m[32m.[0m[32m.[0m[32m.[0m[33m       [ 65%][0m
tests/security/test_sanitiser.py [32m.[0m[32m.[0m[32m.[0m[32m.[0m[32m.[0m[32m.[0m[32m.[0m[32m.[0m[32m.[0m[32m.[0m[32m.[0m[32m.[0m[32m.[0m[32m.[0m[32m.[0m[32m.[0m[32m.[0m[32m.[0m[32m.[0m[32m.[0m[32m.[0m[32m.[0m[32m.[0m[32m.[0m[32m.[0m[32m.[0m[32m.[0m[32m.[0m[32m.[0m[32m.[0m[32m.[0m[32m.[0m[32m.[0m[32m.[0m[32m.[0m[32m.[0m[32m.[0m[32m.[0m[32m.[0m[33m [ 67%]
[0m[32m.[0m[32m.[0m[32m.[0m[32m.[0m[32m.[0m[32m.[0m[32m.[0m[32m.[0m[33m                                                                 [ 68%][0m
tests/security/test_sanitiser_extended.py [32m.[0m[32m.[0m[32m.[0m[32m.[0m[32m.[0m[32m.[0m[32m.[0m[32m.[0m[32m.[0m[32m.[0m[32m.[0m[32m.[0m[32m.[0m[32m.[0m[32m.[0m[32m.[0m[32m.[0m[32m.[0m[32m.[0m[32m.[0m[32m.[0m[32m.[0m[32m.[0m[32m.[0m[32m.[0m[32m.[0m[32m.[0m[32m.[0m[32m.[0m[32m.[0m[33m [ 69%]
[0m[32m.[0m[32m.[0m[32m.[0m[32m.[0m[33m                                                                     [ 69%][0m
tests/security/test_security_hardening.py [32m.[0m[32m.[0m[32m.[0m[32m.[0m[32m.[0m[32m.[0m[32m.[0m[32m.[0m[32m.[0m[32m.[0m[32m.[0m[32m.[0m[32m.[0m[32m.[0m[32m.[0m[33m                [ 70%][0m
tests/security/test_security_regression.py [32m.[0m[32m.[0m[32m.[0m[32m.[0m[32m.[0m[32m.[0m[32m.[0m[32m.[0m[32m.[0m[32m.[0m[32m.[0m[32m.[0m[32m.[0m[32m.[0m[32m.[0m[32m.[0m[32m.[0m[32m.[0m[32m.[0m[32m.[0m[32m.[0m[32m.[0m[32m.[0m[32m.[0m[32m.[0m[32m.[0m[32m.[0m[32m.[0m[32m.[0m[33m [ 72%]
[0m[32m.[0m[32m.[0m[32m.[0m[32m.[0m[32m.[0m[32m.[0m[32m.[0m[32m.[0m[32m.[0m[32m.[0m[32m.[0m[32m.[0m[32m.[0m[32m.[0m[32m.[0m[32m.[0m[32m.[0m[32m.[0m[32m.[0m[32m.[0m[32m.[0m[32m.[0m[32m.[0m[32m.[0m[32m.[0m[32m.[0m[32m.[0m[32m.[0m[32m.[0m[32m.[0m[32m.[0m[32m.[0m[32m.[0m[32m.[0m[32m.[0m[32m.[0m[32m.[0m[32m.[0m[32m.[0m[32m.[0m[32m.[0m[32m.[0m[32m.[0m[32m.[0m[32m.[0m[32m.[0m[32m.[0m[32m.[0m[32m.[0m[32m.[0m[32m.[0m[32m.[0m[32m.[0m[32m.[0m[32m.[0m[32m.[0m[32m.[0m[32m.[0m[32m.[0m[32m.[0m[32m.[0m[32m.[0m[32m.[0m[32m.[0m[32m.[0m[32m.[0m[32m.[0m[32m.[0m[32m.[0m[32m.[0m[32m.[0m[32m.[0m[33m [ 76%]
[0m[32m.[0m[32m.[0m[32m.[0m[32m.[0m[32m.[0m[32m.[0m[32m.[0m[32m.[0m[32m.[0m[32m.[0m[32m.[0m[32m.[0m[32m.[0m[32m.[0m[32m.[0m[32m.[0m[32m.[0m[32m.[0m[32m.[0m[32m.[0m[32m.[0m[32m.[0m[32m.[0m[32m.[0m[32m.[0m[32m.[0m[32m.[0m[32m.[0m[32m.[0m[32m.[0m[32m.[0m[32m.[0m[32m.[0m[32m.[0m[32m.[0m[32m.[0m[32m.[0m[32m.[0m[32m.[0m[32m.[0m[32m.[0m[32m.[0m[32m.[0m[32m.[0m[32m.[0m[32m.[0m[32m.[0m[32m.[0m[32m.[0m[32m.[0m[33m                       [ 79%][0m
tests/security/test_sql_injection.py [32m.[0m[32m.[0m[32m.[0m[32m.[0m[32m.[0m[32m.[0m[32m.[0m[32m.[0m[32m.[0m[32m.[0m[32m.[0m[32m.[0m[32m.[0m[32m.[0m[33m                      [ 79%][0m
tests/security/test_sql_injection_blocked.py [32m.[0m[32m.[0m[32m.[0m[32m.[0m[32m.[0m[32m.[0m[32m.[0m[32m.[0m[32m.[0m[32m.[0m[32m.[0m[32m.[0m[32m.[0m[32m.[0m[32m.[0m[32m.[0m[32m.[0m[33m           [ 80%][0m
tests/security/test_temporal_rbac.py [32m.[0m[32m.[0m[32m.[0m[32m.[0m[32m.[0m[32m.[0m[32m.[0m[32m.[0m[32m.[0m[32m.[0m[32m.[0m[33m                         [ 81%][0m
tests/security/test_tier_filtering_properties.py [32m.[0m[32m.[0m[32m.[0m[32m.[0m[32m.[0m[32m.[0m[32m.[0m[32m.[0m[32m.[0m[32m.[0m[32m.[0m[32m.[0m[32m.[0m[32m.[0m[33m          [ 82%][0m
tests/security/test_tier_generalization.py [32m.[0m[32m.[0m[32m.[0m[32m.[0m[32m.[0m[32m.[0m[32m.[0m[32m.[0m[32m.[0m[32m.[0m[32m.[0m[32m.[0m[32m.[0m[32m.[0m[32m.[0m[32m.[0m[32m.[0m[32m.[0m[32m.[0m[32m.[0m[32m.[0m[32m.[0m[32m.[0m[33m       [ 83%][0m
tests/security/test_zero_leakage.py [32m.[0m[32m.[0m[32m.[0m[32m.[0m[32m.[0m[33ms[0m[32m.[0m[32m.[0m[33m                             [ 83%][0m
tests/services/test_consent.py [32m.[0m[32m.[0m[32m.[0m[32m.[0m[32m.[0m[32m.[0m[32m.[0m[32m.[0m[32m.[0m[32m.[0m[32m.[0m[33m                               [ 84%][0m
tests/services/test_consent_extended.py [32m.[0m[32m.[0m[32m.[0m[32m.[0m[32m.[0m[32m.[0m[33m                           [ 84%][0m
tests/skills/test_qdrant_config.py [32m.[0m[32m.[0m[33m                                    [ 84%][0m
tests/skills/test_rag.py [32m.[0m[32m.[0m[32m.[0m[32m.[0m[32m.[0m[32m.[0m[32m.[0m[32m.[0m[33m                                        [ 85%][0m
tests/skills/test_rag_embedder_retriever.py [32m.[0m[32m.[0m[32m.[0m[32m.[0m[32m.[0m[32m.[0m[32m.[0m[32m.[0m[32m.[0m[32m.[0m[32m.[0m[32m.[0m[32m.[0m[32m.[0m[32m.[0m[32m.[0m[32m.[0m[32m.[0m[32m.[0m[32m.[0m[32m.[0m[32m.[0m[32m.[0m[33m      [ 86%][0m
tests/skills/test_rag_failures.py [32m.[0m[32m.[0m[32m.[0m[33m                                    [ 86%][0m
tests/skills/test_rag_ingest_reranker.py [32m.[0m[32m.[0m[32m.[0m[32m.[0m[32m.[0m[32m.[0m[33m                          [ 87%][0m
tests/skills/test_rag_missing_modules.py [32m.[0m[33m                               [ 87%][0m
tests/skills/test_result_anomaly_detector.py [32m.[0m[32m.[0m[32m.[0m[32m.[0m[32m.[0m[32m.[0m[32m.[0m[32m.[0m[32m.[0m[32m.[0m[32m.[0m[32m.[0m[32m.[0m[32m.[0m[32m.[0m[32m.[0m[32m.[0m[32m.[0m[32m.[0m[32m.[0m[32m.[0m[32m.[0m[33m      [ 88%][0m
tests/skills/test_safe_sql_builder.py [32m.[0m[32m.[0m[32m.[0m[32m.[0m[32m.[0m[32m.[0m[32m.[0m[33m                            [ 88%][0m
tests/skills/test_sandbox.py [32m.[0m[32m.[0m[32m.[0m[32m.[0m[32m.[0m[32m.[0m[32m.[0m[32m.[0m[32m.[0m[32m.[0m[33m                                  [ 89%][0m
tests/skills/test_schema_extractor.py [32m.[0m[32m.[0m[32m.[0m[32m.[0m[32m.[0m[33m                              [ 89%][0m
tests/skills/test_schema_retriever.py [32m.[0m[32m.[0m[32m.[0m[32m.[0m[32m.[0m[32m.[0m[32m.[0m[32m.[0m[32m.[0m[32m.[0m[32m.[0m[32m.[0m[32m.[0m[32m.[0m[32m.[0m[32m.[0m[32m.[0m[32m.[0m[32m.[0m[32m.[0m[32m.[0m[32m.[0m[32m.[0m[32m.[0m[32m.[0m[32m.[0m[32m.[0m[32m.[0m[32m.[0m[32m.[0m[33m     [ 91%][0m
tests/skills/test_text_to_sql.py [32m.[0m[32m.[0m[32m.[0m[32m.[0m[32m.[0m[32m.[0m[32m.[0m[32m.[0m[32m.[0m[32m.[0m[32m.[0m[32m.[0m[32m.[0m[33m                           [ 92%][0m
tests/skills/test_text_to_sql_rewriter.py [32m.[0m[32m.[0m[32m.[0m[32m.[0m[33m                           [ 92%][0m
tests/skills/test_text_to_sql_semantic_anomaly.py [32m.[0m[32m.[0m[32m.[0m[33m                    [ 92%][0m
tests/skills/test_validator.py [32m.[0m[32m.[0m[32m.[0m[32m.[0m[32m.[0m[32m.[0m[32m.[0m[32m.[0m[32m.[0m[32m.[0m[32m.[0m[32m.[0m[33m                              [ 93%][0m
tests/snapshot/test_component_rendering.py [33ms[0m[33ms[0m[33ms[0m[33ms[0m[33ms[0m[33ms[0m[33ms[0m[33m                       [ 93%][0m
tests/training/test_data_collector.py [32m.[0m[32m.[0m[32m.[0m[32m.[0m[32m.[0m[32m.[0m[32m.[0m[32m.[0m[32m.[0m[32m.[0m[32m.[0m[32m.[0m[32m.[0m[32m.[0m[32m.[0m[32m.[0m[32m.[0m[32m.[0m[32m.[0m[32m.[0m[32m.[0m[32m.[0m[32m.[0m[32m.[0m[33m           [ 94%][0m
tests/training/test_quality_filter.py [32m.[0m[32m.[0m[32m.[0m[32m.[0m[32m.[0m[32m.[0m[32m.[0m[32m.[0m[32m.[0m[32m.[0m[32m.[0m[32m.[0m[32m.[0m[32m.[0m[32m.[0m[32m.[0m[32m.[0m[32m.[0m[32m.[0m[32m.[0m[32m.[0m[32m.[0m[32m.[0m[32m.[0m[32m.[0m[32m.[0m[33m         [ 96%][0m
tests/training/test_stratified_sampler.py [32m.[0m[32m.[0m[32m.[0m[32m.[0m[32m.[0m[32m.[0m[32m.[0m[32m.[0m[32m.[0m[32m.[0m[32m.[0m[32m.[0m[32m.[0m[32m.[0m[32m.[0m[32m.[0m[32m.[0m[33m              [ 97%][0m
tests/unit/test_compose_config.py [32m.[0m[32m.[0m[32m.[0m[32m.[0m[32m.[0m[33m                                  [ 97%][0m
tests/unit/test_database.py [32m.[0m[32m.[0m[32m.[0m[32m.[0m[32m.[0m[32m.[0m[32m.[0m[33m                                      [ 97%][0m
tests/unit/test_database_path.py [32m.[0m[32m.[0m[32m.[0m[32m.[0m[32m.[0m[33m                                   [ 98%][0m
tests/unit/test_local_llm_client.py [32m.[0m[32m.[0m[33m                                   [ 98%][0m
tests/unit/test_synthesis_cascade.py [32m.[0m[32m.[0m[32m.[0m[32m.[0m[32m.[0m[32m.[0m[33m                              [ 98%][0m
tests/utils/test_helpers.py [32m.[0m[32m.[0m[32m.[0m[32m.[0m[32m.[0m[32m.[0m[32m.[0m[32m.[0m[32m.[0m[32m.[0m[32m.[0m[32m.[0m[32m.[0m[32m.[0m[32m.[0m[32m.[0m[32m.[0m[32m.[0m[33m                           [ 99%][0m
tests/utils/test_logging_config.py [32m.[0m[32m.[0m[32m.[0m[32m.[0m[32m.[0m[32m.[0m[32m.[0m[33m                               [100%][0m

[33m=============================== warnings summary ===============================[0m
../../../../Library/Frameworks/Python.framework/Versions/3.14/lib/python3.14/site-packages/langchain_core/_api/deprecation.py:25
  /Library/Frameworks/Python.framework/Versions/3.14/lib/python3.14/site-packages/langchain_core/_api/deprecation.py:25: UserWarning: Core Pydantic V1 functionality isn't compatible with Python 3.14 or greater.
    from pydantic.v1.fields import FieldInfo as FieldInfoV1

tests/api/test_auth_api.py: 1 warning
tests/api/test_health_endpoints.py: 5 warnings
tests/contract/test_api_schema.py: 2 warnings
tests/observability/test_metrics.py: 1 warning
tests/regression/test_bug_fixes.py: 1 warning
tests/security/test_security_hardening.py: 1 warning
tests/security/test_zero_leakage.py: 2 warnings
tests/skills/test_rag.py: 1 warning
tests/skills/test_rag_embedder_retriever.py: 1 warning
  /Library/Frameworks/Python.framework/Versions/3.14/lib/python3.14/site-packages/qdrant_client/qdrant_remote.py:280: UserWarning: Qdrant client version 1.17.1 is incompatible with server version 1.11.3. Major versions should match and minor version difference must not exceed 1. Set check_compatibility=False to skip version check.
    show_warning(

tests/api/test_request_logging_middleware.py::test_fast_requests_do_not_emit_high_volume_info_logs_by_default
  /Library/Frameworks/Python.framework/Versions/3.14/lib/python3.14/site-packages/fastapi/openapi/utils.py:252: UserWarning: Duplicate Operation ID metrics_metrics_get for function metrics at /Users/srujansai/Desktop/NRG/src/api/main.py
    warnings.warn(message, stacklevel=1)

tests/auth/test_jwt_handler.py::test_access_token_verification_reuses_same_ip_decode_cache
tests/auth/test_jwt_handler.py::test_cached_access_token_still_detects_replay_from_new_ip
tests/auth/test_jwt_handler.py::test_refresh_token_survives_handler_restart_with_store
tests/auth/test_jwt_handler.py::test_logout_revokes_refresh_token_in_store
  /Library/Frameworks/Python.framework/Versions/3.14/lib/python3.14/site-packages/jwt/api_jwt.py:147: InsecureKeyLengthWarning: The HMAC key is 11 bytes long, which is below the minimum recommended length of 32 bytes for SHA256. See RFC 7518 Section 3.2.
    return self._jws.encode(

tests/auth/test_jwt_handler.py::test_access_token_verification_reuses_same_ip_decode_cache
tests/auth/test_jwt_handler.py::test_cached_access_token_still_detects_replay_from_new_ip
tests/auth/test_jwt_handler.py::test_refresh_token_survives_handler_restart_with_store
tests/auth/test_jwt_handler.py::test_logout_revokes_refresh_token_in_store
  /Library/Frameworks/Python.framework/Versions/3.14/lib/python3.14/site-packages/jwt/api_jwt.py:365: InsecureKeyLengthWarning: The HMAC key is 11 bytes long, which is below the minimum recommended length of 32 bytes for SHA256. See RFC 7518 Section 3.2.
    decoded = self.decode_complete(

tests/security/test_red_team_v41.py::test_rt07_jwt_key_confusion
  /Library/Frameworks/Python.framework/Versions/3.14/lib/python3.14/site-packages/jwt/api_jwt.py:147: InsecureKeyLengthWarning: The HMAC key is 15 bytes long, which is below the minimum recommended length of 32 bytes for SHA256. See RFC 7518 Section 3.2.
    return self._jws.encode(

tests/security/test_security_regression.py::TestTokenReplayDetection::test_same_ip_allows_same_token
tests/security/test_security_regression.py::TestTokenReplayDetection::test_different_ip_triggers_replay_detection
tests/security/test_security_regression.py::TestTokenReplayDetection::test_revoked_token_rejected
  /Library/Frameworks/Python.framework/Versions/3.14/lib/python3.14/site-packages/jwt/api_jwt.py:147: InsecureKeyLengthWarning: The HMAC key is 18 bytes long, which is below the minimum recommended length of 32 bytes for SHA256. See RFC 7518 Section 3.2.
    return self._jws.encode(

tests/security/test_security_regression.py::TestTokenReplayDetection::test_same_ip_allows_same_token
tests/security/test_security_regression.py::TestTokenReplayDetection::test_different_ip_triggers_replay_detection
tests/security/test_security_regression.py::TestTokenReplayDetection::test_revoked_token_rejected
  /Library/Frameworks/Python.framework/Versions/3.14/lib/python3.14/site-packages/jwt/api_jwt.py:365: InsecureKeyLengthWarning: The HMAC key is 18 bytes long, which is below the minimum recommended length of 32 bytes for SHA256. See RFC 7518 Section 3.2.
    decoded = self.decode_complete(

tests/security/test_security_regression.py::TestJWTHardening::test_token_has_kid_claim
tests/security/test_security_regression.py::TestJWTHardening::test_token_has_aud_claim
tests/security/test_security_regression.py::TestJWTHardening::test_token_has_jti_claim
tests/security/test_security_regression.py::TestJWTHardening::test_token_has_nbf_claim
tests/security/test_security_regression.py::TestJWTHardening::test_token_has_tier_claim
tests/security/test_security_regression.py::TestJWTHardening::test_refresh_token_has_kid
  /Library/Frameworks/Python.framework/Versions/3.14/lib/python3.14/site-packages/jwt/api_jwt.py:147: InsecureKeyLengthWarning: The HMAC key is 25 bytes long, which is below the minimum recommended length of 32 bytes for SHA256. See RFC 7518 Section 3.2.
    return self._jws.encode(

tests/security/test_security_regression.py::TestJWTHardening::test_token_has_kid_claim
tests/security/test_security_regression.py::TestJWTHardening::test_token_has_aud_claim
tests/security/test_security_regression.py::TestJWTHardening::test_token_has_jti_claim
tests/security/test_security_regression.py::TestJWTHardening::test_token_has_nbf_claim
tests/security/test_security_regression.py::TestJWTHardening::test_token_has_tier_claim
tests/security/test_security_regression.py::TestJWTHardening::test_refresh_token_has_kid
  /Library/Frameworks/Python.framework/Versions/3.14/lib/python3.14/site-packages/jwt/api_jwt.py:365: InsecureKeyLengthWarning: The HMAC key is 25 bytes long, which is below the minimum recommended length of 32 bytes for SHA256. See RFC 7518 Section 3.2.
    decoded = self.decode_complete(

tests/security/test_security_regression.py::TestJWTRefreshRotation::test_refresh_token_issued
tests/security/test_security_regression.py::TestJWTRefreshRotation::test_second_refresh_revokes_first
tests/security/test_security_regression.py::TestJWTRefreshRotation::test_revoked_refresh_rejected
  /Library/Frameworks/Python.framework/Versions/3.14/lib/python3.14/site-packages/jwt/api_jwt.py:147: InsecureKeyLengthWarning: The HMAC key is 21 bytes long, which is below the minimum recommended length of 32 bytes for SHA256. See RFC 7518 Section 3.2.
    return self._jws.encode(

tests/security/test_security_regression.py::TestJWTRefreshRotation::test_refresh_token_issued
tests/security/test_security_regression.py::TestJWTRefreshRotation::test_second_refresh_revokes_first
tests/security/test_security_regression.py::TestJWTRefreshRotation::test_revoked_refresh_rejected
  /Library/Frameworks/Python.framework/Versions/3.14/lib/python3.14/site-packages/jwt/api_jwt.py:365: InsecureKeyLengthWarning: The HMAC key is 21 bytes long, which is below the minimum recommended length of 32 bytes for SHA256. See RFC 7518 Section 3.2.
    decoded = self.decode_complete(

-- Docs: https://docs.pytest.org/en/stable/how-to/capture-warnings.html
[33m=== [32m1749 passed[0m, [33m[1m56 skipped[0m, [33m[1m257 deselected[0m, [33m[1m50 warnings[0m[33m in 64.24s (0:01:04)[0m[33m ===[0m
